[3.967s] Invoking command in '/home/nvidia/ros2_rlbike/src/rlbike': PYTHONPATH=/home/nvidia/ros2_rlbike/install/rlbike/lib/python3.6/site-packages:${PYTHONPATH} /usr/bin/python3 setup.py egg_info --egg-base ../../build/rlbike build --build-base /home/nvidia/ros2_rlbike/build/rlbike/build install --prefix /home/nvidia/ros2_rlbike/install/rlbike --record /home/nvidia/ros2_rlbike/build/rlbike/install.log --single-version-externally-managed
[5.347s] /home/nvidia/.local/lib/python3.6/site-packages/setuptools/dist.py:726: UserWarning: Usage of dash-separated 'script-dir' will not be supported in future versions. Please use the underscore name 'script_dir' instead
[5.347s]   % (opt, underscore_opt)
[5.350s] /home/nvidia/.local/lib/python3.6/site-packages/setuptools/dist.py:726: UserWarning: Usage of dash-separated 'install-scripts' will not be supported in future versions. Please use the underscore name 'install_scripts' instead
[5.351s]   % (opt, underscore_opt)
[5.518s] running egg_info
[5.521s] writing ../../build/rlbike/rlbike.egg-info/PKG-INFO
[5.523s] writing dependency_links to ../../build/rlbike/rlbike.egg-info/dependency_links.txt
[5.524s] writing entry points to ../../build/rlbike/rlbike.egg-info/entry_points.txt
[5.524s] writing requirements to ../../build/rlbike/rlbike.egg-info/requires.txt
[5.525s] writing top-level names to ../../build/rlbike/rlbike.egg-info/top_level.txt
[5.538s] reading manifest file '../../build/rlbike/rlbike.egg-info/SOURCES.txt'
[5.544s] writing manifest file '../../build/rlbike/rlbike.egg-info/SOURCES.txt'
[5.545s] running build
[5.546s] running build_py
[5.547s] copying rlbike/run.py -> /home/nvidia/ros2_rlbike/build/rlbike/build/lib/rlbike
[5.547s] running install
[5.548s] /home/nvidia/.local/lib/python3.6/site-packages/setuptools/command/install.py:37: SetuptoolsDeprecationWarning: setup.py install is deprecated. Use build and pip and other standards-based tools.
[5.549s]   setuptools.SetuptoolsDeprecationWarning,
[5.550s] running install_lib
[5.551s] copying /home/nvidia/ros2_rlbike/build/rlbike/build/lib/rlbike/run.py -> /home/nvidia/ros2_rlbike/install/rlbike/lib/python3.6/site-packages/rlbike
[5.553s] byte-compiling /home/nvidia/ros2_rlbike/install/rlbike/lib/python3.6/site-packages/rlbike/run.py to run.cpython-36.pyc
[5.561s] running install_data
[5.563s] running install_egg_info
[5.569s] removing '/home/nvidia/ros2_rlbike/install/rlbike/lib/python3.6/site-packages/rlbike-0.0.0-py3.6.egg-info' (and everything under it)
[5.570s] Copying ../../build/rlbike/rlbike.egg-info to /home/nvidia/ros2_rlbike/install/rlbike/lib/python3.6/site-packages/rlbike-0.0.0-py3.6.egg-info
[5.574s] running install_scripts
[5.646s] Installing run script to /home/nvidia/ros2_rlbike/install/rlbike/lib/rlbike
[5.648s] writing list of installed files to '/home/nvidia/ros2_rlbike/build/rlbike/install.log'
[5.762s] Invoked command in '/home/nvidia/ros2_rlbike/src/rlbike' returned '0': PYTHONPATH=/home/nvidia/ros2_rlbike/install/rlbike/lib/python3.6/site-packages:${PYTHONPATH} /usr/bin/python3 setup.py egg_info --egg-base ../../build/rlbike build --build-base /home/nvidia/ros2_rlbike/build/rlbike/build install --prefix /home/nvidia/ros2_rlbike/install/rlbike --record /home/nvidia/ros2_rlbike/build/rlbike/install.log --single-version-externally-managed
