[1.247s] DEBUG:colcon:Command line arguments: ['/usr/bin/colcon', 'build']
[1.248s] DEBUG:colcon:Parsed command line arguments: Namespace(allow_overriding=[], ament_cmake_args=None, base_paths=['.'], build_base='build', catkin_cmake_args=None, catkin_skip_building_tests=False, cmake_args=None, cmake_clean_cache=False, cmake_clean_first=False, cmake_force_configure=False, cmake_target=None, cmake_target_skip_unavailable=False, continue_on_error=False, event_handlers=None, executor='parallel', ignore_user_meta=False, install_base='install', log_base=None, log_level=None, main=<bound method BuildVerb.main of <colcon_core.verb.build.BuildVerb object at 0x7fa995ca58>>, merge_install=False, metas=['./colcon.meta'], packages_above=None, packages_above_and_dependencies=None, packages_above_depth=None, packages_end=None, packages_ignore=None, packages_ignore_regex=None, packages_select=None, packages_select_build_failed=False, packages_select_by_dep=None, packages_select_regex=None, packages_select_test_failures=False, packages_skip=None, packages_skip_build_finished=False, packages_skip_by_dep=None, packages_skip_regex=None, packages_skip_test_passed=False, packages_skip_up_to=None, packages_start=None, packages_up_to=None, packages_up_to_regex=None, parallel_workers=4, paths=None, symlink_install=False, test_result_base=None, verb_extension=<colcon_core.verb.build.BuildVerb object at 0x7fa995ca58>, verb_name='build', verb_parser=<colcon_defaults.argument_parser.defaults.DefaultArgumentsDecorator object at 0x7fa97c36a0>)
[1.340s] Level 1:colcon.colcon_core.package_discovery:discover_packages(colcon_meta) check parameters
[1.341s] Level 1:colcon.colcon_core.package_discovery:discover_packages(recursive) check parameters
[1.341s] Level 1:colcon.colcon_core.package_discovery:discover_packages(ignore) check parameters
[1.341s] Level 1:colcon.colcon_core.package_discovery:discover_packages(path) check parameters
[1.341s] Level 1:colcon.colcon_core.package_discovery:discover_packages(colcon_meta) discover
[1.343s] Level 1:colcon.colcon_core.package_discovery:discover_packages(recursive) discover
[1.343s] INFO:colcon.colcon_core.package_discovery:Crawling recursively for packages in '/home/nvidia/ros2_rlbike'
[1.343s] Level 1:colcon.colcon_core.package_identification:_identify(.) by extensions ['ignore', 'ignore_ament_install']
[1.343s] Level 1:colcon.colcon_core.package_identification:_identify(.) by extension 'ignore'
[1.344s] Level 1:colcon.colcon_core.package_identification:_identify(.) by extension 'ignore_ament_install'
[1.344s] Level 1:colcon.colcon_core.package_identification:_identify(.) by extensions ['colcon_pkg']
[1.344s] Level 1:colcon.colcon_core.package_identification:_identify(.) by extension 'colcon_pkg'
[1.345s] Level 1:colcon.colcon_core.package_identification:_identify(.) by extensions ['colcon_meta']
[1.345s] Level 1:colcon.colcon_core.package_identification:_identify(.) by extension 'colcon_meta'
[1.345s] Level 1:colcon.colcon_core.package_identification:_identify(.) by extensions ['ros']
[1.345s] Level 1:colcon.colcon_core.package_identification:_identify(.) by extension 'ros'
[1.517s] Level 1:colcon.colcon_core.package_identification:_identify(.) by extensions ['cmake', 'python']
[1.518s] Level 1:colcon.colcon_core.package_identification:_identify(.) by extension 'cmake'
[1.518s] Level 1:colcon.colcon_core.package_identification:_identify(.) by extension 'python'
[1.519s] Level 1:colcon.colcon_core.package_identification:_identify(.) by extensions ['python_setup_py']
[1.519s] Level 1:colcon.colcon_core.package_identification:_identify(.) by extension 'python_setup_py'
[1.519s] Level 1:colcon.colcon_core.package_identification:_identify(build) by extensions ['ignore', 'ignore_ament_install']
[1.520s] Level 1:colcon.colcon_core.package_identification:_identify(build) by extension 'ignore'
[1.520s] Level 1:colcon.colcon_core.package_identification:_identify(build) ignored
[1.522s] Level 1:colcon.colcon_core.package_identification:_identify(install) by extensions ['ignore', 'ignore_ament_install']
[1.522s] Level 1:colcon.colcon_core.package_identification:_identify(install) by extension 'ignore'
[1.522s] Level 1:colcon.colcon_core.package_identification:_identify(install) ignored
[1.523s] Level 1:colcon.colcon_core.package_identification:_identify(log) by extensions ['ignore', 'ignore_ament_install']
[1.524s] Level 1:colcon.colcon_core.package_identification:_identify(log) by extension 'ignore'
[1.524s] Level 1:colcon.colcon_core.package_identification:_identify(log) ignored
[1.524s] Level 1:colcon.colcon_core.package_identification:_identify(src) by extensions ['ignore', 'ignore_ament_install']
[1.525s] Level 1:colcon.colcon_core.package_identification:_identify(src) by extension 'ignore'
[1.525s] Level 1:colcon.colcon_core.package_identification:_identify(src) by extension 'ignore_ament_install'
[1.525s] Level 1:colcon.colcon_core.package_identification:_identify(src) by extensions ['colcon_pkg']
[1.526s] Level 1:colcon.colcon_core.package_identification:_identify(src) by extension 'colcon_pkg'
[1.526s] Level 1:colcon.colcon_core.package_identification:_identify(src) by extensions ['colcon_meta']
[1.526s] Level 1:colcon.colcon_core.package_identification:_identify(src) by extension 'colcon_meta'
[1.526s] Level 1:colcon.colcon_core.package_identification:_identify(src) by extensions ['ros']
[1.526s] Level 1:colcon.colcon_core.package_identification:_identify(src) by extension 'ros'
[1.527s] Level 1:colcon.colcon_core.package_identification:_identify(src) by extensions ['cmake', 'python']
[1.527s] Level 1:colcon.colcon_core.package_identification:_identify(src) by extension 'cmake'
[1.527s] Level 1:colcon.colcon_core.package_identification:_identify(src) by extension 'python'
[1.527s] Level 1:colcon.colcon_core.package_identification:_identify(src) by extensions ['python_setup_py']
[1.527s] Level 1:colcon.colcon_core.package_identification:_identify(src) by extension 'python_setup_py'
[1.528s] Level 1:colcon.colcon_core.package_identification:_identify(src/rlbike) by extensions ['ignore', 'ignore_ament_install']
[1.529s] Level 1:colcon.colcon_core.package_identification:_identify(src/rlbike) by extension 'ignore'
[1.529s] Level 1:colcon.colcon_core.package_identification:_identify(src/rlbike) by extension 'ignore_ament_install'
[1.529s] Level 1:colcon.colcon_core.package_identification:_identify(src/rlbike) by extensions ['colcon_pkg']
[1.530s] Level 1:colcon.colcon_core.package_identification:_identify(src/rlbike) by extension 'colcon_pkg'
[1.530s] Level 1:colcon.colcon_core.package_identification:_identify(src/rlbike) by extensions ['colcon_meta']
[1.530s] Level 1:colcon.colcon_core.package_identification:_identify(src/rlbike) by extension 'colcon_meta'
[1.530s] Level 1:colcon.colcon_core.package_identification:_identify(src/rlbike) by extensions ['ros']
[1.531s] Level 1:colcon.colcon_core.package_identification:_identify(src/rlbike) by extension 'ros'
[1.542s] DEBUG:colcon.colcon_core.package_identification:Package 'src/rlbike' with type 'ros.ament_python' and name 'rlbike'
[1.542s] Level 1:colcon.colcon_core.package_discovery:discover_packages(recursive) using defaults
[1.543s] Level 1:colcon.colcon_core.package_discovery:discover_packages(ignore) discover
[1.543s] Level 1:colcon.colcon_core.package_discovery:discover_packages(ignore) using defaults
[1.543s] Level 1:colcon.colcon_core.package_discovery:discover_packages(path) discover
[1.543s] Level 1:colcon.colcon_core.package_discovery:discover_packages(path) using defaults
[1.633s] Level 1:colcon.colcon_core.package_discovery:discover_packages(prefix_path) check parameters
[1.633s] Level 1:colcon.colcon_core.package_discovery:discover_packages(prefix_path) discover
[1.643s] DEBUG:colcon.colcon_installed_package_information.package_discovery:Found 1 installed packages in /home/nvidia/ros2_rlbike/install
[1.647s] DEBUG:colcon.colcon_installed_package_information.package_discovery:Found 141 installed packages in /opt/ros/eloquent
[1.656s] Level 1:colcon.colcon_core.package_discovery:discover_packages(prefix_path) using defaults
[1.826s] Level 5:colcon.colcon_core.verb:set package 'rlbike' build argument 'cmake_args' from command line to 'None'
[1.826s] Level 5:colcon.colcon_core.verb:set package 'rlbike' build argument 'cmake_target' from command line to 'None'
[1.826s] Level 5:colcon.colcon_core.verb:set package 'rlbike' build argument 'cmake_target_skip_unavailable' from command line to 'False'
[1.827s] Level 5:colcon.colcon_core.verb:set package 'rlbike' build argument 'cmake_clean_cache' from command line to 'False'
[1.827s] Level 5:colcon.colcon_core.verb:set package 'rlbike' build argument 'cmake_clean_first' from command line to 'False'
[1.827s] Level 5:colcon.colcon_core.verb:set package 'rlbike' build argument 'cmake_force_configure' from command line to 'False'
[1.827s] Level 5:colcon.colcon_core.verb:set package 'rlbike' build argument 'ament_cmake_args' from command line to 'None'
[1.827s] Level 5:colcon.colcon_core.verb:set package 'rlbike' build argument 'catkin_cmake_args' from command line to 'None'
[1.827s] Level 5:colcon.colcon_core.verb:set package 'rlbike' build argument 'catkin_skip_building_tests' from command line to 'False'
[1.827s] DEBUG:colcon.colcon_core.verb:Building package 'rlbike' with the following arguments: {'ament_cmake_args': None, 'build_base': '/home/nvidia/ros2_rlbike/build/rlbike', 'catkin_cmake_args': None, 'catkin_skip_building_tests': False, 'cmake_args': None, 'cmake_clean_cache': False, 'cmake_clean_first': False, 'cmake_force_configure': False, 'cmake_target': None, 'cmake_target_skip_unavailable': False, 'install_base': '/home/nvidia/ros2_rlbike/install/rlbike', 'merge_install': False, 'path': '/home/nvidia/ros2_rlbike/src/rlbike', 'symlink_install': False, 'test_result_base': None}
[1.829s] INFO:colcon.colcon_core.executor:Executing jobs using 'parallel' executor
[1.838s] DEBUG:colcon.colcon_parallel_executor.executor.parallel:run_until_complete
[1.839s] INFO:colcon.colcon_ros.task.ament_python.build:Building ROS package in '/home/nvidia/ros2_rlbike/src/rlbike' with build type 'ament_python'
[1.839s] Level 1:colcon.colcon_core.shell:create_environment_hook('rlbike', 'ament_prefix_path')
[1.853s] INFO:colcon.colcon_core.plugin_system:Skipping extension 'colcon_core.shell.bat': Not used on non-Windows systems
[1.855s] INFO:colcon.colcon_core.shell:Creating environment hook '/home/nvidia/ros2_rlbike/install/rlbike/share/rlbike/hook/ament_prefix_path.ps1'
[1.858s] INFO:colcon.colcon_core.shell:Creating environment descriptor '/home/nvidia/ros2_rlbike/install/rlbike/share/rlbike/hook/ament_prefix_path.dsv'
[1.859s] INFO:colcon.colcon_core.shell:Creating environment hook '/home/nvidia/ros2_rlbike/install/rlbike/share/rlbike/hook/ament_prefix_path.sh'
[1.864s] INFO:colcon.colcon_core.shell:Skip shell extension 'powershell' for command environment: Not usable outside of PowerShell
[1.864s] DEBUG:colcon.colcon_core.shell:Skip shell extension 'dsv' for command environment
[3.354s] INFO:colcon.colcon_core.task.python.build:Building Python package in '/home/nvidia/ros2_rlbike/src/rlbike'
[3.358s] INFO:colcon.colcon_core.shell:Skip shell extension 'powershell' for command environment: Not usable outside of PowerShell
[3.359s] DEBUG:colcon.colcon_core.shell:Skip shell extension 'dsv' for command environment
[5.587s] DEBUG:colcon.colcon_core.event_handler.log_command:Invoking command in '/home/nvidia/ros2_rlbike/src/rlbike': PYTHONPATH=/home/nvidia/ros2_rlbike/install/rlbike/lib/python3.6/site-packages:${PYTHONPATH} /usr/bin/python3 setup.py egg_info --egg-base ../../build/rlbike build --build-base /home/nvidia/ros2_rlbike/build/rlbike/build install --prefix /home/nvidia/ros2_rlbike/install/rlbike --record /home/nvidia/ros2_rlbike/build/rlbike/install.log --single-version-externally-managed
[7.478s] DEBUG:colcon.colcon_core.event_handler.log_command:Invoked command in '/home/nvidia/ros2_rlbike/src/rlbike' returned '0': PYTHONPATH=/home/nvidia/ros2_rlbike/install/rlbike/lib/python3.6/site-packages:${PYTHONPATH} /usr/bin/python3 setup.py egg_info --egg-base ../../build/rlbike build --build-base /home/nvidia/ros2_rlbike/build/rlbike/build install --prefix /home/nvidia/ros2_rlbike/install/rlbike --record /home/nvidia/ros2_rlbike/build/rlbike/install.log --single-version-externally-managed
[7.497s] Level 1:colcon.colcon_core.environment:checking '/home/nvidia/ros2_rlbike/install/rlbike' for CMake module files
[7.500s] Level 1:colcon.colcon_core.environment:checking '/home/nvidia/ros2_rlbike/install/rlbike' for CMake config files
[7.504s] Level 1:colcon.colcon_core.environment:checking '/home/nvidia/ros2_rlbike/install/rlbike/lib'
[7.505s] Level 1:colcon.colcon_core.environment:checking '/home/nvidia/ros2_rlbike/install/rlbike/bin'
[7.505s] Level 1:colcon.colcon_core.environment:checking '/home/nvidia/ros2_rlbike/install/rlbike/lib/pkgconfig/rlbike.pc'
[7.506s] Level 1:colcon.colcon_core.environment:checking '/home/nvidia/ros2_rlbike/install/rlbike/lib/python3.6/site-packages'
[7.507s] Level 1:colcon.colcon_core.shell:create_environment_hook('rlbike', 'pythonpath')
[7.510s] INFO:colcon.colcon_core.shell:Creating environment hook '/home/nvidia/ros2_rlbike/install/rlbike/share/rlbike/hook/pythonpath.ps1'
[7.512s] INFO:colcon.colcon_core.shell:Creating environment descriptor '/home/nvidia/ros2_rlbike/install/rlbike/share/rlbike/hook/pythonpath.dsv'
[7.514s] INFO:colcon.colcon_core.shell:Creating environment hook '/home/nvidia/ros2_rlbike/install/rlbike/share/rlbike/hook/pythonpath.sh'
[7.517s] Level 1:colcon.colcon_core.environment:checking '/home/nvidia/ros2_rlbike/install/rlbike/bin'
[7.517s] Level 1:colcon.colcon_core.environment:create_environment_scripts_only(rlbike)
[7.521s] INFO:colcon.colcon_core.shell:Creating package script '/home/nvidia/ros2_rlbike/install/rlbike/share/rlbike/package.ps1'
[7.525s] INFO:colcon.colcon_core.shell:Creating package descriptor '/home/nvidia/ros2_rlbike/install/rlbike/share/rlbike/package.dsv'
[7.528s] INFO:colcon.colcon_core.shell:Creating package script '/home/nvidia/ros2_rlbike/install/rlbike/share/rlbike/package.sh'
[7.532s] INFO:colcon.colcon_core.shell:Creating package script '/home/nvidia/ros2_rlbike/install/rlbike/share/rlbike/package.bash'
[7.536s] INFO:colcon.colcon_core.shell:Creating package script '/home/nvidia/ros2_rlbike/install/rlbike/share/rlbike/package.zsh'
[7.540s] Level 1:colcon.colcon_core.environment:create_file_with_runtime_dependencies(/home/nvidia/ros2_rlbike/install/rlbike/share/colcon-core/packages/rlbike)
[7.542s] DEBUG:colcon.colcon_parallel_executor.executor.parallel:closing loop
[7.544s] DEBUG:colcon.colcon_parallel_executor.executor.parallel:loop closed
[7.544s] DEBUG:colcon.colcon_parallel_executor.executor.parallel:run_until_complete finished with '0'
[7.548s] DEBUG:colcon.colcon_core.event_reactor:joining thread
[7.578s] INFO:colcon.colcon_core.plugin_system:Skipping extension 'colcon_notification.desktop_notification.terminal_notifier': Not used on non-Darwin systems
[7.579s] INFO:colcon.colcon_core.plugin_system:Skipping extension 'colcon_notification.desktop_notification.win32': Not used on non-Windows systems
[7.579s] INFO:colcon.colcon_notification.desktop_notification:Sending desktop notification using 'notify2'
[7.786s] DEBUG:colcon.colcon_core.event_reactor:joined thread
[7.790s] INFO:colcon.colcon_core.shell:Creating prefix script '/home/nvidia/ros2_rlbike/install/local_setup.ps1'
[7.795s] INFO:colcon.colcon_core.shell:Creating prefix util module '/home/nvidia/ros2_rlbike/install/_local_setup_util_ps1.py'
[7.828s] INFO:colcon.colcon_core.shell:Creating prefix chain script '/home/nvidia/ros2_rlbike/install/setup.ps1'
[7.838s] INFO:colcon.colcon_core.shell:Creating prefix script '/home/nvidia/ros2_rlbike/install/local_setup.sh'
[7.842s] INFO:colcon.colcon_core.shell:Creating prefix util module '/home/nvidia/ros2_rlbike/install/_local_setup_util_sh.py'
[7.856s] INFO:colcon.colcon_core.shell:Creating prefix chain script '/home/nvidia/ros2_rlbike/install/setup.sh'
[7.875s] INFO:colcon.colcon_core.shell:Creating prefix script '/home/nvidia/ros2_rlbike/install/local_setup.bash'
[7.880s] INFO:colcon.colcon_core.shell:Creating prefix chain script '/home/nvidia/ros2_rlbike/install/setup.bash'
[7.904s] INFO:colcon.colcon_core.shell:Creating prefix script '/home/nvidia/ros2_rlbike/install/local_setup.zsh'
[7.912s] INFO:colcon.colcon_core.shell:Creating prefix chain script '/home/nvidia/ros2_rlbike/install/setup.zsh'
