[4.396s] Invoking command in '/home/nvidia/ros2_rlbike/src/rlbike': PYTHONPATH=/home/nvidia/ros2_rlbike/install/rlbike/lib/python3.6/site-packages:${PYTHONPATH} /usr/bin/python3 setup.py egg_info --egg-base ../../build/rlbike build --build-base /home/nvidia/ros2_rlbike/build/rlbike/build install --prefix /home/nvidia/ros2_rlbike/install/rlbike --record /home/nvidia/ros2_rlbike/build/rlbike/install.log --single-version-externally-managed
[5.742s] /home/nvidia/.local/lib/python3.6/site-packages/setuptools/dist.py:726: UserWarning: Usage of dash-separated 'script-dir' will not be supported in future versions. Please use the underscore name 'script_dir' instead
[5.743s]   % (opt, underscore_opt)
[5.743s] /home/nvidia/.local/lib/python3.6/site-packages/setuptools/dist.py:726: UserWarning: Usage of dash-separated 'install-scripts' will not be supported in future versions. Please use the underscore name 'install_scripts' instead
[5.744s]   % (opt, underscore_opt)
[5.903s] running egg_info
[5.906s] writing ../../build/rlbike/rlbike.egg-info/PKG-INFO
[5.909s] writing dependency_links to ../../build/rlbike/rlbike.egg-info/dependency_links.txt
[5.910s] writing entry points to ../../build/rlbike/rlbike.egg-info/entry_points.txt
[5.910s] writing requirements to ../../build/rlbike/rlbike.egg-info/requires.txt
[5.911s] writing top-level names to ../../build/rlbike/rlbike.egg-info/top_level.txt
[5.924s] reading manifest file '../../build/rlbike/rlbike.egg-info/SOURCES.txt'
[5.929s] writing manifest file '../../build/rlbike/rlbike.egg-info/SOURCES.txt'
[5.930s] running build
[5.930s] running build_py
[5.931s] running install
[5.932s] /home/nvidia/.local/lib/python3.6/site-packages/setuptools/command/install.py:37: SetuptoolsDeprecationWarning: setup.py install is deprecated. Use build and pip and other standards-based tools.
[5.933s]   setuptools.SetuptoolsDeprecationWarning,
[5.933s] running install_lib
[5.938s] running install_data
[5.940s] running install_egg_info
[5.946s] removing '/home/nvidia/ros2_rlbike/install/rlbike/lib/python3.6/site-packages/rlbike-0.0.0-py3.6.egg-info' (and everything under it)
[5.947s] Copying ../../build/rlbike/rlbike.egg-info to /home/nvidia/ros2_rlbike/install/rlbike/lib/python3.6/site-packages/rlbike-0.0.0-py3.6.egg-info
[5.952s] running install_scripts
[6.018s] Installing run script to /home/nvidia/ros2_rlbike/install/rlbike/lib/rlbike
[6.019s] writing list of installed files to '/home/nvidia/ros2_rlbike/build/rlbike/install.log'
[6.127s] Invoked command in '/home/nvidia/ros2_rlbike/src/rlbike' returned '0': PYTHONPATH=/home/nvidia/ros2_rlbike/install/rlbike/lib/python3.6/site-packages:${PYTHONPATH} /usr/bin/python3 setup.py egg_info --egg-base ../../build/rlbike build --build-base /home/nvidia/ros2_rlbike/build/rlbike/build install --prefix /home/nvidia/ros2_rlbike/install/rlbike --record /home/nvidia/ros2_rlbike/build/rlbike/install.log --single-version-externally-managed
