[1.464s] DEBUG:colcon:Command line arguments: ['/usr/bin/colcon', 'build']
[1.464s] DEBUG:colcon:Parsed command line arguments: Namespace(allow_overriding=[], ament_cmake_args=None, base_paths=['.'], build_base='build', catkin_cmake_args=None, catkin_skip_building_tests=False, cmake_args=None, cmake_clean_cache=False, cmake_clean_first=False, cmake_force_configure=False, cmake_target=None, cmake_target_skip_unavailable=False, continue_on_error=False, event_handlers=None, executor='parallel', ignore_user_meta=False, install_base='install', log_base=None, log_level=None, main=<bound method BuildVerb.main of <colcon_core.verb.build.BuildVerb object at 0x7f79bf3c88>>, merge_install=False, metas=['./colcon.meta'], packages_above=None, packages_above_and_dependencies=None, packages_above_depth=None, packages_end=None, packages_ignore=None, packages_ignore_regex=None, packages_select=None, packages_select_build_failed=False, packages_select_by_dep=None, packages_select_regex=None, packages_select_test_failures=False, packages_skip=None, packages_skip_build_finished=False, packages_skip_by_dep=None, packages_skip_regex=None, packages_skip_test_passed=False, packages_skip_up_to=None, packages_start=None, packages_up_to=None, packages_up_to_regex=None, parallel_workers=4, paths=None, symlink_install=False, test_result_base=None, verb_extension=<colcon_core.verb.build.BuildVerb object at 0x7f79bf3c88>, verb_name='build', verb_parser=<colcon_defaults.argument_parser.defaults.DefaultArgumentsDecorator object at 0x7f79a5b7b8>)
[1.565s] Level 1:colcon.colcon_core.package_discovery:discover_packages(colcon_meta) check parameters
[1.566s] Level 1:colcon.colcon_core.package_discovery:discover_packages(recursive) check parameters
[1.566s] Level 1:colcon.colcon_core.package_discovery:discover_packages(ignore) check parameters
[1.566s] Level 1:colcon.colcon_core.package_discovery:discover_packages(path) check parameters
[1.566s] Level 1:colcon.colcon_core.package_discovery:discover_packages(colcon_meta) discover
[1.567s] Level 1:colcon.colcon_core.package_discovery:discover_packages(recursive) discover
[1.568s] INFO:colcon.colcon_core.package_discovery:Crawling recursively for packages in '/home/nvidia/ros2_rlbike'
[1.568s] Level 1:colcon.colcon_core.package_identification:_identify(.) by extensions ['ignore', 'ignore_ament_install']
[1.568s] Level 1:colcon.colcon_core.package_identification:_identify(.) by extension 'ignore'
[1.569s] Level 1:colcon.colcon_core.package_identification:_identify(.) by extension 'ignore_ament_install'
[1.569s] Level 1:colcon.colcon_core.package_identification:_identify(.) by extensions ['colcon_pkg']
[1.569s] Level 1:colcon.colcon_core.package_identification:_identify(.) by extension 'colcon_pkg'
[1.569s] Level 1:colcon.colcon_core.package_identification:_identify(.) by extensions ['colcon_meta']
[1.570s] Level 1:colcon.colcon_core.package_identification:_identify(.) by extension 'colcon_meta'
[1.570s] Level 1:colcon.colcon_core.package_identification:_identify(.) by extensions ['ros']
[1.570s] Level 1:colcon.colcon_core.package_identification:_identify(.) by extension 'ros'
[1.742s] Level 1:colcon.colcon_core.package_identification:_identify(.) by extensions ['cmake', 'python']
[1.742s] Level 1:colcon.colcon_core.package_identification:_identify(.) by extension 'cmake'
[1.743s] Level 1:colcon.colcon_core.package_identification:_identify(.) by extension 'python'
[1.743s] Level 1:colcon.colcon_core.package_identification:_identify(.) by extensions ['python_setup_py']
[1.743s] Level 1:colcon.colcon_core.package_identification:_identify(.) by extension 'python_setup_py'
[1.744s] Level 1:colcon.colcon_core.package_identification:_identify(build) by extensions ['ignore', 'ignore_ament_install']
[1.744s] Level 1:colcon.colcon_core.package_identification:_identify(build) by extension 'ignore'
[1.744s] Level 1:colcon.colcon_core.package_identification:_identify(build) ignored
[1.746s] Level 1:colcon.colcon_core.package_identification:_identify(install) by extensions ['ignore', 'ignore_ament_install']
[1.746s] Level 1:colcon.colcon_core.package_identification:_identify(install) by extension 'ignore'
[1.746s] Level 1:colcon.colcon_core.package_identification:_identify(install) ignored
[1.747s] Level 1:colcon.colcon_core.package_identification:_identify(log) by extensions ['ignore', 'ignore_ament_install']
[1.747s] Level 1:colcon.colcon_core.package_identification:_identify(log) by extension 'ignore'
[1.747s] Level 1:colcon.colcon_core.package_identification:_identify(log) ignored
[1.747s] Level 1:colcon.colcon_core.package_identification:_identify(src) by extensions ['ignore', 'ignore_ament_install']
[1.748s] Level 1:colcon.colcon_core.package_identification:_identify(src) by extension 'ignore'
[1.748s] Level 1:colcon.colcon_core.package_identification:_identify(src) by extension 'ignore_ament_install'
[1.748s] Level 1:colcon.colcon_core.package_identification:_identify(src) by extensions ['colcon_pkg']
[1.748s] Level 1:colcon.colcon_core.package_identification:_identify(src) by extension 'colcon_pkg'
[1.748s] Level 1:colcon.colcon_core.package_identification:_identify(src) by extensions ['colcon_meta']
[1.749s] Level 1:colcon.colcon_core.package_identification:_identify(src) by extension 'colcon_meta'
[1.749s] Level 1:colcon.colcon_core.package_identification:_identify(src) by extensions ['ros']
[1.749s] Level 1:colcon.colcon_core.package_identification:_identify(src) by extension 'ros'
[1.749s] Level 1:colcon.colcon_core.package_identification:_identify(src) by extensions ['cmake', 'python']
[1.750s] Level 1:colcon.colcon_core.package_identification:_identify(src) by extension 'cmake'
[1.750s] Level 1:colcon.colcon_core.package_identification:_identify(src) by extension 'python'
[1.750s] Level 1:colcon.colcon_core.package_identification:_identify(src) by extensions ['python_setup_py']
[1.750s] Level 1:colcon.colcon_core.package_identification:_identify(src) by extension 'python_setup_py'
[1.751s] Level 1:colcon.colcon_core.package_identification:_identify(src/rlbike) by extensions ['ignore', 'ignore_ament_install']
[1.751s] Level 1:colcon.colcon_core.package_identification:_identify(src/rlbike) by extension 'ignore'
[1.751s] Level 1:colcon.colcon_core.package_identification:_identify(src/rlbike) by extension 'ignore_ament_install'
[1.751s] Level 1:colcon.colcon_core.package_identification:_identify(src/rlbike) by extensions ['colcon_pkg']
[1.752s] Level 1:colcon.colcon_core.package_identification:_identify(src/rlbike) by extension 'colcon_pkg'
[1.752s] Level 1:colcon.colcon_core.package_identification:_identify(src/rlbike) by extensions ['colcon_meta']
[1.752s] Level 1:colcon.colcon_core.package_identification:_identify(src/rlbike) by extension 'colcon_meta'
[1.752s] Level 1:colcon.colcon_core.package_identification:_identify(src/rlbike) by extensions ['ros']
[1.752s] Level 1:colcon.colcon_core.package_identification:_identify(src/rlbike) by extension 'ros'
[1.762s] DEBUG:colcon.colcon_core.package_identification:Package 'src/rlbike' with type 'ros.ament_python' and name 'rlbike'
[1.762s] Level 1:colcon.colcon_core.package_discovery:discover_packages(recursive) using defaults
[1.763s] Level 1:colcon.colcon_core.package_discovery:discover_packages(ignore) discover
[1.763s] Level 1:colcon.colcon_core.package_discovery:discover_packages(ignore) using defaults
[1.763s] Level 1:colcon.colcon_core.package_discovery:discover_packages(path) discover
[1.763s] Level 1:colcon.colcon_core.package_discovery:discover_packages(path) using defaults
[1.860s] Level 1:colcon.colcon_core.package_discovery:discover_packages(prefix_path) check parameters
[1.860s] Level 1:colcon.colcon_core.package_discovery:discover_packages(prefix_path) discover
[1.873s] DEBUG:colcon.colcon_installed_package_information.package_discovery:Found 1 installed packages in /home/nvidia/ros2_rlbike/install
[1.879s] DEBUG:colcon.colcon_installed_package_information.package_discovery:Found 141 installed packages in /opt/ros/eloquent
[1.890s] Level 1:colcon.colcon_core.package_discovery:discover_packages(prefix_path) using defaults
[2.090s] Level 5:colcon.colcon_core.verb:set package 'rlbike' build argument 'cmake_args' from command line to 'None'
[2.090s] Level 5:colcon.colcon_core.verb:set package 'rlbike' build argument 'cmake_target' from command line to 'None'
[2.091s] Level 5:colcon.colcon_core.verb:set package 'rlbike' build argument 'cmake_target_skip_unavailable' from command line to 'False'
[2.091s] Level 5:colcon.colcon_core.verb:set package 'rlbike' build argument 'cmake_clean_cache' from command line to 'False'
[2.091s] Level 5:colcon.colcon_core.verb:set package 'rlbike' build argument 'cmake_clean_first' from command line to 'False'
[2.091s] Level 5:colcon.colcon_core.verb:set package 'rlbike' build argument 'cmake_force_configure' from command line to 'False'
[2.091s] Level 5:colcon.colcon_core.verb:set package 'rlbike' build argument 'ament_cmake_args' from command line to 'None'
[2.091s] Level 5:colcon.colcon_core.verb:set package 'rlbike' build argument 'catkin_cmake_args' from command line to 'None'
[2.091s] Level 5:colcon.colcon_core.verb:set package 'rlbike' build argument 'catkin_skip_building_tests' from command line to 'False'
[2.092s] DEBUG:colcon.colcon_core.verb:Building package 'rlbike' with the following arguments: {'ament_cmake_args': None, 'build_base': '/home/nvidia/ros2_rlbike/build/rlbike', 'catkin_cmake_args': None, 'catkin_skip_building_tests': False, 'cmake_args': None, 'cmake_clean_cache': False, 'cmake_clean_first': False, 'cmake_force_configure': False, 'cmake_target': None, 'cmake_target_skip_unavailable': False, 'install_base': '/home/nvidia/ros2_rlbike/install/rlbike', 'merge_install': False, 'path': '/home/nvidia/ros2_rlbike/src/rlbike', 'symlink_install': False, 'test_result_base': None}
[2.093s] INFO:colcon.colcon_core.executor:Executing jobs using 'parallel' executor
[2.102s] DEBUG:colcon.colcon_parallel_executor.executor.parallel:run_until_complete
[2.103s] INFO:colcon.colcon_ros.task.ament_python.build:Building ROS package in '/home/nvidia/ros2_rlbike/src/rlbike' with build type 'ament_python'
[2.103s] Level 1:colcon.colcon_core.shell:create_environment_hook('rlbike', 'ament_prefix_path')
[2.121s] INFO:colcon.colcon_core.plugin_system:Skipping extension 'colcon_core.shell.bat': Not used on non-Windows systems
[2.123s] INFO:colcon.colcon_core.shell:Creating environment hook '/home/nvidia/ros2_rlbike/install/rlbike/share/rlbike/hook/ament_prefix_path.ps1'
[2.125s] INFO:colcon.colcon_core.shell:Creating environment descriptor '/home/nvidia/ros2_rlbike/install/rlbike/share/rlbike/hook/ament_prefix_path.dsv'
[2.127s] INFO:colcon.colcon_core.shell:Creating environment hook '/home/nvidia/ros2_rlbike/install/rlbike/share/rlbike/hook/ament_prefix_path.sh'
[2.132s] INFO:colcon.colcon_core.shell:Skip shell extension 'powershell' for command environment: Not usable outside of PowerShell
[2.132s] DEBUG:colcon.colcon_core.shell:Skip shell extension 'dsv' for command environment
[3.993s] INFO:colcon.colcon_core.task.python.build:Building Python package in '/home/nvidia/ros2_rlbike/src/rlbike'
[3.997s] INFO:colcon.colcon_core.shell:Skip shell extension 'powershell' for command environment: Not usable outside of PowerShell
[3.997s] DEBUG:colcon.colcon_core.shell:Skip shell extension 'dsv' for command environment
[6.502s] DEBUG:colcon.colcon_core.event_handler.log_command:Invoking command in '/home/nvidia/ros2_rlbike/src/rlbike': PYTHONPATH=/home/nvidia/ros2_rlbike/install/rlbike/lib/python3.6/site-packages:${PYTHONPATH} /usr/bin/python3 setup.py egg_info --egg-base ../../build/rlbike build --build-base /home/nvidia/ros2_rlbike/build/rlbike/build install --prefix /home/nvidia/ros2_rlbike/install/rlbike --record /home/nvidia/ros2_rlbike/build/rlbike/install.log --single-version-externally-managed
[8.233s] DEBUG:colcon.colcon_core.event_handler.log_command:Invoked command in '/home/nvidia/ros2_rlbike/src/rlbike' returned '0': PYTHONPATH=/home/nvidia/ros2_rlbike/install/rlbike/lib/python3.6/site-packages:${PYTHONPATH} /usr/bin/python3 setup.py egg_info --egg-base ../../build/rlbike build --build-base /home/nvidia/ros2_rlbike/build/rlbike/build install --prefix /home/nvidia/ros2_rlbike/install/rlbike --record /home/nvidia/ros2_rlbike/build/rlbike/install.log --single-version-externally-managed
[8.248s] Level 1:colcon.colcon_core.environment:checking '/home/nvidia/ros2_rlbike/install/rlbike' for CMake module files
[8.251s] Level 1:colcon.colcon_core.environment:checking '/home/nvidia/ros2_rlbike/install/rlbike' for CMake config files
[8.257s] Level 1:colcon.colcon_core.environment:checking '/home/nvidia/ros2_rlbike/install/rlbike/lib'
[8.259s] Level 1:colcon.colcon_core.environment:checking '/home/nvidia/ros2_rlbike/install/rlbike/bin'
[8.259s] Level 1:colcon.colcon_core.environment:checking '/home/nvidia/ros2_rlbike/install/rlbike/lib/pkgconfig/rlbike.pc'
[8.260s] Level 1:colcon.colcon_core.environment:checking '/home/nvidia/ros2_rlbike/install/rlbike/lib/python3.6/site-packages'
[8.260s] Level 1:colcon.colcon_core.shell:create_environment_hook('rlbike', 'pythonpath')
[8.263s] INFO:colcon.colcon_core.shell:Creating environment hook '/home/nvidia/ros2_rlbike/install/rlbike/share/rlbike/hook/pythonpath.ps1'
[8.265s] INFO:colcon.colcon_core.shell:Creating environment descriptor '/home/nvidia/ros2_rlbike/install/rlbike/share/rlbike/hook/pythonpath.dsv'
[8.266s] INFO:colcon.colcon_core.shell:Creating environment hook '/home/nvidia/ros2_rlbike/install/rlbike/share/rlbike/hook/pythonpath.sh'
[8.268s] Level 1:colcon.colcon_core.environment:checking '/home/nvidia/ros2_rlbike/install/rlbike/bin'
[8.268s] Level 1:colcon.colcon_core.environment:create_environment_scripts_only(rlbike)
[8.271s] INFO:colcon.colcon_core.shell:Creating package script '/home/nvidia/ros2_rlbike/install/rlbike/share/rlbike/package.ps1'
[8.275s] INFO:colcon.colcon_core.shell:Creating package descriptor '/home/nvidia/ros2_rlbike/install/rlbike/share/rlbike/package.dsv'
[8.277s] INFO:colcon.colcon_core.shell:Creating package script '/home/nvidia/ros2_rlbike/install/rlbike/share/rlbike/package.sh'
[8.281s] INFO:colcon.colcon_core.shell:Creating package script '/home/nvidia/ros2_rlbike/install/rlbike/share/rlbike/package.bash'
[8.284s] INFO:colcon.colcon_core.shell:Creating package script '/home/nvidia/ros2_rlbike/install/rlbike/share/rlbike/package.zsh'
[8.289s] Level 1:colcon.colcon_core.environment:create_file_with_runtime_dependencies(/home/nvidia/ros2_rlbike/install/rlbike/share/colcon-core/packages/rlbike)
[8.291s] DEBUG:colcon.colcon_parallel_executor.executor.parallel:closing loop
[8.292s] DEBUG:colcon.colcon_parallel_executor.executor.parallel:loop closed
[8.293s] DEBUG:colcon.colcon_parallel_executor.executor.parallel:run_until_complete finished with '0'
[8.293s] DEBUG:colcon.colcon_core.event_reactor:joining thread
[8.316s] INFO:colcon.colcon_core.plugin_system:Skipping extension 'colcon_notification.desktop_notification.terminal_notifier': Not used on non-Darwin systems
[8.317s] INFO:colcon.colcon_core.plugin_system:Skipping extension 'colcon_notification.desktop_notification.win32': Not used on non-Windows systems
[8.317s] INFO:colcon.colcon_notification.desktop_notification:Sending desktop notification using 'notify2'
[8.492s] DEBUG:colcon.colcon_core.event_reactor:joined thread
[8.496s] INFO:colcon.colcon_core.shell:Creating prefix script '/home/nvidia/ros2_rlbike/install/local_setup.ps1'
[8.502s] INFO:colcon.colcon_core.shell:Creating prefix util module '/home/nvidia/ros2_rlbike/install/_local_setup_util_ps1.py'
[8.510s] INFO:colcon.colcon_core.shell:Creating prefix chain script '/home/nvidia/ros2_rlbike/install/setup.ps1'
[8.516s] INFO:colcon.colcon_core.shell:Creating prefix script '/home/nvidia/ros2_rlbike/install/local_setup.sh'
[8.519s] INFO:colcon.colcon_core.shell:Creating prefix util module '/home/nvidia/ros2_rlbike/install/_local_setup_util_sh.py'
[8.520s] INFO:colcon.colcon_core.shell:Creating prefix chain script '/home/nvidia/ros2_rlbike/install/setup.sh'
[8.526s] INFO:colcon.colcon_core.shell:Creating prefix script '/home/nvidia/ros2_rlbike/install/local_setup.bash'
[8.529s] INFO:colcon.colcon_core.shell:Creating prefix chain script '/home/nvidia/ros2_rlbike/install/setup.bash'
[8.535s] INFO:colcon.colcon_core.shell:Creating prefix script '/home/nvidia/ros2_rlbike/install/local_setup.zsh'
[8.537s] INFO:colcon.colcon_core.shell:Creating prefix chain script '/home/nvidia/ros2_rlbike/install/setup.zsh'
