running egg_info
creating ../../build/rlbike/rlbike.egg-info
writing ../../build/rlbike/rlbike.egg-info/PKG-INFO
writing dependency_links to ../../build/rlbike/rlbike.egg-info/dependency_links.txt
writing entry points to ../../build/rlbike/rlbike.egg-info/entry_points.txt
writing requirements to ../../build/rlbike/rlbike.egg-info/requires.txt
writing top-level names to ../../build/rlbike/rlbike.egg-info/top_level.txt
writing manifest file '../../build/rlbike/rlbike.egg-info/SOURCES.txt'
reading manifest file '../../build/rlbike/rlbike.egg-info/SOURCES.txt'
writing manifest file '../../build/rlbike/rlbike.egg-info/SOURCES.txt'
running build
running build_py
creating /home/nvidia/ros2_rlbike/build/rlbike/build
creating /home/nvidia/ros2_rlbike/build/rlbike/build/lib
creating /home/nvidia/ros2_rlbike/build/rlbike/build/lib/rlbike
copying rlbike/subscriber_member_function.py -> /home/nvidia/ros2_rlbike/build/rlbike/build/lib/rlbike
copying rlbike/run.py -> /home/nvidia/ros2_rlbike/build/rlbike/build/lib/rlbike
copying rlbike/publisher_member_function.py -> /home/nvidia/ros2_rlbike/build/rlbike/build/lib/rlbike
copying rlbike/test.py -> /home/nvidia/ros2_rlbike/build/rlbike/build/lib/rlbike
copying rlbike/__init__.py -> /home/nvidia/ros2_rlbike/build/rlbike/build/lib/rlbike
running install
running install_lib
creating /home/nvidia/ros2_rlbike/install/rlbike/lib/python3.6/site-packages/rlbike
copying /home/nvidia/ros2_rlbike/build/rlbike/build/lib/rlbike/subscriber_member_function.py -> /home/nvidia/ros2_rlbike/install/rlbike/lib/python3.6/site-packages/rlbike
copying /home/nvidia/ros2_rlbike/build/rlbike/build/lib/rlbike/run.py -> /home/nvidia/ros2_rlbike/install/rlbike/lib/python3.6/site-packages/rlbike
copying /home/nvidia/ros2_rlbike/build/rlbike/build/lib/rlbike/publisher_member_function.py -> /home/nvidia/ros2_rlbike/install/rlbike/lib/python3.6/site-packages/rlbike
copying /home/nvidia/ros2_rlbike/build/rlbike/build/lib/rlbike/test.py -> /home/nvidia/ros2_rlbike/install/rlbike/lib/python3.6/site-packages/rlbike
copying /home/nvidia/ros2_rlbike/build/rlbike/build/lib/rlbike/__init__.py -> /home/nvidia/ros2_rlbike/install/rlbike/lib/python3.6/site-packages/rlbike
byte-compiling /home/nvidia/ros2_rlbike/install/rlbike/lib/python3.6/site-packages/rlbike/subscriber_member_function.py to subscriber_member_function.cpython-36.pyc
byte-compiling /home/nvidia/ros2_rlbike/install/rlbike/lib/python3.6/site-packages/rlbike/run.py to run.cpython-36.pyc
byte-compiling /home/nvidia/ros2_rlbike/install/rlbike/lib/python3.6/site-packages/rlbike/publisher_member_function.py to publisher_member_function.cpython-36.pyc
byte-compiling /home/nvidia/ros2_rlbike/install/rlbike/lib/python3.6/site-packages/rlbike/test.py to test.cpython-36.pyc
byte-compiling /home/nvidia/ros2_rlbike/install/rlbike/lib/python3.6/site-packages/rlbike/__init__.py to __init__.cpython-36.pyc
running install_data
creating /home/nvidia/ros2_rlbike/install/rlbike/share/ament_index
creating /home/nvidia/ros2_rlbike/install/rlbike/share/ament_index/resource_index
creating /home/nvidia/ros2_rlbike/install/rlbike/share/ament_index/resource_index/packages
copying resource/rlbike -> /home/nvidia/ros2_rlbike/install/rlbike/share/ament_index/resource_index/packages
copying package.xml -> /home/nvidia/ros2_rlbike/install/rlbike/share/rlbike
running install_egg_info
Copying ../../build/rlbike/rlbike.egg-info to /home/nvidia/ros2_rlbike/install/rlbike/lib/python3.6/site-packages/rlbike-0.0.0-py3.6.egg-info
running install_scripts
Installing listener script to /home/nvidia/ros2_rlbike/install/rlbike/lib/rlbike
Installing talker script to /home/nvidia/ros2_rlbike/install/rlbike/lib/rlbike
writing list of installed files to '/home/nvidia/ros2_rlbike/build/rlbike/install.log'
