[0.467s] Invoking command in '/home/ptlab/ros2_rlbike/src/rlbike': PYTHONPATH=/home/ptlab/ros2_rlbike/install/rlbike/lib/python3.6/site-packages:${PYTHONPATH} /usr/bin/python3 setup.py egg_info --egg-base ../../build/rlbike build --build-base /home/ptlab/ros2_rlbike/build/rlbike/build install --prefix /home/ptlab/ros2_rlbike/install/rlbike --record /home/ptlab/ros2_rlbike/build/rlbike/install.log --single-version-externally-managed
[0.627s] /home/ptlab/.local/lib/python3.6/site-packages/setuptools/dist.py:726: UserWarning: Usage of dash-separated 'script-dir' will not be supported in future versions. Please use the underscore name 'script_dir' instead
[0.627s]   % (opt, underscore_opt)
[0.627s] /home/ptlab/.local/lib/python3.6/site-packages/setuptools/dist.py:726: UserWarning: Usage of dash-separated 'install-scripts' will not be supported in future versions. Please use the underscore name 'install_scripts' instead
[0.627s]   % (opt, underscore_opt)
[0.648s] running egg_info
[0.648s] writing ../../build/rlbike/rlbike.egg-info/PKG-INFO
[0.649s] writing dependency_links to ../../build/rlbike/rlbike.egg-info/dependency_links.txt
[0.649s] writing entry points to ../../build/rlbike/rlbike.egg-info/entry_points.txt
[0.649s] writing requirements to ../../build/rlbike/rlbike.egg-info/requires.txt
[0.649s] writing top-level names to ../../build/rlbike/rlbike.egg-info/top_level.txt
[0.650s] package init file 'rlbike/files/__init__.py' not found (or not a regular file)
[0.650s] reading manifest file '../../build/rlbike/rlbike.egg-info/SOURCES.txt'
[0.652s] writing manifest file '../../build/rlbike/rlbike.egg-info/SOURCES.txt'
[0.652s] running build
[0.652s] running build_py
[0.652s] copying rlbike/train.py -> /home/ptlab/ros2_rlbike/build/rlbike/build/lib/rlbike
[0.652s] copying rlbike/motor_bridge.py -> /home/ptlab/ros2_rlbike/build/rlbike/build/lib/rlbike
[0.652s] copying rlbike/PPO.py -> /home/ptlab/ros2_rlbike/build/rlbike/build/lib/rlbike
[0.652s] copying rlbike/imu_bridge.py -> /home/ptlab/ros2_rlbike/build/rlbike/build/lib/rlbike
[0.653s] copying rlbike/TD3.py -> /home/ptlab/ros2_rlbike/build/rlbike/build/lib/rlbike
[0.653s] copying rlbike/utils.py -> /home/ptlab/ros2_rlbike/build/rlbike/build/lib/rlbike
[0.653s] copying rlbike/test.py -> /home/ptlab/ros2_rlbike/build/rlbike/build/lib/rlbike
[0.653s] copying rlbike/run.py -> /home/ptlab/ros2_rlbike/build/rlbike/build/lib/rlbike
[0.653s] copying rlbike/rmdx8.py -> /home/ptlab/ros2_rlbike/build/rlbike/build/lib/rlbike
[0.653s] copying rlbike/OpenIMU_SPI.py -> /home/ptlab/ros2_rlbike/build/rlbike/build/lib/rlbike
[0.653s] copying rlbike/files/ReplayBuffers.py -> /home/ptlab/ros2_rlbike/build/rlbike/build/lib/rlbike/files
[0.653s] copying rlbike/files/Agent.py -> /home/ptlab/ros2_rlbike/build/rlbike/build/lib/rlbike/files
[0.654s] copying rlbike/files/networks.py -> /home/ptlab/ros2_rlbike/build/rlbike/build/lib/rlbike/files
[0.654s] running install
[0.654s] /home/ptlab/.local/lib/python3.6/site-packages/setuptools/command/install.py:37: SetuptoolsDeprecationWarning: setup.py install is deprecated. Use build and pip and other standards-based tools.
[0.654s]   setuptools.SetuptoolsDeprecationWarning,
[0.654s] running install_lib
[0.655s] copying /home/ptlab/ros2_rlbike/build/rlbike/build/lib/rlbike/train.py -> /home/ptlab/ros2_rlbike/install/rlbike/lib/python3.6/site-packages/rlbike
[0.655s] copying /home/ptlab/ros2_rlbike/build/rlbike/build/lib/rlbike/motor_bridge.py -> /home/ptlab/ros2_rlbike/install/rlbike/lib/python3.6/site-packages/rlbike
[0.655s] copying /home/ptlab/ros2_rlbike/build/rlbike/build/lib/rlbike/PPO.py -> /home/ptlab/ros2_rlbike/install/rlbike/lib/python3.6/site-packages/rlbike
[0.655s] copying /home/ptlab/ros2_rlbike/build/rlbike/build/lib/rlbike/imu_bridge.py -> /home/ptlab/ros2_rlbike/install/rlbike/lib/python3.6/site-packages/rlbike
[0.655s] copying /home/ptlab/ros2_rlbike/build/rlbike/build/lib/rlbike/TD3.py -> /home/ptlab/ros2_rlbike/install/rlbike/lib/python3.6/site-packages/rlbike
[0.655s] copying /home/ptlab/ros2_rlbike/build/rlbike/build/lib/rlbike/utils.py -> /home/ptlab/ros2_rlbike/install/rlbike/lib/python3.6/site-packages/rlbike
[0.655s] copying /home/ptlab/ros2_rlbike/build/rlbike/build/lib/rlbike/test.py -> /home/ptlab/ros2_rlbike/install/rlbike/lib/python3.6/site-packages/rlbike
[0.655s] copying /home/ptlab/ros2_rlbike/build/rlbike/build/lib/rlbike/run.py -> /home/ptlab/ros2_rlbike/install/rlbike/lib/python3.6/site-packages/rlbike
[0.655s] copying /home/ptlab/ros2_rlbike/build/rlbike/build/lib/rlbike/rmdx8.py -> /home/ptlab/ros2_rlbike/install/rlbike/lib/python3.6/site-packages/rlbike
[0.656s] copying /home/ptlab/ros2_rlbike/build/rlbike/build/lib/rlbike/OpenIMU_SPI.py -> /home/ptlab/ros2_rlbike/install/rlbike/lib/python3.6/site-packages/rlbike
[0.656s] copying /home/ptlab/ros2_rlbike/build/rlbike/build/lib/rlbike/files/ReplayBuffers.py -> /home/ptlab/ros2_rlbike/install/rlbike/lib/python3.6/site-packages/rlbike/files
[0.656s] copying /home/ptlab/ros2_rlbike/build/rlbike/build/lib/rlbike/files/Agent.py -> /home/ptlab/ros2_rlbike/install/rlbike/lib/python3.6/site-packages/rlbike/files
[0.656s] copying /home/ptlab/ros2_rlbike/build/rlbike/build/lib/rlbike/files/networks.py -> /home/ptlab/ros2_rlbike/install/rlbike/lib/python3.6/site-packages/rlbike/files
[0.656s] byte-compiling /home/ptlab/ros2_rlbike/install/rlbike/lib/python3.6/site-packages/rlbike/train.py to train.cpython-36.pyc
[0.657s] byte-compiling /home/ptlab/ros2_rlbike/install/rlbike/lib/python3.6/site-packages/rlbike/motor_bridge.py to motor_bridge.cpython-36.pyc
[0.658s] byte-compiling /home/ptlab/ros2_rlbike/install/rlbike/lib/python3.6/site-packages/rlbike/PPO.py to PPO.cpython-36.pyc
[0.659s] byte-compiling /home/ptlab/ros2_rlbike/install/rlbike/lib/python3.6/site-packages/rlbike/imu_bridge.py to imu_bridge.cpython-36.pyc
[0.659s] byte-compiling /home/ptlab/ros2_rlbike/install/rlbike/lib/python3.6/site-packages/rlbike/TD3.py to TD3.cpython-36.pyc
[0.660s] byte-compiling /home/ptlab/ros2_rlbike/install/rlbike/lib/python3.6/site-packages/rlbike/PID_control.py to PID_control.cpython-36.pyc
[0.660s] byte-compiling /home/ptlab/ros2_rlbike/install/rlbike/lib/python3.6/site-packages/rlbike/utils.py to utils.cpython-36.pyc
[0.660s] Sorry: IndentationError: unindent does not match any outer indentation level (PID_control.py, line 44)
[0.660s] byte-compiling /home/ptlab/ros2_rlbike/install/rlbike/lib/python3.6/site-packages/rlbike/test.py to test.cpython-36.pyc
[0.661s] byte-compiling /home/ptlab/ros2_rlbike/install/rlbike/lib/python3.6/site-packages/rlbike/run.py to run.cpython-36.pyc
[0.662s] byte-compiling /home/ptlab/ros2_rlbike/install/rlbike/lib/python3.6/site-packages/rlbike/rmdx8.py to rmdx8.cpython-36.pyc
[0.662s] byte-compiling /home/ptlab/ros2_rlbike/install/rlbike/lib/python3.6/site-packages/rlbike/OpenIMU_SPI.py to OpenIMU_SPI.cpython-36.pyc
[0.664s] byte-compiling /home/ptlab/ros2_rlbike/install/rlbike/lib/python3.6/site-packages/rlbike/files/ReplayBuffers.py to ReplayBuffers.cpython-36.pyc
[0.665s] byte-compiling /home/ptlab/ros2_rlbike/install/rlbike/lib/python3.6/site-packages/rlbike/files/Agent.py to Agent.cpython-36.pyc
[0.667s] byte-compiling /home/ptlab/ros2_rlbike/install/rlbike/lib/python3.6/site-packages/rlbike/files/networks.py to networks.cpython-36.pyc
[0.668s] running install_data
[0.669s] copying launch/training_launch.py -> /home/ptlab/ros2_rlbike/install/rlbike/share/rlbike
[0.669s] running install_egg_info
[0.670s] removing '/home/ptlab/ros2_rlbike/install/rlbike/lib/python3.6/site-packages/rlbike-0.0.0-py3.6.egg-info' (and everything under it)
[0.670s] Copying ../../build/rlbike/rlbike.egg-info to /home/ptlab/ros2_rlbike/install/rlbike/lib/python3.6/site-packages/rlbike-0.0.0-py3.6.egg-info
[0.671s] running install_scripts
[0.682s] Installing imu_bridge script to /home/ptlab/ros2_rlbike/install/rlbike/lib/rlbike
[0.682s] Installing motor_bridge script to /home/ptlab/ros2_rlbike/install/rlbike/lib/rlbike
[0.682s] Installing train script to /home/ptlab/ros2_rlbike/install/rlbike/lib/rlbike
[0.683s] writing list of installed files to '/home/ptlab/ros2_rlbike/build/rlbike/install.log'
[0.697s] Invoked command in '/home/ptlab/ros2_rlbike/src/rlbike' returned '0': PYTHONPATH=/home/ptlab/ros2_rlbike/install/rlbike/lib/python3.6/site-packages:${PYTHONPATH} /usr/bin/python3 setup.py egg_info --egg-base ../../build/rlbike build --build-base /home/ptlab/ros2_rlbike/build/rlbike/build install --prefix /home/ptlab/ros2_rlbike/install/rlbike --record /home/ptlab/ros2_rlbike/build/rlbike/install.log --single-version-externally-managed
