/home/ptlab/ros2_rlbike/install/rlbike/lib/python3.6/site-packages/rlbike/train.py
/home/ptlab/ros2_rlbike/install/rlbike/lib/python3.6/site-packages/rlbike/motor_bridge.py
/home/ptlab/ros2_rlbike/install/rlbike/lib/python3.6/site-packages/rlbike/subscriber_member_function.py
/home/ptlab/ros2_rlbike/install/rlbike/lib/python3.6/site-packages/rlbike/__init__.py
/home/ptlab/ros2_rlbike/install/rlbike/lib/python3.6/site-packages/rlbike/PPO.py
/home/ptlab/ros2_rlbike/install/rlbike/lib/python3.6/site-packages/rlbike/imu_bridge.py
/home/ptlab/ros2_rlbike/install/rlbike/lib/python3.6/site-packages/rlbike/TD3.py
/home/ptlab/ros2_rlbike/install/rlbike/lib/python3.6/site-packages/rlbike/real_env.py
/home/ptlab/ros2_rlbike/install/rlbike/lib/python3.6/site-packages/rlbike/PID_control.py
/home/ptlab/ros2_rlbike/install/rlbike/lib/python3.6/site-packages/rlbike/utils.py
/home/ptlab/ros2_rlbike/install/rlbike/lib/python3.6/site-packages/rlbike/test.py
/home/ptlab/ros2_rlbike/install/rlbike/lib/python3.6/site-packages/rlbike/run.py
/home/ptlab/ros2_rlbike/install/rlbike/lib/python3.6/site-packages/rlbike/rmdx8.py
/home/ptlab/ros2_rlbike/install/rlbike/lib/python3.6/site-packages/rlbike/OpenIMU_SPI.py
/home/ptlab/ros2_rlbike/install/rlbike/lib/python3.6/site-packages/rlbike/publisher_member_function.py
/home/ptlab/ros2_rlbike/install/rlbike/lib/python3.6/site-packages/rlbike/files/ReplayBuffers.py
/home/ptlab/ros2_rlbike/install/rlbike/lib/python3.6/site-packages/rlbike/files/Agent.py
/home/ptlab/ros2_rlbike/install/rlbike/lib/python3.6/site-packages/rlbike/files/MultiPro.py
/home/ptlab/ros2_rlbike/install/rlbike/lib/python3.6/site-packages/rlbike/files/networks.py
/home/ptlab/ros2_rlbike/install/rlbike/lib/python3.6/site-packages/rlbike/__pycache__/train.cpython-36.pyc
/home/ptlab/ros2_rlbike/install/rlbike/lib/python3.6/site-packages/rlbike/__pycache__/motor_bridge.cpython-36.pyc
/home/ptlab/ros2_rlbike/install/rlbike/lib/python3.6/site-packages/rlbike/__pycache__/subscriber_member_function.cpython-36.pyc
/home/ptlab/ros2_rlbike/install/rlbike/lib/python3.6/site-packages/rlbike/__pycache__/__init__.cpython-36.pyc
/home/ptlab/ros2_rlbike/install/rlbike/lib/python3.6/site-packages/rlbike/__pycache__/PPO.cpython-36.pyc
/home/ptlab/ros2_rlbike/install/rlbike/lib/python3.6/site-packages/rlbike/__pycache__/imu_bridge.cpython-36.pyc
/home/ptlab/ros2_rlbike/install/rlbike/lib/python3.6/site-packages/rlbike/__pycache__/TD3.cpython-36.pyc
/home/ptlab/ros2_rlbike/install/rlbike/lib/python3.6/site-packages/rlbike/__pycache__/real_env.cpython-36.pyc
/home/ptlab/ros2_rlbike/install/rlbike/lib/python3.6/site-packages/rlbike/__pycache__/PID_control.cpython-36.pyc
/home/ptlab/ros2_rlbike/install/rlbike/lib/python3.6/site-packages/rlbike/__pycache__/utils.cpython-36.pyc
/home/ptlab/ros2_rlbike/install/rlbike/lib/python3.6/site-packages/rlbike/__pycache__/test.cpython-36.pyc
/home/ptlab/ros2_rlbike/install/rlbike/lib/python3.6/site-packages/rlbike/__pycache__/run.cpython-36.pyc
/home/ptlab/ros2_rlbike/install/rlbike/lib/python3.6/site-packages/rlbike/__pycache__/rmdx8.cpython-36.pyc
/home/ptlab/ros2_rlbike/install/rlbike/lib/python3.6/site-packages/rlbike/__pycache__/OpenIMU_SPI.cpython-36.pyc
/home/ptlab/ros2_rlbike/install/rlbike/lib/python3.6/site-packages/rlbike/__pycache__/publisher_member_function.cpython-36.pyc
/home/ptlab/ros2_rlbike/install/rlbike/lib/python3.6/site-packages/rlbike/files/__pycache__/ReplayBuffers.cpython-36.pyc
/home/ptlab/ros2_rlbike/install/rlbike/lib/python3.6/site-packages/rlbike/files/__pycache__/Agent.cpython-36.pyc
/home/ptlab/ros2_rlbike/install/rlbike/lib/python3.6/site-packages/rlbike/files/__pycache__/MultiPro.cpython-36.pyc
/home/ptlab/ros2_rlbike/install/rlbike/lib/python3.6/site-packages/rlbike/files/__pycache__/networks.cpython-36.pyc
/home/ptlab/ros2_rlbike/install/rlbike/share/ament_index/resource_index/packages/rlbike
/home/ptlab/ros2_rlbike/install/rlbike/share/rlbike/package.xml
/home/ptlab/ros2_rlbike/install/rlbike/share/rlbike/training_launch.py
/home/ptlab/ros2_rlbike/install/rlbike/lib/python3.6/site-packages/rlbike-0.0.0-py3.6.egg-info/PKG-INFO
/home/ptlab/ros2_rlbike/install/rlbike/lib/python3.6/site-packages/rlbike-0.0.0-py3.6.egg-info/SOURCES.txt
/home/ptlab/ros2_rlbike/install/rlbike/lib/python3.6/site-packages/rlbike-0.0.0-py3.6.egg-info/requires.txt
/home/ptlab/ros2_rlbike/install/rlbike/lib/python3.6/site-packages/rlbike-0.0.0-py3.6.egg-info/dependency_links.txt
/home/ptlab/ros2_rlbike/install/rlbike/lib/python3.6/site-packages/rlbike-0.0.0-py3.6.egg-info/zip-safe
/home/ptlab/ros2_rlbike/install/rlbike/lib/python3.6/site-packages/rlbike-0.0.0-py3.6.egg-info/top_level.txt
/home/ptlab/ros2_rlbike/install/rlbike/lib/python3.6/site-packages/rlbike-0.0.0-py3.6.egg-info/entry_points.txt
/home/ptlab/ros2_rlbike/install/rlbike/lib/rlbike/imu_bridge
/home/ptlab/ros2_rlbike/install/rlbike/lib/rlbike/motor_bridge
/home/ptlab/ros2_rlbike/install/rlbike/lib/rlbike/test
/home/ptlab/ros2_rlbike/install/rlbike/lib/rlbike/train
