[2.949s] Invoking command in '/home/nvidia/ros2_rlbike/src/rlbike': PYTHONPATH=/home/nvidia/ros2_rlbike/install/rlbike/lib/python3.6/site-packages:${PYTHONPATH} /usr/bin/python3 setup.py egg_info --egg-base ../../build/rlbike build --build-base /home/nvidia/ros2_rlbike/build/rlbike/build install --prefix /home/nvidia/ros2_rlbike/install/rlbike --record /home/nvidia/ros2_rlbike/build/rlbike/install.log --single-version-externally-managed
[3.987s] /home/nvidia/.local/lib/python3.6/site-packages/setuptools/dist.py:726: UserWarning: Usage of dash-separated 'script-dir' will not be supported in future versions. Please use the underscore name 'script_dir' instead
[3.988s]   % (opt, underscore_opt)
[3.988s] /home/nvidia/.local/lib/python3.6/site-packages/setuptools/dist.py:726: UserWarning: Usage of dash-separated 'install-scripts' will not be supported in future versions. Please use the underscore name 'install_scripts' instead
[3.989s]   % (opt, underscore_opt)
[4.154s] running egg_info
[4.156s] writing ../../build/rlbike/rlbike.egg-info/PKG-INFO
[4.157s] writing dependency_links to ../../build/rlbike/rlbike.egg-info/dependency_links.txt
[4.158s] writing entry points to ../../build/rlbike/rlbike.egg-info/entry_points.txt
[4.159s] writing requirements to ../../build/rlbike/rlbike.egg-info/requires.txt
[4.161s] writing top-level names to ../../build/rlbike/rlbike.egg-info/top_level.txt
[4.173s] reading manifest file '../../build/rlbike/rlbike.egg-info/SOURCES.txt'
[4.179s] writing manifest file '../../build/rlbike/rlbike.egg-info/SOURCES.txt'
[4.179s] running build
[4.180s] running build_py
[4.182s] running install
[4.183s] /home/nvidia/.local/lib/python3.6/site-packages/setuptools/command/install.py:37: SetuptoolsDeprecationWarning: setup.py install is deprecated. Use build and pip and other standards-based tools.
[4.183s]   setuptools.SetuptoolsDeprecationWarning,
[4.184s] running install_lib
[4.189s] running install_data
[4.191s] running install_egg_info
[4.198s] removing '/home/nvidia/ros2_rlbike/install/rlbike/lib/python3.6/site-packages/rlbike-0.0.0-py3.6.egg-info' (and everything under it)
[4.199s] Copying ../../build/rlbike/rlbike.egg-info to /home/nvidia/ros2_rlbike/install/rlbike/lib/python3.6/site-packages/rlbike-0.0.0-py3.6.egg-info
[4.204s] running install_scripts
[4.283s] Installing listener script to /home/nvidia/ros2_rlbike/install/rlbike/lib/rlbike
[4.285s] Installing talker script to /home/nvidia/ros2_rlbike/install/rlbike/lib/rlbike
[4.286s] writing list of installed files to '/home/nvidia/ros2_rlbike/build/rlbike/install.log'
[4.415s] Invoked command in '/home/nvidia/ros2_rlbike/src/rlbike' returned '0': PYTHONPATH=/home/nvidia/ros2_rlbike/install/rlbike/lib/python3.6/site-packages:${PYTHONPATH} /usr/bin/python3 setup.py egg_info --egg-base ../../build/rlbike build --build-base /home/nvidia/ros2_rlbike/build/rlbike/build install --prefix /home/nvidia/ros2_rlbike/install/rlbike --record /home/nvidia/ros2_rlbike/build/rlbike/install.log --single-version-externally-managed
