[3.614s] Invoking command in '/home/nvidia/ros2_rlbike/src/rlbike': PYTHONPATH=/home/nvidia/ros2_rlbike/install/rlbike/lib/python3.6/site-packages:${PYTHONPATH} /usr/bin/python3 setup.py egg_info --egg-base ../../build/rlbike build --build-base /home/nvidia/ros2_rlbike/build/rlbike/build install --prefix /home/nvidia/ros2_rlbike/install/rlbike --record /home/nvidia/ros2_rlbike/build/rlbike/install.log --single-version-externally-managed
[4.889s] /home/nvidia/.local/lib/python3.6/site-packages/setuptools/dist.py:726: UserWarning: Usage of dash-separated 'script-dir' will not be supported in future versions. Please use the underscore name 'script_dir' instead
[4.890s]   % (opt, underscore_opt)
[4.891s] /home/nvidia/.local/lib/python3.6/site-packages/setuptools/dist.py:726: UserWarning: Usage of dash-separated 'install-scripts' will not be supported in future versions. Please use the underscore name 'install_scripts' instead
[4.891s]   % (opt, underscore_opt)
[5.034s] running egg_info
[5.037s] writing ../../build/rlbike/rlbike.egg-info/PKG-INFO
[5.038s] writing dependency_links to ../../build/rlbike/rlbike.egg-info/dependency_links.txt
[5.039s] writing entry points to ../../build/rlbike/rlbike.egg-info/entry_points.txt
[5.039s] writing requirements to ../../build/rlbike/rlbike.egg-info/requires.txt
[5.040s] writing top-level names to ../../build/rlbike/rlbike.egg-info/top_level.txt
[5.052s] reading manifest file '../../build/rlbike/rlbike.egg-info/SOURCES.txt'
[5.058s] writing manifest file '../../build/rlbike/rlbike.egg-info/SOURCES.txt'
[5.059s] running build
[5.059s] running build_py
[5.060s] running install
[5.060s] /home/nvidia/.local/lib/python3.6/site-packages/setuptools/command/install.py:37: SetuptoolsDeprecationWarning: setup.py install is deprecated. Use build and pip and other standards-based tools.
[5.061s]   setuptools.SetuptoolsDeprecationWarning,
[5.062s] running install_lib
[5.066s] running install_data
[5.068s] running install_egg_info
[5.075s] removing '/home/nvidia/ros2_rlbike/install/rlbike/lib/python3.6/site-packages/rlbike-0.0.0-py3.6.egg-info' (and everything under it)
[5.076s] Copying ../../build/rlbike/rlbike.egg-info to /home/nvidia/ros2_rlbike/install/rlbike/lib/python3.6/site-packages/rlbike-0.0.0-py3.6.egg-info
[5.080s] running install_scripts
[5.148s] Installing run script to /home/nvidia/ros2_rlbike/install/rlbike/lib/rlbike
[5.150s] writing list of installed files to '/home/nvidia/ros2_rlbike/build/rlbike/install.log'
[5.263s] Invoked command in '/home/nvidia/ros2_rlbike/src/rlbike' returned '0': PYTHONPATH=/home/nvidia/ros2_rlbike/install/rlbike/lib/python3.6/site-packages:${PYTHONPATH} /usr/bin/python3 setup.py egg_info --egg-base ../../build/rlbike build --build-base /home/nvidia/ros2_rlbike/build/rlbike/build install --prefix /home/nvidia/ros2_rlbike/install/rlbike --record /home/nvidia/ros2_rlbike/build/rlbike/install.log --single-version-externally-managed
