[0.421s] Invoking command in '/home/ptlab/ros2_rlbike/src/rlbike': PYTHONPATH=/home/ptlab/ros2_rlbike/install/rlbike/lib/python3.6/site-packages:${PYTHONPATH} /usr/bin/python3 setup.py egg_info --egg-base ../../build/rlbike build --build-base /home/ptlab/ros2_rlbike/build/rlbike/build install --prefix /home/ptlab/ros2_rlbike/install/rlbike --record /home/ptlab/ros2_rlbike/build/rlbike/install.log --single-version-externally-managed
[0.575s] /home/ptlab/.local/lib/python3.6/site-packages/setuptools/dist.py:726: UserWarning: Usage of dash-separated 'script-dir' will not be supported in future versions. Please use the underscore name 'script_dir' instead
[0.575s]   % (opt, underscore_opt)
[0.575s] /home/ptlab/.local/lib/python3.6/site-packages/setuptools/dist.py:726: UserWarning: Usage of dash-separated 'install-scripts' will not be supported in future versions. Please use the underscore name 'install_scripts' instead
[0.575s]   % (opt, underscore_opt)
[0.595s] running egg_info
[0.596s] writing ../../build/rlbike/rlbike.egg-info/PKG-INFO
[0.596s] writing dependency_links to ../../build/rlbike/rlbike.egg-info/dependency_links.txt
[0.596s] writing entry points to ../../build/rlbike/rlbike.egg-info/entry_points.txt
[0.596s] writing requirements to ../../build/rlbike/rlbike.egg-info/requires.txt
[0.596s] writing top-level names to ../../build/rlbike/rlbike.egg-info/top_level.txt
[0.597s] package init file 'rlbike/files/__init__.py' not found (or not a regular file)
[0.597s] reading manifest file '../../build/rlbike/rlbike.egg-info/SOURCES.txt'
[0.598s] writing manifest file '../../build/rlbike/rlbike.egg-info/SOURCES.txt'
[0.598s] running build
[0.598s] running build_py
[0.598s] copying rlbike/motor_bridge.py -> /home/ptlab/ros2_rlbike/build/rlbike/build/lib/rlbike
[0.599s] copying rlbike/run.py -> /home/ptlab/ros2_rlbike/build/rlbike/build/lib/rlbike
[0.599s] running install
[0.599s] /home/ptlab/.local/lib/python3.6/site-packages/setuptools/command/install.py:37: SetuptoolsDeprecationWarning: setup.py install is deprecated. Use build and pip and other standards-based tools.
[0.599s]   setuptools.SetuptoolsDeprecationWarning,
[0.599s] running install_lib
[0.600s] copying /home/ptlab/ros2_rlbike/build/rlbike/build/lib/rlbike/motor_bridge.py -> /home/ptlab/ros2_rlbike/install/rlbike/lib/python3.6/site-packages/rlbike
[0.600s] copying /home/ptlab/ros2_rlbike/build/rlbike/build/lib/rlbike/run.py -> /home/ptlab/ros2_rlbike/install/rlbike/lib/python3.6/site-packages/rlbike
[0.600s] byte-compiling /home/ptlab/ros2_rlbike/install/rlbike/lib/python3.6/site-packages/rlbike/motor_bridge.py to motor_bridge.cpython-36.pyc
[0.601s] byte-compiling /home/ptlab/ros2_rlbike/install/rlbike/lib/python3.6/site-packages/rlbike/PID_control.py to PID_control.cpython-36.pyc
[0.601s] Sorry: IndentationError: unindent does not match any outer indentation level (PID_control.py, line 44)
[0.601s] byte-compiling /home/ptlab/ros2_rlbike/install/rlbike/lib/python3.6/site-packages/rlbike/run.py to run.cpython-36.pyc
[0.602s] running install_data
[0.602s] running install_egg_info
[0.603s] removing '/home/ptlab/ros2_rlbike/install/rlbike/lib/python3.6/site-packages/rlbike-0.0.0-py3.6.egg-info' (and everything under it)
[0.604s] Copying ../../build/rlbike/rlbike.egg-info to /home/ptlab/ros2_rlbike/install/rlbike/lib/python3.6/site-packages/rlbike-0.0.0-py3.6.egg-info
[0.604s] running install_scripts
[0.615s] Installing imu_bridge script to /home/ptlab/ros2_rlbike/install/rlbike/lib/rlbike
[0.615s] Installing motor_bridge script to /home/ptlab/ros2_rlbike/install/rlbike/lib/rlbike
[0.615s] Installing run script to /home/ptlab/ros2_rlbike/install/rlbike/lib/rlbike
[0.615s] writing list of installed files to '/home/ptlab/ros2_rlbike/build/rlbike/install.log'
[0.627s] Invoked command in '/home/ptlab/ros2_rlbike/src/rlbike' returned '0': PYTHONPATH=/home/ptlab/ros2_rlbike/install/rlbike/lib/python3.6/site-packages:${PYTHONPATH} /usr/bin/python3 setup.py egg_info --egg-base ../../build/rlbike build --build-base /home/ptlab/ros2_rlbike/build/rlbike/build install --prefix /home/ptlab/ros2_rlbike/install/rlbike --record /home/ptlab/ros2_rlbike/build/rlbike/install.log --single-version-externally-managed
