running egg_info
writing ../../build/rlbike/rlbike.egg-info/PKG-INFO
writing dependency_links to ../../build/rlbike/rlbike.egg-info/dependency_links.txt
writing entry points to ../../build/rlbike/rlbike.egg-info/entry_points.txt
writing requirements to ../../build/rlbike/rlbike.egg-info/requires.txt
writing top-level names to ../../build/rlbike/rlbike.egg-info/top_level.txt
reading manifest file '../../build/rlbike/rlbike.egg-info/SOURCES.txt'
writing manifest file '../../build/rlbike/rlbike.egg-info/SOURCES.txt'
running build
running build_py
copying rlbike/publisher_member_function.py -> /home/nvidia/ros2_rlbike/build/rlbike/build/lib/rlbike
running install
running install_lib
copying /home/nvidia/ros2_rlbike/build/rlbike/build/lib/rlbike/publisher_member_function.py -> /home/nvidia/ros2_rlbike/install/rlbike/lib/python3.6/site-packages/rlbike
byte-compiling /home/nvidia/ros2_rlbike/install/rlbike/lib/python3.6/site-packages/rlbike/publisher_member_function.py to publisher_member_function.cpython-36.pyc
running install_data
running install_egg_info
removing '/home/nvidia/ros2_rlbike/install/rlbike/lib/python3.6/site-packages/rlbike-0.0.0-py3.6.egg-info' (and everything under it)
Copying ../../build/rlbike/rlbike.egg-info to /home/nvidia/ros2_rlbike/install/rlbike/lib/python3.6/site-packages/rlbike-0.0.0-py3.6.egg-info
running install_scripts
Installing run script to /home/nvidia/ros2_rlbike/install/rlbike/lib/rlbike
writing list of installed files to '/home/nvidia/ros2_rlbike/build/rlbike/install.log'
