[3.840s] Invoking command in '/home/nvidia/ros2_rlbike/src/rlbike': PYTHONPATH=/home/nvidia/ros2_rlbike/install/rlbike/lib/python3.6/site-packages:${PYTHONPATH} /usr/bin/python3 setup.py egg_info --egg-base ../../build/rlbike build --build-base /home/nvidia/ros2_rlbike/build/rlbike/build install --prefix /home/nvidia/ros2_rlbike/install/rlbike --record /home/nvidia/ros2_rlbike/build/rlbike/install.log --single-version-externally-managed
[5.221s] /home/nvidia/.local/lib/python3.6/site-packages/setuptools/dist.py:726: UserWarning: Usage of dash-separated 'script-dir' will not be supported in future versions. Please use the underscore name 'script_dir' instead
[5.223s]   % (opt, underscore_opt)
[5.225s] /home/nvidia/.local/lib/python3.6/site-packages/setuptools/dist.py:726: UserWarning: Usage of dash-separated 'install-scripts' will not be supported in future versions. Please use the underscore name 'install_scripts' instead
[5.225s]   % (opt, underscore_opt)
[5.410s] running egg_info
[5.413s] writing ../../build/rlbike/rlbike.egg-info/PKG-INFO
[5.416s] writing dependency_links to ../../build/rlbike/rlbike.egg-info/dependency_links.txt
[5.417s] writing entry points to ../../build/rlbike/rlbike.egg-info/entry_points.txt
[5.419s] writing requirements to ../../build/rlbike/rlbike.egg-info/requires.txt
[5.420s] writing top-level names to ../../build/rlbike/rlbike.egg-info/top_level.txt
[5.436s] reading manifest file '../../build/rlbike/rlbike.egg-info/SOURCES.txt'
[5.442s] writing manifest file '../../build/rlbike/rlbike.egg-info/SOURCES.txt'
[5.443s] running build
[5.443s] running build_py
[5.445s] copying rlbike/publisher_member_function.py -> /home/nvidia/ros2_rlbike/build/rlbike/build/lib/rlbike
[5.447s] running install
[5.448s] /home/nvidia/.local/lib/python3.6/site-packages/setuptools/command/install.py:37: SetuptoolsDeprecationWarning: setup.py install is deprecated. Use build and pip and other standards-based tools.
[5.450s]   setuptools.SetuptoolsDeprecationWarning,
[5.452s] running install_lib
[5.453s] copying /home/nvidia/ros2_rlbike/build/rlbike/build/lib/rlbike/publisher_member_function.py -> /home/nvidia/ros2_rlbike/install/rlbike/lib/python3.6/site-packages/rlbike
[5.455s] byte-compiling /home/nvidia/ros2_rlbike/install/rlbike/lib/python3.6/site-packages/rlbike/publisher_member_function.py to publisher_member_function.cpython-36.pyc
[5.456s] running install_data
[5.459s] running install_egg_info
[5.466s] removing '/home/nvidia/ros2_rlbike/install/rlbike/lib/python3.6/site-packages/rlbike-0.0.0-py3.6.egg-info' (and everything under it)
[5.468s] Copying ../../build/rlbike/rlbike.egg-info to /home/nvidia/ros2_rlbike/install/rlbike/lib/python3.6/site-packages/rlbike-0.0.0-py3.6.egg-info
[5.472s] running install_scripts
[5.545s] Installing run script to /home/nvidia/ros2_rlbike/install/rlbike/lib/rlbike
[5.554s] writing list of installed files to '/home/nvidia/ros2_rlbike/build/rlbike/install.log'
[5.665s] Invoked command in '/home/nvidia/ros2_rlbike/src/rlbike' returned '0': PYTHONPATH=/home/nvidia/ros2_rlbike/install/rlbike/lib/python3.6/site-packages:${PYTHONPATH} /usr/bin/python3 setup.py egg_info --egg-base ../../build/rlbike build --build-base /home/nvidia/ros2_rlbike/build/rlbike/build install --prefix /home/nvidia/ros2_rlbike/install/rlbike --record /home/nvidia/ros2_rlbike/build/rlbike/install.log --single-version-externally-managed
