[1.277s] DEBUG:colcon:Command line arguments: ['/usr/bin/colcon', 'build']
[1.277s] DEBUG:colcon:Parsed command line arguments: Namespace(allow_overriding=[], ament_cmake_args=None, base_paths=['.'], build_base='build', catkin_cmake_args=None, catkin_skip_building_tests=False, cmake_args=None, cmake_clean_cache=False, cmake_clean_first=False, cmake_force_configure=False, cmake_target=None, cmake_target_skip_unavailable=False, continue_on_error=False, event_handlers=None, executor='parallel', ignore_user_meta=False, install_base='install', log_base=None, log_level=None, main=<bound method BuildVerb.main of <colcon_core.verb.build.BuildVerb object at 0x7f9d7839e8>>, merge_install=False, metas=['./colcon.meta'], packages_above=None, packages_above_and_dependencies=None, packages_above_depth=None, packages_end=None, packages_ignore=None, packages_ignore_regex=None, packages_select=None, packages_select_build_failed=False, packages_select_by_dep=None, packages_select_regex=None, packages_select_test_failures=False, packages_skip=None, packages_skip_build_finished=False, packages_skip_by_dep=None, packages_skip_regex=None, packages_skip_test_passed=False, packages_skip_up_to=None, packages_start=None, packages_up_to=None, packages_up_to_regex=None, parallel_workers=4, paths=None, symlink_install=False, test_result_base=None, verb_extension=<colcon_core.verb.build.BuildVerb object at 0x7f9d7839e8>, verb_name='build', verb_parser=<colcon_defaults.argument_parser.defaults.DefaultArgumentsDecorator object at 0x7f9d5fa4a8>)
[1.366s] Level 1:colcon.colcon_core.package_discovery:discover_packages(colcon_meta) check parameters
[1.367s] Level 1:colcon.colcon_core.package_discovery:discover_packages(recursive) check parameters
[1.367s] Level 1:colcon.colcon_core.package_discovery:discover_packages(ignore) check parameters
[1.367s] Level 1:colcon.colcon_core.package_discovery:discover_packages(path) check parameters
[1.367s] Level 1:colcon.colcon_core.package_discovery:discover_packages(colcon_meta) discover
[1.369s] Level 1:colcon.colcon_core.package_discovery:discover_packages(recursive) discover
[1.369s] INFO:colcon.colcon_core.package_discovery:Crawling recursively for packages in '/home/nvidia/ros2_rlbike'
[1.369s] Level 1:colcon.colcon_core.package_identification:_identify(.) by extensions ['ignore', 'ignore_ament_install']
[1.370s] Level 1:colcon.colcon_core.package_identification:_identify(.) by extension 'ignore'
[1.370s] Level 1:colcon.colcon_core.package_identification:_identify(.) by extension 'ignore_ament_install'
[1.370s] Level 1:colcon.colcon_core.package_identification:_identify(.) by extensions ['colcon_pkg']
[1.370s] Level 1:colcon.colcon_core.package_identification:_identify(.) by extension 'colcon_pkg'
[1.370s] Level 1:colcon.colcon_core.package_identification:_identify(.) by extensions ['colcon_meta']
[1.371s] Level 1:colcon.colcon_core.package_identification:_identify(.) by extension 'colcon_meta'
[1.371s] Level 1:colcon.colcon_core.package_identification:_identify(.) by extensions ['ros']
[1.371s] Level 1:colcon.colcon_core.package_identification:_identify(.) by extension 'ros'
[1.551s] Level 1:colcon.colcon_core.package_identification:_identify(.) by extensions ['cmake', 'python']
[1.551s] Level 1:colcon.colcon_core.package_identification:_identify(.) by extension 'cmake'
[1.552s] Level 1:colcon.colcon_core.package_identification:_identify(.) by extension 'python'
[1.552s] Level 1:colcon.colcon_core.package_identification:_identify(.) by extensions ['python_setup_py']
[1.552s] Level 1:colcon.colcon_core.package_identification:_identify(.) by extension 'python_setup_py'
[1.553s] Level 1:colcon.colcon_core.package_identification:_identify(build) by extensions ['ignore', 'ignore_ament_install']
[1.553s] Level 1:colcon.colcon_core.package_identification:_identify(build) by extension 'ignore'
[1.553s] Level 1:colcon.colcon_core.package_identification:_identify(build) ignored
[1.555s] Level 1:colcon.colcon_core.package_identification:_identify(install) by extensions ['ignore', 'ignore_ament_install']
[1.555s] Level 1:colcon.colcon_core.package_identification:_identify(install) by extension 'ignore'
[1.555s] Level 1:colcon.colcon_core.package_identification:_identify(install) ignored
[1.556s] Level 1:colcon.colcon_core.package_identification:_identify(log) by extensions ['ignore', 'ignore_ament_install']
[1.556s] Level 1:colcon.colcon_core.package_identification:_identify(log) by extension 'ignore'
[1.556s] Level 1:colcon.colcon_core.package_identification:_identify(log) ignored
[1.556s] Level 1:colcon.colcon_core.package_identification:_identify(src) by extensions ['ignore', 'ignore_ament_install']
[1.557s] Level 1:colcon.colcon_core.package_identification:_identify(src) by extension 'ignore'
[1.557s] Level 1:colcon.colcon_core.package_identification:_identify(src) by extension 'ignore_ament_install'
[1.557s] Level 1:colcon.colcon_core.package_identification:_identify(src) by extensions ['colcon_pkg']
[1.557s] Level 1:colcon.colcon_core.package_identification:_identify(src) by extension 'colcon_pkg'
[1.558s] Level 1:colcon.colcon_core.package_identification:_identify(src) by extensions ['colcon_meta']
[1.558s] Level 1:colcon.colcon_core.package_identification:_identify(src) by extension 'colcon_meta'
[1.558s] Level 1:colcon.colcon_core.package_identification:_identify(src) by extensions ['ros']
[1.558s] Level 1:colcon.colcon_core.package_identification:_identify(src) by extension 'ros'
[1.559s] Level 1:colcon.colcon_core.package_identification:_identify(src) by extensions ['cmake', 'python']
[1.559s] Level 1:colcon.colcon_core.package_identification:_identify(src) by extension 'cmake'
[1.559s] Level 1:colcon.colcon_core.package_identification:_identify(src) by extension 'python'
[1.559s] Level 1:colcon.colcon_core.package_identification:_identify(src) by extensions ['python_setup_py']
[1.559s] Level 1:colcon.colcon_core.package_identification:_identify(src) by extension 'python_setup_py'
[1.560s] Level 1:colcon.colcon_core.package_identification:_identify(src/rlbike) by extensions ['ignore', 'ignore_ament_install']
[1.560s] Level 1:colcon.colcon_core.package_identification:_identify(src/rlbike) by extension 'ignore'
[1.560s] Level 1:colcon.colcon_core.package_identification:_identify(src/rlbike) by extension 'ignore_ament_install'
[1.560s] Level 1:colcon.colcon_core.package_identification:_identify(src/rlbike) by extensions ['colcon_pkg']
[1.561s] Level 1:colcon.colcon_core.package_identification:_identify(src/rlbike) by extension 'colcon_pkg'
[1.561s] Level 1:colcon.colcon_core.package_identification:_identify(src/rlbike) by extensions ['colcon_meta']
[1.561s] Level 1:colcon.colcon_core.package_identification:_identify(src/rlbike) by extension 'colcon_meta'
[1.561s] Level 1:colcon.colcon_core.package_identification:_identify(src/rlbike) by extensions ['ros']
[1.561s] Level 1:colcon.colcon_core.package_identification:_identify(src/rlbike) by extension 'ros'
[1.571s] DEBUG:colcon.colcon_core.package_identification:Package 'src/rlbike' with type 'ros.ament_python' and name 'rlbike'
[1.571s] Level 1:colcon.colcon_core.package_discovery:discover_packages(recursive) using defaults
[1.572s] Level 1:colcon.colcon_core.package_discovery:discover_packages(ignore) discover
[1.572s] Level 1:colcon.colcon_core.package_discovery:discover_packages(ignore) using defaults
[1.572s] Level 1:colcon.colcon_core.package_discovery:discover_packages(path) discover
[1.572s] Level 1:colcon.colcon_core.package_discovery:discover_packages(path) using defaults
[1.655s] Level 1:colcon.colcon_core.package_discovery:discover_packages(prefix_path) check parameters
[1.656s] Level 1:colcon.colcon_core.package_discovery:discover_packages(prefix_path) discover
[1.664s] DEBUG:colcon.colcon_installed_package_information.package_discovery:Found 1 installed packages in /home/nvidia/ros2_rlbike/install
[1.669s] DEBUG:colcon.colcon_installed_package_information.package_discovery:Found 141 installed packages in /opt/ros/eloquent
[1.677s] Level 1:colcon.colcon_core.package_discovery:discover_packages(prefix_path) using defaults
[1.844s] Level 5:colcon.colcon_core.verb:set package 'rlbike' build argument 'cmake_args' from command line to 'None'
[1.845s] Level 5:colcon.colcon_core.verb:set package 'rlbike' build argument 'cmake_target' from command line to 'None'
[1.845s] Level 5:colcon.colcon_core.verb:set package 'rlbike' build argument 'cmake_target_skip_unavailable' from command line to 'False'
[1.845s] Level 5:colcon.colcon_core.verb:set package 'rlbike' build argument 'cmake_clean_cache' from command line to 'False'
[1.845s] Level 5:colcon.colcon_core.verb:set package 'rlbike' build argument 'cmake_clean_first' from command line to 'False'
[1.845s] Level 5:colcon.colcon_core.verb:set package 'rlbike' build argument 'cmake_force_configure' from command line to 'False'
[1.846s] Level 5:colcon.colcon_core.verb:set package 'rlbike' build argument 'ament_cmake_args' from command line to 'None'
[1.846s] Level 5:colcon.colcon_core.verb:set package 'rlbike' build argument 'catkin_cmake_args' from command line to 'None'
[1.846s] Level 5:colcon.colcon_core.verb:set package 'rlbike' build argument 'catkin_skip_building_tests' from command line to 'False'
[1.846s] DEBUG:colcon.colcon_core.verb:Building package 'rlbike' with the following arguments: {'ament_cmake_args': None, 'build_base': '/home/nvidia/ros2_rlbike/build/rlbike', 'catkin_cmake_args': None, 'catkin_skip_building_tests': False, 'cmake_args': None, 'cmake_clean_cache': False, 'cmake_clean_first': False, 'cmake_force_configure': False, 'cmake_target': None, 'cmake_target_skip_unavailable': False, 'install_base': '/home/nvidia/ros2_rlbike/install/rlbike', 'merge_install': False, 'path': '/home/nvidia/ros2_rlbike/src/rlbike', 'symlink_install': False, 'test_result_base': None}
[1.848s] INFO:colcon.colcon_core.executor:Executing jobs using 'parallel' executor
[1.857s] DEBUG:colcon.colcon_parallel_executor.executor.parallel:run_until_complete
[1.858s] INFO:colcon.colcon_ros.task.ament_python.build:Building ROS package in '/home/nvidia/ros2_rlbike/src/rlbike' with build type 'ament_python'
[1.859s] Level 1:colcon.colcon_core.shell:create_environment_hook('rlbike', 'ament_prefix_path')
[1.875s] INFO:colcon.colcon_core.plugin_system:Skipping extension 'colcon_core.shell.bat': Not used on non-Windows systems
[1.876s] INFO:colcon.colcon_core.shell:Creating environment hook '/home/nvidia/ros2_rlbike/install/rlbike/share/rlbike/hook/ament_prefix_path.ps1'
[1.879s] INFO:colcon.colcon_core.shell:Creating environment descriptor '/home/nvidia/ros2_rlbike/install/rlbike/share/rlbike/hook/ament_prefix_path.dsv'
[1.881s] INFO:colcon.colcon_core.shell:Creating environment hook '/home/nvidia/ros2_rlbike/install/rlbike/share/rlbike/hook/ament_prefix_path.sh'
[1.886s] INFO:colcon.colcon_core.shell:Skip shell extension 'powershell' for command environment: Not usable outside of PowerShell
[1.886s] DEBUG:colcon.colcon_core.shell:Skip shell extension 'dsv' for command environment
[3.306s] INFO:colcon.colcon_core.task.python.build:Building Python package in '/home/nvidia/ros2_rlbike/src/rlbike'
[3.309s] INFO:colcon.colcon_core.shell:Skip shell extension 'powershell' for command environment: Not usable outside of PowerShell
[3.310s] DEBUG:colcon.colcon_core.shell:Skip shell extension 'dsv' for command environment
[5.397s] DEBUG:colcon.colcon_core.event_handler.log_command:Invoking command in '/home/nvidia/ros2_rlbike/src/rlbike': PYTHONPATH=/home/nvidia/ros2_rlbike/install/rlbike/lib/python3.6/site-packages:${PYTHONPATH} /usr/bin/python3 setup.py egg_info --egg-base ../../build/rlbike build --build-base /home/nvidia/ros2_rlbike/build/rlbike/build install --prefix /home/nvidia/ros2_rlbike/install/rlbike --record /home/nvidia/ros2_rlbike/build/rlbike/install.log --single-version-externally-managed
[7.052s] Level 1:colcon.colcon_core.environment:checking '/home/nvidia/ros2_rlbike/install/rlbike' for CMake module files
[7.054s] DEBUG:colcon.colcon_core.event_handler.log_command:Invoked command in '/home/nvidia/ros2_rlbike/src/rlbike' returned '0': PYTHONPATH=/home/nvidia/ros2_rlbike/install/rlbike/lib/python3.6/site-packages:${PYTHONPATH} /usr/bin/python3 setup.py egg_info --egg-base ../../build/rlbike build --build-base /home/nvidia/ros2_rlbike/build/rlbike/build install --prefix /home/nvidia/ros2_rlbike/install/rlbike --record /home/nvidia/ros2_rlbike/build/rlbike/install.log --single-version-externally-managed
[7.058s] Level 1:colcon.colcon_core.environment:checking '/home/nvidia/ros2_rlbike/install/rlbike' for CMake config files
[7.063s] Level 1:colcon.colcon_core.environment:checking '/home/nvidia/ros2_rlbike/install/rlbike/lib'
[7.065s] Level 1:colcon.colcon_core.environment:checking '/home/nvidia/ros2_rlbike/install/rlbike/bin'
[7.065s] Level 1:colcon.colcon_core.environment:checking '/home/nvidia/ros2_rlbike/install/rlbike/lib/pkgconfig/rlbike.pc'
[7.066s] Level 1:colcon.colcon_core.environment:checking '/home/nvidia/ros2_rlbike/install/rlbike/lib/python3.6/site-packages'
[7.067s] Level 1:colcon.colcon_core.shell:create_environment_hook('rlbike', 'pythonpath')
[7.070s] INFO:colcon.colcon_core.shell:Creating environment hook '/home/nvidia/ros2_rlbike/install/rlbike/share/rlbike/hook/pythonpath.ps1'
[7.073s] INFO:colcon.colcon_core.shell:Creating environment descriptor '/home/nvidia/ros2_rlbike/install/rlbike/share/rlbike/hook/pythonpath.dsv'
[7.075s] INFO:colcon.colcon_core.shell:Creating environment hook '/home/nvidia/ros2_rlbike/install/rlbike/share/rlbike/hook/pythonpath.sh'
[7.078s] Level 1:colcon.colcon_core.environment:checking '/home/nvidia/ros2_rlbike/install/rlbike/bin'
[7.079s] Level 1:colcon.colcon_core.environment:create_environment_scripts_only(rlbike)
[7.083s] INFO:colcon.colcon_core.shell:Creating package script '/home/nvidia/ros2_rlbike/install/rlbike/share/rlbike/package.ps1'
[7.088s] INFO:colcon.colcon_core.shell:Creating package descriptor '/home/nvidia/ros2_rlbike/install/rlbike/share/rlbike/package.dsv'
[7.092s] INFO:colcon.colcon_core.shell:Creating package script '/home/nvidia/ros2_rlbike/install/rlbike/share/rlbike/package.sh'
[7.097s] INFO:colcon.colcon_core.shell:Creating package script '/home/nvidia/ros2_rlbike/install/rlbike/share/rlbike/package.bash'
[7.103s] INFO:colcon.colcon_core.shell:Creating package script '/home/nvidia/ros2_rlbike/install/rlbike/share/rlbike/package.zsh'
[7.107s] Level 1:colcon.colcon_core.environment:create_file_with_runtime_dependencies(/home/nvidia/ros2_rlbike/install/rlbike/share/colcon-core/packages/rlbike)
[7.113s] DEBUG:colcon.colcon_parallel_executor.executor.parallel:closing loop
[7.115s] DEBUG:colcon.colcon_parallel_executor.executor.parallel:loop closed
[7.115s] DEBUG:colcon.colcon_parallel_executor.executor.parallel:run_until_complete finished with '0'
[7.116s] DEBUG:colcon.colcon_core.event_reactor:joining thread
[7.145s] INFO:colcon.colcon_core.plugin_system:Skipping extension 'colcon_notification.desktop_notification.terminal_notifier': Not used on non-Darwin systems
[7.146s] INFO:colcon.colcon_core.plugin_system:Skipping extension 'colcon_notification.desktop_notification.win32': Not used on non-Windows systems
[7.146s] INFO:colcon.colcon_notification.desktop_notification:Sending desktop notification using 'notify2'
[7.351s] DEBUG:colcon.colcon_core.event_reactor:joined thread
[7.356s] INFO:colcon.colcon_core.shell:Creating prefix script '/home/nvidia/ros2_rlbike/install/local_setup.ps1'
[7.361s] INFO:colcon.colcon_core.shell:Creating prefix util module '/home/nvidia/ros2_rlbike/install/_local_setup_util_ps1.py'
[7.369s] INFO:colcon.colcon_core.shell:Creating prefix chain script '/home/nvidia/ros2_rlbike/install/setup.ps1'
[7.375s] INFO:colcon.colcon_core.shell:Creating prefix script '/home/nvidia/ros2_rlbike/install/local_setup.sh'
[7.377s] INFO:colcon.colcon_core.shell:Creating prefix util module '/home/nvidia/ros2_rlbike/install/_local_setup_util_sh.py'
[7.379s] INFO:colcon.colcon_core.shell:Creating prefix chain script '/home/nvidia/ros2_rlbike/install/setup.sh'
[7.385s] INFO:colcon.colcon_core.shell:Creating prefix script '/home/nvidia/ros2_rlbike/install/local_setup.bash'
[7.388s] INFO:colcon.colcon_core.shell:Creating prefix chain script '/home/nvidia/ros2_rlbike/install/setup.bash'
[7.394s] INFO:colcon.colcon_core.shell:Creating prefix script '/home/nvidia/ros2_rlbike/install/local_setup.zsh'
[7.396s] INFO:colcon.colcon_core.shell:Creating prefix chain script '/home/nvidia/ros2_rlbike/install/setup.zsh'
