[0.190s] DEBUG:colcon:Command line arguments: ['/usr/bin/colcon', 'build']
[0.190s] DEBUG:colcon:Parsed command line arguments: Namespace(allow_overriding=[], ament_cmake_args=None, base_paths=['.'], build_base='build', catkin_cmake_args=None, catkin_skip_building_tests=False, cmake_args=None, cmake_clean_cache=False, cmake_clean_first=False, cmake_force_configure=False, cmake_target=None, cmake_target_skip_unavailable=False, continue_on_error=False, event_handlers=None, executor='parallel', ignore_user_meta=False, install_base='install', log_base=None, log_level=None, main=<bound method BuildVerb.main of <colcon_core.verb.build.BuildVerb object at 0x7efdb438c550>>, merge_install=False, metas=['./colcon.meta'], packages_above=None, packages_above_and_dependencies=None, packages_above_depth=None, packages_end=None, packages_ignore=None, packages_ignore_regex=None, packages_select=None, packages_select_build_failed=False, packages_select_by_dep=None, packages_select_regex=None, packages_select_test_failures=False, packages_skip=None, packages_skip_build_finished=False, packages_skip_by_dep=None, packages_skip_regex=None, packages_skip_test_passed=False, packages_skip_up_to=None, packages_start=None, packages_up_to=None, packages_up_to_regex=None, parallel_workers=16, paths=None, symlink_install=False, test_result_base=None, verb_extension=<colcon_core.verb.build.BuildVerb object at 0x7efdb438c550>, verb_name='build', verb_parser=<colcon_defaults.argument_parser.defaults.DefaultArgumentsDecorator object at 0x7efdb3c8f160>)
[0.206s] Level 1:colcon.colcon_core.package_discovery:discover_packages(colcon_meta) check parameters
[0.206s] Level 1:colcon.colcon_core.package_discovery:discover_packages(recursive) check parameters
[0.206s] Level 1:colcon.colcon_core.package_discovery:discover_packages(ignore) check parameters
[0.206s] Level 1:colcon.colcon_core.package_discovery:discover_packages(path) check parameters
[0.206s] Level 1:colcon.colcon_core.package_discovery:discover_packages(colcon_meta) discover
[0.206s] Level 1:colcon.colcon_core.package_discovery:discover_packages(recursive) discover
[0.206s] INFO:colcon.colcon_core.package_discovery:Crawling recursively for packages in '/home/ptlab/ros2_rlbike'
[0.206s] Level 1:colcon.colcon_core.package_identification:_identify(.) by extensions ['ignore', 'ignore_ament_install']
[0.206s] Level 1:colcon.colcon_core.package_identification:_identify(.) by extension 'ignore'
[0.206s] Level 1:colcon.colcon_core.package_identification:_identify(.) by extension 'ignore_ament_install'
[0.206s] Level 1:colcon.colcon_core.package_identification:_identify(.) by extensions ['colcon_pkg']
[0.206s] Level 1:colcon.colcon_core.package_identification:_identify(.) by extension 'colcon_pkg'
[0.206s] Level 1:colcon.colcon_core.package_identification:_identify(.) by extensions ['colcon_meta']
[0.206s] Level 1:colcon.colcon_core.package_identification:_identify(.) by extension 'colcon_meta'
[0.206s] Level 1:colcon.colcon_core.package_identification:_identify(.) by extensions ['ros']
[0.206s] Level 1:colcon.colcon_core.package_identification:_identify(.) by extension 'ros'
[0.233s] Level 1:colcon.colcon_core.package_identification:_identify(.) by extensions ['cmake', 'python']
[0.233s] Level 1:colcon.colcon_core.package_identification:_identify(.) by extension 'cmake'
[0.233s] Level 1:colcon.colcon_core.package_identification:_identify(.) by extension 'python'
[0.233s] Level 1:colcon.colcon_core.package_identification:_identify(.) by extensions ['python_setup_py']
[0.233s] Level 1:colcon.colcon_core.package_identification:_identify(.) by extension 'python_setup_py'
[0.233s] Level 1:colcon.colcon_core.package_identification:_identify(build) by extensions ['ignore', 'ignore_ament_install']
[0.233s] Level 1:colcon.colcon_core.package_identification:_identify(build) by extension 'ignore'
[0.233s] Level 1:colcon.colcon_core.package_identification:_identify(build) ignored
[0.233s] Level 1:colcon.colcon_core.package_identification:_identify(install) by extensions ['ignore', 'ignore_ament_install']
[0.233s] Level 1:colcon.colcon_core.package_identification:_identify(install) by extension 'ignore'
[0.233s] Level 1:colcon.colcon_core.package_identification:_identify(install) ignored
[0.234s] Level 1:colcon.colcon_core.package_identification:_identify(log) by extensions ['ignore', 'ignore_ament_install']
[0.234s] Level 1:colcon.colcon_core.package_identification:_identify(log) by extension 'ignore'
[0.234s] Level 1:colcon.colcon_core.package_identification:_identify(log) ignored
[0.234s] Level 1:colcon.colcon_core.package_identification:_identify(src) by extensions ['ignore', 'ignore_ament_install']
[0.234s] Level 1:colcon.colcon_core.package_identification:_identify(src) by extension 'ignore'
[0.234s] Level 1:colcon.colcon_core.package_identification:_identify(src) by extension 'ignore_ament_install'
[0.234s] Level 1:colcon.colcon_core.package_identification:_identify(src) by extensions ['colcon_pkg']
[0.234s] Level 1:colcon.colcon_core.package_identification:_identify(src) by extension 'colcon_pkg'
[0.234s] Level 1:colcon.colcon_core.package_identification:_identify(src) by extensions ['colcon_meta']
[0.234s] Level 1:colcon.colcon_core.package_identification:_identify(src) by extension 'colcon_meta'
[0.234s] Level 1:colcon.colcon_core.package_identification:_identify(src) by extensions ['ros']
[0.234s] Level 1:colcon.colcon_core.package_identification:_identify(src) by extension 'ros'
[0.234s] Level 1:colcon.colcon_core.package_identification:_identify(src) by extensions ['cmake', 'python']
[0.234s] Level 1:colcon.colcon_core.package_identification:_identify(src) by extension 'cmake'
[0.234s] Level 1:colcon.colcon_core.package_identification:_identify(src) by extension 'python'
[0.234s] Level 1:colcon.colcon_core.package_identification:_identify(src) by extensions ['python_setup_py']
[0.234s] Level 1:colcon.colcon_core.package_identification:_identify(src) by extension 'python_setup_py'
[0.234s] Level 1:colcon.colcon_core.package_identification:_identify(src/rlbike) by extensions ['ignore', 'ignore_ament_install']
[0.234s] Level 1:colcon.colcon_core.package_identification:_identify(src/rlbike) by extension 'ignore'
[0.234s] Level 1:colcon.colcon_core.package_identification:_identify(src/rlbike) by extension 'ignore_ament_install'
[0.234s] Level 1:colcon.colcon_core.package_identification:_identify(src/rlbike) by extensions ['colcon_pkg']
[0.234s] Level 1:colcon.colcon_core.package_identification:_identify(src/rlbike) by extension 'colcon_pkg'
[0.235s] Level 1:colcon.colcon_core.package_identification:_identify(src/rlbike) by extensions ['colcon_meta']
[0.235s] Level 1:colcon.colcon_core.package_identification:_identify(src/rlbike) by extension 'colcon_meta'
[0.235s] Level 1:colcon.colcon_core.package_identification:_identify(src/rlbike) by extensions ['ros']
[0.235s] Level 1:colcon.colcon_core.package_identification:_identify(src/rlbike) by extension 'ros'
[0.236s] DEBUG:colcon.colcon_core.package_identification:Package 'src/rlbike' with type 'ros.ament_python' and name 'rlbike'
[0.236s] Level 1:colcon.colcon_core.package_discovery:discover_packages(recursive) using defaults
[0.236s] Level 1:colcon.colcon_core.package_discovery:discover_packages(ignore) discover
[0.236s] Level 1:colcon.colcon_core.package_discovery:discover_packages(ignore) using defaults
[0.236s] Level 1:colcon.colcon_core.package_discovery:discover_packages(path) discover
[0.236s] Level 1:colcon.colcon_core.package_discovery:discover_packages(path) using defaults
[0.250s] Level 1:colcon.colcon_core.package_discovery:discover_packages(prefix_path) check parameters
[0.250s] Level 1:colcon.colcon_core.package_discovery:discover_packages(prefix_path) discover
[0.251s] WARNING:colcon.colcon_core.prefix_path.colcon:The path '/home/ptlab/examples/rclpy/install' in the environment variable COLCON_PREFIX_PATH doesn't exist
[0.251s] WARNING:colcon.colcon_ros.prefix_path.ament:The path '/home/ptlab/examples/rclpy/install/examples_rclpy_minimal_subscriber' in the environment variable AMENT_PREFIX_PATH doesn't exist
[0.251s] WARNING:colcon.colcon_ros.prefix_path.ament:The path '/home/ptlab/examples/rclpy/install/examples_rclpy_minimal_service' in the environment variable AMENT_PREFIX_PATH doesn't exist
[0.251s] WARNING:colcon.colcon_ros.prefix_path.ament:The path '/home/ptlab/examples/rclpy/install/examples_rclpy_minimal_publisher' in the environment variable AMENT_PREFIX_PATH doesn't exist
[0.251s] WARNING:colcon.colcon_ros.prefix_path.ament:The path '/home/ptlab/examples/rclpy/install/examples_rclpy_minimal_client' in the environment variable AMENT_PREFIX_PATH doesn't exist
[0.251s] WARNING:colcon.colcon_ros.prefix_path.ament:The path '/home/ptlab/examples/rclpy/install/examples_rclpy_minimal_action_server' in the environment variable AMENT_PREFIX_PATH doesn't exist
[0.252s] WARNING:colcon.colcon_ros.prefix_path.ament:The path '/home/ptlab/examples/rclpy/install/examples_rclpy_minimal_action_client' in the environment variable AMENT_PREFIX_PATH doesn't exist
[0.252s] WARNING:colcon.colcon_ros.prefix_path.ament:The path '/home/ptlab/examples/rclpy/install/examples_rclpy_executors' in the environment variable AMENT_PREFIX_PATH doesn't exist
[0.252s] DEBUG:colcon.colcon_installed_package_information.package_discovery:Found 1 installed packages in /home/ptlab/ros2_rlbike/install
[0.253s] DEBUG:colcon.colcon_installed_package_information.package_discovery:Found 227 installed packages in /opt/ros/eloquent
[0.254s] Level 1:colcon.colcon_core.package_discovery:discover_packages(prefix_path) using defaults
[0.297s] Level 5:colcon.colcon_core.verb:set package 'rlbike' build argument 'cmake_args' from command line to 'None'
[0.297s] Level 5:colcon.colcon_core.verb:set package 'rlbike' build argument 'cmake_target' from command line to 'None'
[0.297s] Level 5:colcon.colcon_core.verb:set package 'rlbike' build argument 'cmake_target_skip_unavailable' from command line to 'False'
[0.297s] Level 5:colcon.colcon_core.verb:set package 'rlbike' build argument 'cmake_clean_cache' from command line to 'False'
[0.297s] Level 5:colcon.colcon_core.verb:set package 'rlbike' build argument 'cmake_clean_first' from command line to 'False'
[0.297s] Level 5:colcon.colcon_core.verb:set package 'rlbike' build argument 'cmake_force_configure' from command line to 'False'
[0.297s] Level 5:colcon.colcon_core.verb:set package 'rlbike' build argument 'ament_cmake_args' from command line to 'None'
[0.297s] Level 5:colcon.colcon_core.verb:set package 'rlbike' build argument 'catkin_cmake_args' from command line to 'None'
[0.297s] Level 5:colcon.colcon_core.verb:set package 'rlbike' build argument 'catkin_skip_building_tests' from command line to 'False'
[0.298s] DEBUG:colcon.colcon_core.verb:Building package 'rlbike' with the following arguments: {'ament_cmake_args': None, 'build_base': '/home/ptlab/ros2_rlbike/build/rlbike', 'catkin_cmake_args': None, 'catkin_skip_building_tests': False, 'cmake_args': None, 'cmake_clean_cache': False, 'cmake_clean_first': False, 'cmake_force_configure': False, 'cmake_target': None, 'cmake_target_skip_unavailable': False, 'install_base': '/home/ptlab/ros2_rlbike/install/rlbike', 'merge_install': False, 'path': '/home/ptlab/ros2_rlbike/src/rlbike', 'symlink_install': False, 'test_result_base': None}
[0.298s] INFO:colcon.colcon_core.executor:Executing jobs using 'parallel' executor
[0.299s] DEBUG:colcon.colcon_parallel_executor.executor.parallel:run_until_complete
[0.299s] INFO:colcon.colcon_ros.task.ament_python.build:Building ROS package in '/home/ptlab/ros2_rlbike/src/rlbike' with build type 'ament_python'
[0.299s] Level 1:colcon.colcon_core.shell:create_environment_hook('rlbike', 'ament_prefix_path')
[0.302s] INFO:colcon.colcon_core.plugin_system:Skipping extension 'colcon_core.shell.bat': Not used on non-Windows systems
[0.302s] INFO:colcon.colcon_core.shell:Creating environment hook '/home/ptlab/ros2_rlbike/install/rlbike/share/rlbike/hook/ament_prefix_path.ps1'
[0.302s] INFO:colcon.colcon_core.shell:Creating environment descriptor '/home/ptlab/ros2_rlbike/install/rlbike/share/rlbike/hook/ament_prefix_path.dsv'
[0.303s] INFO:colcon.colcon_core.shell:Creating environment hook '/home/ptlab/ros2_rlbike/install/rlbike/share/rlbike/hook/ament_prefix_path.sh'
[0.303s] INFO:colcon.colcon_core.shell:Skip shell extension 'powershell' for command environment: Not usable outside of PowerShell
[0.303s] DEBUG:colcon.colcon_core.shell:Skip shell extension 'dsv' for command environment
[0.498s] DEBUG:colcon.colcon_parallel_executor.executor.parallel:closing loop
[0.498s] DEBUG:colcon.colcon_parallel_executor.executor.parallel:loop closed
[0.498s] DEBUG:colcon.colcon_parallel_executor.executor.parallel:run_until_complete finished with 'Command '['/usr/bin/python3', '-c', "import sys;from setuptools.extern.packaging.specifiers import SpecifierSet;from distutils.core import run_setup;dist = run_setup(    'setup.py', script_args=('--dry-run',), stop_after='config');skip_keys = ('cmdclass', 'distclass', 'ext_modules', 'metadata');data = {    key: value for key, value in dist.__dict__.items()     if (        not key.startswith('_') and         not callable(value) and         key not in skip_keys and         key not in dist.display_option_names    )};data['metadata'] = {    k: v for k, v in dist.metadata.__dict__.items()     if k not in ('license_files', 'provides_extras')};sys.stdout.buffer.write(repr(data).encode('utf-8'))"]' returned non-zero exit status 1.'
[0.498s] DEBUG:colcon.colcon_core.event_reactor:joining thread
[0.502s] INFO:colcon.colcon_core.plugin_system:Skipping extension 'colcon_notification.desktop_notification.terminal_notifier': Not used on non-Darwin systems
[0.503s] INFO:colcon.colcon_core.plugin_system:Skipping extension 'colcon_notification.desktop_notification.win32': Not used on non-Windows systems
[0.503s] INFO:colcon.colcon_notification.desktop_notification:Sending desktop notification using 'notify2'
[0.505s] DEBUG:colcon.colcon_core.event_reactor:joined thread
[0.505s] INFO:colcon.colcon_core.shell:Creating prefix script '/home/ptlab/ros2_rlbike/install/local_setup.ps1'
[0.506s] INFO:colcon.colcon_core.shell:Creating prefix util module '/home/ptlab/ros2_rlbike/install/_local_setup_util_ps1.py'
[0.507s] INFO:colcon.colcon_core.shell:Creating prefix chain script '/home/ptlab/ros2_rlbike/install/setup.ps1'
[0.508s] INFO:colcon.colcon_core.shell:Creating prefix script '/home/ptlab/ros2_rlbike/install/local_setup.sh'
[0.508s] INFO:colcon.colcon_core.shell:Creating prefix util module '/home/ptlab/ros2_rlbike/install/_local_setup_util_sh.py'
[0.508s] INFO:colcon.colcon_core.shell:Creating prefix chain script '/home/ptlab/ros2_rlbike/install/setup.sh'
[0.509s] INFO:colcon.colcon_core.shell:Creating prefix script '/home/ptlab/ros2_rlbike/install/local_setup.bash'
[0.509s] INFO:colcon.colcon_core.shell:Creating prefix chain script '/home/ptlab/ros2_rlbike/install/setup.bash'
[0.510s] INFO:colcon.colcon_core.shell:Creating prefix script '/home/ptlab/ros2_rlbike/install/local_setup.zsh'
[0.511s] INFO:colcon.colcon_core.shell:Creating prefix chain script '/home/ptlab/ros2_rlbike/install/setup.zsh'
