[0.186s] DEBUG:colcon:Command line arguments: ['/usr/bin/colcon', 'build']
[0.186s] DEBUG:colcon:Parsed command line arguments: Namespace(allow_overriding=[], ament_cmake_args=None, base_paths=['.'], build_base='build', catkin_cmake_args=None, catkin_skip_building_tests=False, cmake_args=None, cmake_clean_cache=False, cmake_clean_first=False, cmake_force_configure=False, cmake_target=None, cmake_target_skip_unavailable=False, continue_on_error=False, event_handlers=None, executor='parallel', ignore_user_meta=False, install_base='install', log_base=None, log_level=None, main=<bound method BuildVerb.main of <colcon_core.verb.build.BuildVerb object at 0x7fb99cfa5630>>, merge_install=False, metas=['./colcon.meta'], packages_above=None, packages_above_and_dependencies=None, packages_above_depth=None, packages_end=None, packages_ignore=None, packages_ignore_regex=None, packages_select=None, packages_select_build_failed=False, packages_select_by_dep=None, packages_select_regex=None, packages_select_test_failures=False, packages_skip=None, packages_skip_build_finished=False, packages_skip_by_dep=None, packages_skip_regex=None, packages_skip_test_passed=False, packages_skip_up_to=None, packages_start=None, packages_up_to=None, packages_up_to_regex=None, parallel_workers=16, paths=None, symlink_install=False, test_result_base=None, verb_extension=<colcon_core.verb.build.BuildVerb object at 0x7fb99cfa5630>, verb_name='build', verb_parser=<colcon_defaults.argument_parser.defaults.DefaultArgumentsDecorator object at 0x7fb99ccfd208>)
[0.202s] Level 1:colcon.colcon_core.package_discovery:discover_packages(colcon_meta) check parameters
[0.202s] Level 1:colcon.colcon_core.package_discovery:discover_packages(recursive) check parameters
[0.202s] Level 1:colcon.colcon_core.package_discovery:discover_packages(ignore) check parameters
[0.202s] Level 1:colcon.colcon_core.package_discovery:discover_packages(path) check parameters
[0.202s] Level 1:colcon.colcon_core.package_discovery:discover_packages(colcon_meta) discover
[0.202s] Level 1:colcon.colcon_core.package_discovery:discover_packages(recursive) discover
[0.202s] INFO:colcon.colcon_core.package_discovery:Crawling recursively for packages in '/home/ptlab/ros2_rlbike'
[0.202s] Level 1:colcon.colcon_core.package_identification:_identify(.) by extensions ['ignore', 'ignore_ament_install']
[0.202s] Level 1:colcon.colcon_core.package_identification:_identify(.) by extension 'ignore'
[0.202s] Level 1:colcon.colcon_core.package_identification:_identify(.) by extension 'ignore_ament_install'
[0.202s] Level 1:colcon.colcon_core.package_identification:_identify(.) by extensions ['colcon_pkg']
[0.202s] Level 1:colcon.colcon_core.package_identification:_identify(.) by extension 'colcon_pkg'
[0.202s] Level 1:colcon.colcon_core.package_identification:_identify(.) by extensions ['colcon_meta']
[0.202s] Level 1:colcon.colcon_core.package_identification:_identify(.) by extension 'colcon_meta'
[0.202s] Level 1:colcon.colcon_core.package_identification:_identify(.) by extensions ['ros']
[0.202s] Level 1:colcon.colcon_core.package_identification:_identify(.) by extension 'ros'
[0.228s] Level 1:colcon.colcon_core.package_identification:_identify(.) by extensions ['cmake', 'python']
[0.228s] Level 1:colcon.colcon_core.package_identification:_identify(.) by extension 'cmake'
[0.228s] Level 1:colcon.colcon_core.package_identification:_identify(.) by extension 'python'
[0.228s] Level 1:colcon.colcon_core.package_identification:_identify(.) by extensions ['python_setup_py']
[0.229s] Level 1:colcon.colcon_core.package_identification:_identify(.) by extension 'python_setup_py'
[0.229s] Level 1:colcon.colcon_core.package_identification:_identify(build) by extensions ['ignore', 'ignore_ament_install']
[0.229s] Level 1:colcon.colcon_core.package_identification:_identify(build) by extension 'ignore'
[0.229s] Level 1:colcon.colcon_core.package_identification:_identify(build) ignored
[0.229s] Level 1:colcon.colcon_core.package_identification:_identify(install) by extensions ['ignore', 'ignore_ament_install']
[0.229s] Level 1:colcon.colcon_core.package_identification:_identify(install) by extension 'ignore'
[0.229s] Level 1:colcon.colcon_core.package_identification:_identify(install) ignored
[0.229s] Level 1:colcon.colcon_core.package_identification:_identify(log) by extensions ['ignore', 'ignore_ament_install']
[0.229s] Level 1:colcon.colcon_core.package_identification:_identify(log) by extension 'ignore'
[0.229s] Level 1:colcon.colcon_core.package_identification:_identify(log) ignored
[0.229s] Level 1:colcon.colcon_core.package_identification:_identify(runs_SAC) by extensions ['ignore', 'ignore_ament_install']
[0.229s] Level 1:colcon.colcon_core.package_identification:_identify(runs_SAC) by extension 'ignore'
[0.230s] Level 1:colcon.colcon_core.package_identification:_identify(runs_SAC) by extension 'ignore_ament_install'
[0.230s] Level 1:colcon.colcon_core.package_identification:_identify(runs_SAC) by extensions ['colcon_pkg']
[0.230s] Level 1:colcon.colcon_core.package_identification:_identify(runs_SAC) by extension 'colcon_pkg'
[0.230s] Level 1:colcon.colcon_core.package_identification:_identify(runs_SAC) by extensions ['colcon_meta']
[0.230s] Level 1:colcon.colcon_core.package_identification:_identify(runs_SAC) by extension 'colcon_meta'
[0.230s] Level 1:colcon.colcon_core.package_identification:_identify(runs_SAC) by extensions ['ros']
[0.230s] Level 1:colcon.colcon_core.package_identification:_identify(runs_SAC) by extension 'ros'
[0.230s] Level 1:colcon.colcon_core.package_identification:_identify(runs_SAC) by extensions ['cmake', 'python']
[0.230s] Level 1:colcon.colcon_core.package_identification:_identify(runs_SAC) by extension 'cmake'
[0.230s] Level 1:colcon.colcon_core.package_identification:_identify(runs_SAC) by extension 'python'
[0.230s] Level 1:colcon.colcon_core.package_identification:_identify(runs_SAC) by extensions ['python_setup_py']
[0.230s] Level 1:colcon.colcon_core.package_identification:_identify(runs_SAC) by extension 'python_setup_py'
[0.230s] Level 1:colcon.colcon_core.package_identification:_identify(runs_SAC/rwip0) by extensions ['ignore', 'ignore_ament_install']
[0.230s] Level 1:colcon.colcon_core.package_identification:_identify(runs_SAC/rwip0) by extension 'ignore'
[0.230s] Level 1:colcon.colcon_core.package_identification:_identify(runs_SAC/rwip0) by extension 'ignore_ament_install'
[0.230s] Level 1:colcon.colcon_core.package_identification:_identify(runs_SAC/rwip0) by extensions ['colcon_pkg']
[0.230s] Level 1:colcon.colcon_core.package_identification:_identify(runs_SAC/rwip0) by extension 'colcon_pkg'
[0.230s] Level 1:colcon.colcon_core.package_identification:_identify(runs_SAC/rwip0) by extensions ['colcon_meta']
[0.230s] Level 1:colcon.colcon_core.package_identification:_identify(runs_SAC/rwip0) by extension 'colcon_meta'
[0.230s] Level 1:colcon.colcon_core.package_identification:_identify(runs_SAC/rwip0) by extensions ['ros']
[0.230s] Level 1:colcon.colcon_core.package_identification:_identify(runs_SAC/rwip0) by extension 'ros'
[0.230s] Level 1:colcon.colcon_core.package_identification:_identify(runs_SAC/rwip0) by extensions ['cmake', 'python']
[0.230s] Level 1:colcon.colcon_core.package_identification:_identify(runs_SAC/rwip0) by extension 'cmake'
[0.230s] Level 1:colcon.colcon_core.package_identification:_identify(runs_SAC/rwip0) by extension 'python'
[0.230s] Level 1:colcon.colcon_core.package_identification:_identify(runs_SAC/rwip0) by extensions ['python_setup_py']
[0.231s] Level 1:colcon.colcon_core.package_identification:_identify(runs_SAC/rwip0) by extension 'python_setup_py'
[0.231s] Level 1:colcon.colcon_core.package_identification:_identify(runs_SAC/rwip0/log) by extensions ['ignore', 'ignore_ament_install']
[0.231s] Level 1:colcon.colcon_core.package_identification:_identify(runs_SAC/rwip0/log) by extension 'ignore'
[0.231s] Level 1:colcon.colcon_core.package_identification:_identify(runs_SAC/rwip0/log) by extension 'ignore_ament_install'
[0.231s] Level 1:colcon.colcon_core.package_identification:_identify(runs_SAC/rwip0/log) by extensions ['colcon_pkg']
[0.231s] Level 1:colcon.colcon_core.package_identification:_identify(runs_SAC/rwip0/log) by extension 'colcon_pkg'
[0.231s] Level 1:colcon.colcon_core.package_identification:_identify(runs_SAC/rwip0/log) by extensions ['colcon_meta']
[0.231s] Level 1:colcon.colcon_core.package_identification:_identify(runs_SAC/rwip0/log) by extension 'colcon_meta'
[0.231s] Level 1:colcon.colcon_core.package_identification:_identify(runs_SAC/rwip0/log) by extensions ['ros']
[0.231s] Level 1:colcon.colcon_core.package_identification:_identify(runs_SAC/rwip0/log) by extension 'ros'
[0.231s] Level 1:colcon.colcon_core.package_identification:_identify(runs_SAC/rwip0/log) by extensions ['cmake', 'python']
[0.231s] Level 1:colcon.colcon_core.package_identification:_identify(runs_SAC/rwip0/log) by extension 'cmake'
[0.231s] Level 1:colcon.colcon_core.package_identification:_identify(runs_SAC/rwip0/log) by extension 'python'
[0.231s] Level 1:colcon.colcon_core.package_identification:_identify(runs_SAC/rwip0/log) by extensions ['python_setup_py']
[0.231s] Level 1:colcon.colcon_core.package_identification:_identify(runs_SAC/rwip0/log) by extension 'python_setup_py'
[0.231s] Level 1:colcon.colcon_core.package_identification:_identify(runs_SAC/rwip1) by extensions ['ignore', 'ignore_ament_install']
[0.231s] Level 1:colcon.colcon_core.package_identification:_identify(runs_SAC/rwip1) by extension 'ignore'
[0.231s] Level 1:colcon.colcon_core.package_identification:_identify(runs_SAC/rwip1) by extension 'ignore_ament_install'
[0.231s] Level 1:colcon.colcon_core.package_identification:_identify(runs_SAC/rwip1) by extensions ['colcon_pkg']
[0.231s] Level 1:colcon.colcon_core.package_identification:_identify(runs_SAC/rwip1) by extension 'colcon_pkg'
[0.231s] Level 1:colcon.colcon_core.package_identification:_identify(runs_SAC/rwip1) by extensions ['colcon_meta']
[0.231s] Level 1:colcon.colcon_core.package_identification:_identify(runs_SAC/rwip1) by extension 'colcon_meta'
[0.231s] Level 1:colcon.colcon_core.package_identification:_identify(runs_SAC/rwip1) by extensions ['ros']
[0.232s] Level 1:colcon.colcon_core.package_identification:_identify(runs_SAC/rwip1) by extension 'ros'
[0.232s] Level 1:colcon.colcon_core.package_identification:_identify(runs_SAC/rwip1) by extensions ['cmake', 'python']
[0.232s] Level 1:colcon.colcon_core.package_identification:_identify(runs_SAC/rwip1) by extension 'cmake'
[0.232s] Level 1:colcon.colcon_core.package_identification:_identify(runs_SAC/rwip1) by extension 'python'
[0.232s] Level 1:colcon.colcon_core.package_identification:_identify(runs_SAC/rwip1) by extensions ['python_setup_py']
[0.232s] Level 1:colcon.colcon_core.package_identification:_identify(runs_SAC/rwip1) by extension 'python_setup_py'
[0.232s] Level 1:colcon.colcon_core.package_identification:_identify(runs_SAC/rwip1/log) by extensions ['ignore', 'ignore_ament_install']
[0.232s] Level 1:colcon.colcon_core.package_identification:_identify(runs_SAC/rwip1/log) by extension 'ignore'
[0.232s] Level 1:colcon.colcon_core.package_identification:_identify(runs_SAC/rwip1/log) by extension 'ignore_ament_install'
[0.232s] Level 1:colcon.colcon_core.package_identification:_identify(runs_SAC/rwip1/log) by extensions ['colcon_pkg']
[0.232s] Level 1:colcon.colcon_core.package_identification:_identify(runs_SAC/rwip1/log) by extension 'colcon_pkg'
[0.232s] Level 1:colcon.colcon_core.package_identification:_identify(runs_SAC/rwip1/log) by extensions ['colcon_meta']
[0.232s] Level 1:colcon.colcon_core.package_identification:_identify(runs_SAC/rwip1/log) by extension 'colcon_meta'
[0.232s] Level 1:colcon.colcon_core.package_identification:_identify(runs_SAC/rwip1/log) by extensions ['ros']
[0.232s] Level 1:colcon.colcon_core.package_identification:_identify(runs_SAC/rwip1/log) by extension 'ros'
[0.232s] Level 1:colcon.colcon_core.package_identification:_identify(runs_SAC/rwip1/log) by extensions ['cmake', 'python']
[0.232s] Level 1:colcon.colcon_core.package_identification:_identify(runs_SAC/rwip1/log) by extension 'cmake'
[0.232s] Level 1:colcon.colcon_core.package_identification:_identify(runs_SAC/rwip1/log) by extension 'python'
[0.232s] Level 1:colcon.colcon_core.package_identification:_identify(runs_SAC/rwip1/log) by extensions ['python_setup_py']
[0.232s] Level 1:colcon.colcon_core.package_identification:_identify(runs_SAC/rwip1/log) by extension 'python_setup_py'
[0.232s] Level 1:colcon.colcon_core.package_identification:_identify(runs_SAC/rwip10) by extensions ['ignore', 'ignore_ament_install']
[0.232s] Level 1:colcon.colcon_core.package_identification:_identify(runs_SAC/rwip10) by extension 'ignore'
[0.232s] Level 1:colcon.colcon_core.package_identification:_identify(runs_SAC/rwip10) by extension 'ignore_ament_install'
[0.233s] Level 1:colcon.colcon_core.package_identification:_identify(runs_SAC/rwip10) by extensions ['colcon_pkg']
[0.233s] Level 1:colcon.colcon_core.package_identification:_identify(runs_SAC/rwip10) by extension 'colcon_pkg'
[0.233s] Level 1:colcon.colcon_core.package_identification:_identify(runs_SAC/rwip10) by extensions ['colcon_meta']
[0.233s] Level 1:colcon.colcon_core.package_identification:_identify(runs_SAC/rwip10) by extension 'colcon_meta'
[0.233s] Level 1:colcon.colcon_core.package_identification:_identify(runs_SAC/rwip10) by extensions ['ros']
[0.233s] Level 1:colcon.colcon_core.package_identification:_identify(runs_SAC/rwip10) by extension 'ros'
[0.233s] Level 1:colcon.colcon_core.package_identification:_identify(runs_SAC/rwip10) by extensions ['cmake', 'python']
[0.233s] Level 1:colcon.colcon_core.package_identification:_identify(runs_SAC/rwip10) by extension 'cmake'
[0.233s] Level 1:colcon.colcon_core.package_identification:_identify(runs_SAC/rwip10) by extension 'python'
[0.233s] Level 1:colcon.colcon_core.package_identification:_identify(runs_SAC/rwip10) by extensions ['python_setup_py']
[0.233s] Level 1:colcon.colcon_core.package_identification:_identify(runs_SAC/rwip10) by extension 'python_setup_py'
[0.233s] Level 1:colcon.colcon_core.package_identification:_identify(runs_SAC/rwip10/log) by extensions ['ignore', 'ignore_ament_install']
[0.233s] Level 1:colcon.colcon_core.package_identification:_identify(runs_SAC/rwip10/log) by extension 'ignore'
[0.233s] Level 1:colcon.colcon_core.package_identification:_identify(runs_SAC/rwip10/log) by extension 'ignore_ament_install'
[0.233s] Level 1:colcon.colcon_core.package_identification:_identify(runs_SAC/rwip10/log) by extensions ['colcon_pkg']
[0.233s] Level 1:colcon.colcon_core.package_identification:_identify(runs_SAC/rwip10/log) by extension 'colcon_pkg'
[0.233s] Level 1:colcon.colcon_core.package_identification:_identify(runs_SAC/rwip10/log) by extensions ['colcon_meta']
[0.233s] Level 1:colcon.colcon_core.package_identification:_identify(runs_SAC/rwip10/log) by extension 'colcon_meta'
[0.233s] Level 1:colcon.colcon_core.package_identification:_identify(runs_SAC/rwip10/log) by extensions ['ros']
[0.233s] Level 1:colcon.colcon_core.package_identification:_identify(runs_SAC/rwip10/log) by extension 'ros'
[0.233s] Level 1:colcon.colcon_core.package_identification:_identify(runs_SAC/rwip10/log) by extensions ['cmake', 'python']
[0.233s] Level 1:colcon.colcon_core.package_identification:_identify(runs_SAC/rwip10/log) by extension 'cmake'
[0.233s] Level 1:colcon.colcon_core.package_identification:_identify(runs_SAC/rwip10/log) by extension 'python'
[0.233s] Level 1:colcon.colcon_core.package_identification:_identify(runs_SAC/rwip10/log) by extensions ['python_setup_py']
[0.233s] Level 1:colcon.colcon_core.package_identification:_identify(runs_SAC/rwip10/log) by extension 'python_setup_py'
[0.234s] Level 1:colcon.colcon_core.package_identification:_identify(runs_SAC/rwip100) by extensions ['ignore', 'ignore_ament_install']
[0.234s] Level 1:colcon.colcon_core.package_identification:_identify(runs_SAC/rwip100) by extension 'ignore'
[0.234s] Level 1:colcon.colcon_core.package_identification:_identify(runs_SAC/rwip100) by extension 'ignore_ament_install'
[0.234s] Level 1:colcon.colcon_core.package_identification:_identify(runs_SAC/rwip100) by extensions ['colcon_pkg']
[0.234s] Level 1:colcon.colcon_core.package_identification:_identify(runs_SAC/rwip100) by extension 'colcon_pkg'
[0.234s] Level 1:colcon.colcon_core.package_identification:_identify(runs_SAC/rwip100) by extensions ['colcon_meta']
[0.234s] Level 1:colcon.colcon_core.package_identification:_identify(runs_SAC/rwip100) by extension 'colcon_meta'
[0.234s] Level 1:colcon.colcon_core.package_identification:_identify(runs_SAC/rwip100) by extensions ['ros']
[0.234s] Level 1:colcon.colcon_core.package_identification:_identify(runs_SAC/rwip100) by extension 'ros'
[0.234s] Level 1:colcon.colcon_core.package_identification:_identify(runs_SAC/rwip100) by extensions ['cmake', 'python']
[0.234s] Level 1:colcon.colcon_core.package_identification:_identify(runs_SAC/rwip100) by extension 'cmake'
[0.234s] Level 1:colcon.colcon_core.package_identification:_identify(runs_SAC/rwip100) by extension 'python'
[0.234s] Level 1:colcon.colcon_core.package_identification:_identify(runs_SAC/rwip100) by extensions ['python_setup_py']
[0.234s] Level 1:colcon.colcon_core.package_identification:_identify(runs_SAC/rwip100) by extension 'python_setup_py'
[0.234s] Level 1:colcon.colcon_core.package_identification:_identify(runs_SAC/rwip100/fig) by extensions ['ignore', 'ignore_ament_install']
[0.234s] Level 1:colcon.colcon_core.package_identification:_identify(runs_SAC/rwip100/fig) by extension 'ignore'
[0.234s] Level 1:colcon.colcon_core.package_identification:_identify(runs_SAC/rwip100/fig) by extension 'ignore_ament_install'
[0.234s] Level 1:colcon.colcon_core.package_identification:_identify(runs_SAC/rwip100/fig) by extensions ['colcon_pkg']
[0.234s] Level 1:colcon.colcon_core.package_identification:_identify(runs_SAC/rwip100/fig) by extension 'colcon_pkg'
[0.234s] Level 1:colcon.colcon_core.package_identification:_identify(runs_SAC/rwip100/fig) by extensions ['colcon_meta']
[0.234s] Level 1:colcon.colcon_core.package_identification:_identify(runs_SAC/rwip100/fig) by extension 'colcon_meta'
[0.234s] Level 1:colcon.colcon_core.package_identification:_identify(runs_SAC/rwip100/fig) by extensions ['ros']
[0.234s] Level 1:colcon.colcon_core.package_identification:_identify(runs_SAC/rwip100/fig) by extension 'ros'
[0.235s] Level 1:colcon.colcon_core.package_identification:_identify(runs_SAC/rwip100/fig) by extensions ['cmake', 'python']
[0.235s] Level 1:colcon.colcon_core.package_identification:_identify(runs_SAC/rwip100/fig) by extension 'cmake'
[0.235s] Level 1:colcon.colcon_core.package_identification:_identify(runs_SAC/rwip100/fig) by extension 'python'
[0.235s] Level 1:colcon.colcon_core.package_identification:_identify(runs_SAC/rwip100/fig) by extensions ['python_setup_py']
[0.235s] Level 1:colcon.colcon_core.package_identification:_identify(runs_SAC/rwip100/fig) by extension 'python_setup_py'
[0.235s] Level 1:colcon.colcon_core.package_identification:_identify(runs_SAC/rwip11) by extensions ['ignore', 'ignore_ament_install']
[0.235s] Level 1:colcon.colcon_core.package_identification:_identify(runs_SAC/rwip11) by extension 'ignore'
[0.235s] Level 1:colcon.colcon_core.package_identification:_identify(runs_SAC/rwip11) by extension 'ignore_ament_install'
[0.235s] Level 1:colcon.colcon_core.package_identification:_identify(runs_SAC/rwip11) by extensions ['colcon_pkg']
[0.235s] Level 1:colcon.colcon_core.package_identification:_identify(runs_SAC/rwip11) by extension 'colcon_pkg'
[0.235s] Level 1:colcon.colcon_core.package_identification:_identify(runs_SAC/rwip11) by extensions ['colcon_meta']
[0.235s] Level 1:colcon.colcon_core.package_identification:_identify(runs_SAC/rwip11) by extension 'colcon_meta'
[0.235s] Level 1:colcon.colcon_core.package_identification:_identify(runs_SAC/rwip11) by extensions ['ros']
[0.235s] Level 1:colcon.colcon_core.package_identification:_identify(runs_SAC/rwip11) by extension 'ros'
[0.235s] Level 1:colcon.colcon_core.package_identification:_identify(runs_SAC/rwip11) by extensions ['cmake', 'python']
[0.235s] Level 1:colcon.colcon_core.package_identification:_identify(runs_SAC/rwip11) by extension 'cmake'
[0.235s] Level 1:colcon.colcon_core.package_identification:_identify(runs_SAC/rwip11) by extension 'python'
[0.235s] Level 1:colcon.colcon_core.package_identification:_identify(runs_SAC/rwip11) by extensions ['python_setup_py']
[0.235s] Level 1:colcon.colcon_core.package_identification:_identify(runs_SAC/rwip11) by extension 'python_setup_py'
[0.235s] Level 1:colcon.colcon_core.package_identification:_identify(runs_SAC/rwip11/log) by extensions ['ignore', 'ignore_ament_install']
[0.235s] Level 1:colcon.colcon_core.package_identification:_identify(runs_SAC/rwip11/log) by extension 'ignore'
[0.235s] Level 1:colcon.colcon_core.package_identification:_identify(runs_SAC/rwip11/log) by extension 'ignore_ament_install'
[0.235s] Level 1:colcon.colcon_core.package_identification:_identify(runs_SAC/rwip11/log) by extensions ['colcon_pkg']
[0.235s] Level 1:colcon.colcon_core.package_identification:_identify(runs_SAC/rwip11/log) by extension 'colcon_pkg'
[0.236s] Level 1:colcon.colcon_core.package_identification:_identify(runs_SAC/rwip11/log) by extensions ['colcon_meta']
[0.236s] Level 1:colcon.colcon_core.package_identification:_identify(runs_SAC/rwip11/log) by extension 'colcon_meta'
[0.236s] Level 1:colcon.colcon_core.package_identification:_identify(runs_SAC/rwip11/log) by extensions ['ros']
[0.236s] Level 1:colcon.colcon_core.package_identification:_identify(runs_SAC/rwip11/log) by extension 'ros'
[0.236s] Level 1:colcon.colcon_core.package_identification:_identify(runs_SAC/rwip11/log) by extensions ['cmake', 'python']
[0.236s] Level 1:colcon.colcon_core.package_identification:_identify(runs_SAC/rwip11/log) by extension 'cmake'
[0.236s] Level 1:colcon.colcon_core.package_identification:_identify(runs_SAC/rwip11/log) by extension 'python'
[0.236s] Level 1:colcon.colcon_core.package_identification:_identify(runs_SAC/rwip11/log) by extensions ['python_setup_py']
[0.236s] Level 1:colcon.colcon_core.package_identification:_identify(runs_SAC/rwip11/log) by extension 'python_setup_py'
[0.236s] Level 1:colcon.colcon_core.package_identification:_identify(runs_SAC/rwip12) by extensions ['ignore', 'ignore_ament_install']
[0.236s] Level 1:colcon.colcon_core.package_identification:_identify(runs_SAC/rwip12) by extension 'ignore'
[0.236s] Level 1:colcon.colcon_core.package_identification:_identify(runs_SAC/rwip12) by extension 'ignore_ament_install'
[0.236s] Level 1:colcon.colcon_core.package_identification:_identify(runs_SAC/rwip12) by extensions ['colcon_pkg']
[0.236s] Level 1:colcon.colcon_core.package_identification:_identify(runs_SAC/rwip12) by extension 'colcon_pkg'
[0.236s] Level 1:colcon.colcon_core.package_identification:_identify(runs_SAC/rwip12) by extensions ['colcon_meta']
[0.236s] Level 1:colcon.colcon_core.package_identification:_identify(runs_SAC/rwip12) by extension 'colcon_meta'
[0.236s] Level 1:colcon.colcon_core.package_identification:_identify(runs_SAC/rwip12) by extensions ['ros']
[0.236s] Level 1:colcon.colcon_core.package_identification:_identify(runs_SAC/rwip12) by extension 'ros'
[0.236s] Level 1:colcon.colcon_core.package_identification:_identify(runs_SAC/rwip12) by extensions ['cmake', 'python']
[0.236s] Level 1:colcon.colcon_core.package_identification:_identify(runs_SAC/rwip12) by extension 'cmake'
[0.236s] Level 1:colcon.colcon_core.package_identification:_identify(runs_SAC/rwip12) by extension 'python'
[0.236s] Level 1:colcon.colcon_core.package_identification:_identify(runs_SAC/rwip12) by extensions ['python_setup_py']
[0.236s] Level 1:colcon.colcon_core.package_identification:_identify(runs_SAC/rwip12) by extension 'python_setup_py'
[0.236s] Level 1:colcon.colcon_core.package_identification:_identify(runs_SAC/rwip12/log) by extensions ['ignore', 'ignore_ament_install']
[0.237s] Level 1:colcon.colcon_core.package_identification:_identify(runs_SAC/rwip12/log) by extension 'ignore'
[0.237s] Level 1:colcon.colcon_core.package_identification:_identify(runs_SAC/rwip12/log) by extension 'ignore_ament_install'
[0.237s] Level 1:colcon.colcon_core.package_identification:_identify(runs_SAC/rwip12/log) by extensions ['colcon_pkg']
[0.237s] Level 1:colcon.colcon_core.package_identification:_identify(runs_SAC/rwip12/log) by extension 'colcon_pkg'
[0.237s] Level 1:colcon.colcon_core.package_identification:_identify(runs_SAC/rwip12/log) by extensions ['colcon_meta']
[0.237s] Level 1:colcon.colcon_core.package_identification:_identify(runs_SAC/rwip12/log) by extension 'colcon_meta'
[0.237s] Level 1:colcon.colcon_core.package_identification:_identify(runs_SAC/rwip12/log) by extensions ['ros']
[0.237s] Level 1:colcon.colcon_core.package_identification:_identify(runs_SAC/rwip12/log) by extension 'ros'
[0.237s] Level 1:colcon.colcon_core.package_identification:_identify(runs_SAC/rwip12/log) by extensions ['cmake', 'python']
[0.237s] Level 1:colcon.colcon_core.package_identification:_identify(runs_SAC/rwip12/log) by extension 'cmake'
[0.237s] Level 1:colcon.colcon_core.package_identification:_identify(runs_SAC/rwip12/log) by extension 'python'
[0.237s] Level 1:colcon.colcon_core.package_identification:_identify(runs_SAC/rwip12/log) by extensions ['python_setup_py']
[0.237s] Level 1:colcon.colcon_core.package_identification:_identify(runs_SAC/rwip12/log) by extension 'python_setup_py'
[0.237s] Level 1:colcon.colcon_core.package_identification:_identify(runs_SAC/rwip13) by extensions ['ignore', 'ignore_ament_install']
[0.237s] Level 1:colcon.colcon_core.package_identification:_identify(runs_SAC/rwip13) by extension 'ignore'
[0.237s] Level 1:colcon.colcon_core.package_identification:_identify(runs_SAC/rwip13) by extension 'ignore_ament_install'
[0.237s] Level 1:colcon.colcon_core.package_identification:_identify(runs_SAC/rwip13) by extensions ['colcon_pkg']
[0.237s] Level 1:colcon.colcon_core.package_identification:_identify(runs_SAC/rwip13) by extension 'colcon_pkg'
[0.237s] Level 1:colcon.colcon_core.package_identification:_identify(runs_SAC/rwip13) by extensions ['colcon_meta']
[0.237s] Level 1:colcon.colcon_core.package_identification:_identify(runs_SAC/rwip13) by extension 'colcon_meta'
[0.237s] Level 1:colcon.colcon_core.package_identification:_identify(runs_SAC/rwip13) by extensions ['ros']
[0.237s] Level 1:colcon.colcon_core.package_identification:_identify(runs_SAC/rwip13) by extension 'ros'
[0.237s] Level 1:colcon.colcon_core.package_identification:_identify(runs_SAC/rwip13) by extensions ['cmake', 'python']
[0.237s] Level 1:colcon.colcon_core.package_identification:_identify(runs_SAC/rwip13) by extension 'cmake'
[0.238s] Level 1:colcon.colcon_core.package_identification:_identify(runs_SAC/rwip13) by extension 'python'
[0.238s] Level 1:colcon.colcon_core.package_identification:_identify(runs_SAC/rwip13) by extensions ['python_setup_py']
[0.238s] Level 1:colcon.colcon_core.package_identification:_identify(runs_SAC/rwip13) by extension 'python_setup_py'
[0.238s] Level 1:colcon.colcon_core.package_identification:_identify(runs_SAC/rwip13/log) by extensions ['ignore', 'ignore_ament_install']
[0.238s] Level 1:colcon.colcon_core.package_identification:_identify(runs_SAC/rwip13/log) by extension 'ignore'
[0.238s] Level 1:colcon.colcon_core.package_identification:_identify(runs_SAC/rwip13/log) by extension 'ignore_ament_install'
[0.238s] Level 1:colcon.colcon_core.package_identification:_identify(runs_SAC/rwip13/log) by extensions ['colcon_pkg']
[0.238s] Level 1:colcon.colcon_core.package_identification:_identify(runs_SAC/rwip13/log) by extension 'colcon_pkg'
[0.238s] Level 1:colcon.colcon_core.package_identification:_identify(runs_SAC/rwip13/log) by extensions ['colcon_meta']
[0.238s] Level 1:colcon.colcon_core.package_identification:_identify(runs_SAC/rwip13/log) by extension 'colcon_meta'
[0.238s] Level 1:colcon.colcon_core.package_identification:_identify(runs_SAC/rwip13/log) by extensions ['ros']
[0.238s] Level 1:colcon.colcon_core.package_identification:_identify(runs_SAC/rwip13/log) by extension 'ros'
[0.238s] Level 1:colcon.colcon_core.package_identification:_identify(runs_SAC/rwip13/log) by extensions ['cmake', 'python']
[0.238s] Level 1:colcon.colcon_core.package_identification:_identify(runs_SAC/rwip13/log) by extension 'cmake'
[0.238s] Level 1:colcon.colcon_core.package_identification:_identify(runs_SAC/rwip13/log) by extension 'python'
[0.238s] Level 1:colcon.colcon_core.package_identification:_identify(runs_SAC/rwip13/log) by extensions ['python_setup_py']
[0.238s] Level 1:colcon.colcon_core.package_identification:_identify(runs_SAC/rwip13/log) by extension 'python_setup_py'
[0.238s] Level 1:colcon.colcon_core.package_identification:_identify(runs_SAC/rwip14) by extensions ['ignore', 'ignore_ament_install']
[0.238s] Level 1:colcon.colcon_core.package_identification:_identify(runs_SAC/rwip14) by extension 'ignore'
[0.238s] Level 1:colcon.colcon_core.package_identification:_identify(runs_SAC/rwip14) by extension 'ignore_ament_install'
[0.238s] Level 1:colcon.colcon_core.package_identification:_identify(runs_SAC/rwip14) by extensions ['colcon_pkg']
[0.238s] Level 1:colcon.colcon_core.package_identification:_identify(runs_SAC/rwip14) by extension 'colcon_pkg'
[0.238s] Level 1:colcon.colcon_core.package_identification:_identify(runs_SAC/rwip14) by extensions ['colcon_meta']
[0.239s] Level 1:colcon.colcon_core.package_identification:_identify(runs_SAC/rwip14) by extension 'colcon_meta'
[0.239s] Level 1:colcon.colcon_core.package_identification:_identify(runs_SAC/rwip14) by extensions ['ros']
[0.239s] Level 1:colcon.colcon_core.package_identification:_identify(runs_SAC/rwip14) by extension 'ros'
[0.239s] Level 1:colcon.colcon_core.package_identification:_identify(runs_SAC/rwip14) by extensions ['cmake', 'python']
[0.239s] Level 1:colcon.colcon_core.package_identification:_identify(runs_SAC/rwip14) by extension 'cmake'
[0.239s] Level 1:colcon.colcon_core.package_identification:_identify(runs_SAC/rwip14) by extension 'python'
[0.239s] Level 1:colcon.colcon_core.package_identification:_identify(runs_SAC/rwip14) by extensions ['python_setup_py']
[0.239s] Level 1:colcon.colcon_core.package_identification:_identify(runs_SAC/rwip14) by extension 'python_setup_py'
[0.239s] Level 1:colcon.colcon_core.package_identification:_identify(runs_SAC/rwip14/log) by extensions ['ignore', 'ignore_ament_install']
[0.239s] Level 1:colcon.colcon_core.package_identification:_identify(runs_SAC/rwip14/log) by extension 'ignore'
[0.239s] Level 1:colcon.colcon_core.package_identification:_identify(runs_SAC/rwip14/log) by extension 'ignore_ament_install'
[0.239s] Level 1:colcon.colcon_core.package_identification:_identify(runs_SAC/rwip14/log) by extensions ['colcon_pkg']
[0.239s] Level 1:colcon.colcon_core.package_identification:_identify(runs_SAC/rwip14/log) by extension 'colcon_pkg'
[0.239s] Level 1:colcon.colcon_core.package_identification:_identify(runs_SAC/rwip14/log) by extensions ['colcon_meta']
[0.239s] Level 1:colcon.colcon_core.package_identification:_identify(runs_SAC/rwip14/log) by extension 'colcon_meta'
[0.239s] Level 1:colcon.colcon_core.package_identification:_identify(runs_SAC/rwip14/log) by extensions ['ros']
[0.239s] Level 1:colcon.colcon_core.package_identification:_identify(runs_SAC/rwip14/log) by extension 'ros'
[0.239s] Level 1:colcon.colcon_core.package_identification:_identify(runs_SAC/rwip14/log) by extensions ['cmake', 'python']
[0.239s] Level 1:colcon.colcon_core.package_identification:_identify(runs_SAC/rwip14/log) by extension 'cmake'
[0.239s] Level 1:colcon.colcon_core.package_identification:_identify(runs_SAC/rwip14/log) by extension 'python'
[0.239s] Level 1:colcon.colcon_core.package_identification:_identify(runs_SAC/rwip14/log) by extensions ['python_setup_py']
[0.239s] Level 1:colcon.colcon_core.package_identification:_identify(runs_SAC/rwip14/log) by extension 'python_setup_py'
[0.239s] Level 1:colcon.colcon_core.package_identification:_identify(runs_SAC/rwip17) by extensions ['ignore', 'ignore_ament_install']
[0.239s] Level 1:colcon.colcon_core.package_identification:_identify(runs_SAC/rwip17) by extension 'ignore'
[0.240s] Level 1:colcon.colcon_core.package_identification:_identify(runs_SAC/rwip17) by extension 'ignore_ament_install'
[0.240s] Level 1:colcon.colcon_core.package_identification:_identify(runs_SAC/rwip17) by extensions ['colcon_pkg']
[0.240s] Level 1:colcon.colcon_core.package_identification:_identify(runs_SAC/rwip17) by extension 'colcon_pkg'
[0.240s] Level 1:colcon.colcon_core.package_identification:_identify(runs_SAC/rwip17) by extensions ['colcon_meta']
[0.240s] Level 1:colcon.colcon_core.package_identification:_identify(runs_SAC/rwip17) by extension 'colcon_meta'
[0.240s] Level 1:colcon.colcon_core.package_identification:_identify(runs_SAC/rwip17) by extensions ['ros']
[0.240s] Level 1:colcon.colcon_core.package_identification:_identify(runs_SAC/rwip17) by extension 'ros'
[0.240s] Level 1:colcon.colcon_core.package_identification:_identify(runs_SAC/rwip17) by extensions ['cmake', 'python']
[0.240s] Level 1:colcon.colcon_core.package_identification:_identify(runs_SAC/rwip17) by extension 'cmake'
[0.240s] Level 1:colcon.colcon_core.package_identification:_identify(runs_SAC/rwip17) by extension 'python'
[0.240s] Level 1:colcon.colcon_core.package_identification:_identify(runs_SAC/rwip17) by extensions ['python_setup_py']
[0.240s] Level 1:colcon.colcon_core.package_identification:_identify(runs_SAC/rwip17) by extension 'python_setup_py'
[0.240s] Level 1:colcon.colcon_core.package_identification:_identify(runs_SAC/rwip17/log) by extensions ['ignore', 'ignore_ament_install']
[0.240s] Level 1:colcon.colcon_core.package_identification:_identify(runs_SAC/rwip17/log) by extension 'ignore'
[0.240s] Level 1:colcon.colcon_core.package_identification:_identify(runs_SAC/rwip17/log) by extension 'ignore_ament_install'
[0.240s] Level 1:colcon.colcon_core.package_identification:_identify(runs_SAC/rwip17/log) by extensions ['colcon_pkg']
[0.240s] Level 1:colcon.colcon_core.package_identification:_identify(runs_SAC/rwip17/log) by extension 'colcon_pkg'
[0.240s] Level 1:colcon.colcon_core.package_identification:_identify(runs_SAC/rwip17/log) by extensions ['colcon_meta']
[0.240s] Level 1:colcon.colcon_core.package_identification:_identify(runs_SAC/rwip17/log) by extension 'colcon_meta'
[0.240s] Level 1:colcon.colcon_core.package_identification:_identify(runs_SAC/rwip17/log) by extensions ['ros']
[0.240s] Level 1:colcon.colcon_core.package_identification:_identify(runs_SAC/rwip17/log) by extension 'ros'
[0.240s] Level 1:colcon.colcon_core.package_identification:_identify(runs_SAC/rwip17/log) by extensions ['cmake', 'python']
[0.240s] Level 1:colcon.colcon_core.package_identification:_identify(runs_SAC/rwip17/log) by extension 'cmake'
[0.240s] Level 1:colcon.colcon_core.package_identification:_identify(runs_SAC/rwip17/log) by extension 'python'
[0.241s] Level 1:colcon.colcon_core.package_identification:_identify(runs_SAC/rwip17/log) by extensions ['python_setup_py']
[0.241s] Level 1:colcon.colcon_core.package_identification:_identify(runs_SAC/rwip17/log) by extension 'python_setup_py'
[0.241s] Level 1:colcon.colcon_core.package_identification:_identify(runs_SAC/rwip18) by extensions ['ignore', 'ignore_ament_install']
[0.241s] Level 1:colcon.colcon_core.package_identification:_identify(runs_SAC/rwip18) by extension 'ignore'
[0.241s] Level 1:colcon.colcon_core.package_identification:_identify(runs_SAC/rwip18) by extension 'ignore_ament_install'
[0.241s] Level 1:colcon.colcon_core.package_identification:_identify(runs_SAC/rwip18) by extensions ['colcon_pkg']
[0.241s] Level 1:colcon.colcon_core.package_identification:_identify(runs_SAC/rwip18) by extension 'colcon_pkg'
[0.241s] Level 1:colcon.colcon_core.package_identification:_identify(runs_SAC/rwip18) by extensions ['colcon_meta']
[0.241s] Level 1:colcon.colcon_core.package_identification:_identify(runs_SAC/rwip18) by extension 'colcon_meta'
[0.241s] Level 1:colcon.colcon_core.package_identification:_identify(runs_SAC/rwip18) by extensions ['ros']
[0.241s] Level 1:colcon.colcon_core.package_identification:_identify(runs_SAC/rwip18) by extension 'ros'
[0.241s] Level 1:colcon.colcon_core.package_identification:_identify(runs_SAC/rwip18) by extensions ['cmake', 'python']
[0.241s] Level 1:colcon.colcon_core.package_identification:_identify(runs_SAC/rwip18) by extension 'cmake'
[0.241s] Level 1:colcon.colcon_core.package_identification:_identify(runs_SAC/rwip18) by extension 'python'
[0.241s] Level 1:colcon.colcon_core.package_identification:_identify(runs_SAC/rwip18) by extensions ['python_setup_py']
[0.241s] Level 1:colcon.colcon_core.package_identification:_identify(runs_SAC/rwip18) by extension 'python_setup_py'
[0.241s] Level 1:colcon.colcon_core.package_identification:_identify(runs_SAC/rwip18/log) by extensions ['ignore', 'ignore_ament_install']
[0.241s] Level 1:colcon.colcon_core.package_identification:_identify(runs_SAC/rwip18/log) by extension 'ignore'
[0.241s] Level 1:colcon.colcon_core.package_identification:_identify(runs_SAC/rwip18/log) by extension 'ignore_ament_install'
[0.241s] Level 1:colcon.colcon_core.package_identification:_identify(runs_SAC/rwip18/log) by extensions ['colcon_pkg']
[0.241s] Level 1:colcon.colcon_core.package_identification:_identify(runs_SAC/rwip18/log) by extension 'colcon_pkg'
[0.241s] Level 1:colcon.colcon_core.package_identification:_identify(runs_SAC/rwip18/log) by extensions ['colcon_meta']
[0.241s] Level 1:colcon.colcon_core.package_identification:_identify(runs_SAC/rwip18/log) by extension 'colcon_meta'
[0.242s] Level 1:colcon.colcon_core.package_identification:_identify(runs_SAC/rwip18/log) by extensions ['ros']
[0.242s] Level 1:colcon.colcon_core.package_identification:_identify(runs_SAC/rwip18/log) by extension 'ros'
[0.242s] Level 1:colcon.colcon_core.package_identification:_identify(runs_SAC/rwip18/log) by extensions ['cmake', 'python']
[0.242s] Level 1:colcon.colcon_core.package_identification:_identify(runs_SAC/rwip18/log) by extension 'cmake'
[0.242s] Level 1:colcon.colcon_core.package_identification:_identify(runs_SAC/rwip18/log) by extension 'python'
[0.242s] Level 1:colcon.colcon_core.package_identification:_identify(runs_SAC/rwip18/log) by extensions ['python_setup_py']
[0.242s] Level 1:colcon.colcon_core.package_identification:_identify(runs_SAC/rwip18/log) by extension 'python_setup_py'
[0.242s] Level 1:colcon.colcon_core.package_identification:_identify(runs_SAC/rwip19) by extensions ['ignore', 'ignore_ament_install']
[0.242s] Level 1:colcon.colcon_core.package_identification:_identify(runs_SAC/rwip19) by extension 'ignore'
[0.242s] Level 1:colcon.colcon_core.package_identification:_identify(runs_SAC/rwip19) by extension 'ignore_ament_install'
[0.242s] Level 1:colcon.colcon_core.package_identification:_identify(runs_SAC/rwip19) by extensions ['colcon_pkg']
[0.242s] Level 1:colcon.colcon_core.package_identification:_identify(runs_SAC/rwip19) by extension 'colcon_pkg'
[0.242s] Level 1:colcon.colcon_core.package_identification:_identify(runs_SAC/rwip19) by extensions ['colcon_meta']
[0.242s] Level 1:colcon.colcon_core.package_identification:_identify(runs_SAC/rwip19) by extension 'colcon_meta'
[0.242s] Level 1:colcon.colcon_core.package_identification:_identify(runs_SAC/rwip19) by extensions ['ros']
[0.242s] Level 1:colcon.colcon_core.package_identification:_identify(runs_SAC/rwip19) by extension 'ros'
[0.242s] Level 1:colcon.colcon_core.package_identification:_identify(runs_SAC/rwip19) by extensions ['cmake', 'python']
[0.242s] Level 1:colcon.colcon_core.package_identification:_identify(runs_SAC/rwip19) by extension 'cmake'
[0.242s] Level 1:colcon.colcon_core.package_identification:_identify(runs_SAC/rwip19) by extension 'python'
[0.242s] Level 1:colcon.colcon_core.package_identification:_identify(runs_SAC/rwip19) by extensions ['python_setup_py']
[0.242s] Level 1:colcon.colcon_core.package_identification:_identify(runs_SAC/rwip19) by extension 'python_setup_py'
[0.242s] Level 1:colcon.colcon_core.package_identification:_identify(runs_SAC/rwip19/log) by extensions ['ignore', 'ignore_ament_install']
[0.242s] Level 1:colcon.colcon_core.package_identification:_identify(runs_SAC/rwip19/log) by extension 'ignore'
[0.242s] Level 1:colcon.colcon_core.package_identification:_identify(runs_SAC/rwip19/log) by extension 'ignore_ament_install'
[0.243s] Level 1:colcon.colcon_core.package_identification:_identify(runs_SAC/rwip19/log) by extensions ['colcon_pkg']
[0.243s] Level 1:colcon.colcon_core.package_identification:_identify(runs_SAC/rwip19/log) by extension 'colcon_pkg'
[0.243s] Level 1:colcon.colcon_core.package_identification:_identify(runs_SAC/rwip19/log) by extensions ['colcon_meta']
[0.243s] Level 1:colcon.colcon_core.package_identification:_identify(runs_SAC/rwip19/log) by extension 'colcon_meta'
[0.243s] Level 1:colcon.colcon_core.package_identification:_identify(runs_SAC/rwip19/log) by extensions ['ros']
[0.243s] Level 1:colcon.colcon_core.package_identification:_identify(runs_SAC/rwip19/log) by extension 'ros'
[0.243s] Level 1:colcon.colcon_core.package_identification:_identify(runs_SAC/rwip19/log) by extensions ['cmake', 'python']
[0.243s] Level 1:colcon.colcon_core.package_identification:_identify(runs_SAC/rwip19/log) by extension 'cmake'
[0.243s] Level 1:colcon.colcon_core.package_identification:_identify(runs_SAC/rwip19/log) by extension 'python'
[0.243s] Level 1:colcon.colcon_core.package_identification:_identify(runs_SAC/rwip19/log) by extensions ['python_setup_py']
[0.243s] Level 1:colcon.colcon_core.package_identification:_identify(runs_SAC/rwip19/log) by extension 'python_setup_py'
[0.243s] Level 1:colcon.colcon_core.package_identification:_identify(runs_SAC/rwip2) by extensions ['ignore', 'ignore_ament_install']
[0.243s] Level 1:colcon.colcon_core.package_identification:_identify(runs_SAC/rwip2) by extension 'ignore'
[0.243s] Level 1:colcon.colcon_core.package_identification:_identify(runs_SAC/rwip2) by extension 'ignore_ament_install'
[0.243s] Level 1:colcon.colcon_core.package_identification:_identify(runs_SAC/rwip2) by extensions ['colcon_pkg']
[0.243s] Level 1:colcon.colcon_core.package_identification:_identify(runs_SAC/rwip2) by extension 'colcon_pkg'
[0.243s] Level 1:colcon.colcon_core.package_identification:_identify(runs_SAC/rwip2) by extensions ['colcon_meta']
[0.243s] Level 1:colcon.colcon_core.package_identification:_identify(runs_SAC/rwip2) by extension 'colcon_meta'
[0.243s] Level 1:colcon.colcon_core.package_identification:_identify(runs_SAC/rwip2) by extensions ['ros']
[0.243s] Level 1:colcon.colcon_core.package_identification:_identify(runs_SAC/rwip2) by extension 'ros'
[0.243s] Level 1:colcon.colcon_core.package_identification:_identify(runs_SAC/rwip2) by extensions ['cmake', 'python']
[0.243s] Level 1:colcon.colcon_core.package_identification:_identify(runs_SAC/rwip2) by extension 'cmake'
[0.243s] Level 1:colcon.colcon_core.package_identification:_identify(runs_SAC/rwip2) by extension 'python'
[0.243s] Level 1:colcon.colcon_core.package_identification:_identify(runs_SAC/rwip2) by extensions ['python_setup_py']
[0.243s] Level 1:colcon.colcon_core.package_identification:_identify(runs_SAC/rwip2) by extension 'python_setup_py'
[0.244s] Level 1:colcon.colcon_core.package_identification:_identify(runs_SAC/rwip2/log) by extensions ['ignore', 'ignore_ament_install']
[0.244s] Level 1:colcon.colcon_core.package_identification:_identify(runs_SAC/rwip2/log) by extension 'ignore'
[0.244s] Level 1:colcon.colcon_core.package_identification:_identify(runs_SAC/rwip2/log) by extension 'ignore_ament_install'
[0.244s] Level 1:colcon.colcon_core.package_identification:_identify(runs_SAC/rwip2/log) by extensions ['colcon_pkg']
[0.244s] Level 1:colcon.colcon_core.package_identification:_identify(runs_SAC/rwip2/log) by extension 'colcon_pkg'
[0.244s] Level 1:colcon.colcon_core.package_identification:_identify(runs_SAC/rwip2/log) by extensions ['colcon_meta']
[0.244s] Level 1:colcon.colcon_core.package_identification:_identify(runs_SAC/rwip2/log) by extension 'colcon_meta'
[0.244s] Level 1:colcon.colcon_core.package_identification:_identify(runs_SAC/rwip2/log) by extensions ['ros']
[0.244s] Level 1:colcon.colcon_core.package_identification:_identify(runs_SAC/rwip2/log) by extension 'ros'
[0.244s] Level 1:colcon.colcon_core.package_identification:_identify(runs_SAC/rwip2/log) by extensions ['cmake', 'python']
[0.244s] Level 1:colcon.colcon_core.package_identification:_identify(runs_SAC/rwip2/log) by extension 'cmake'
[0.244s] Level 1:colcon.colcon_core.package_identification:_identify(runs_SAC/rwip2/log) by extension 'python'
[0.244s] Level 1:colcon.colcon_core.package_identification:_identify(runs_SAC/rwip2/log) by extensions ['python_setup_py']
[0.244s] Level 1:colcon.colcon_core.package_identification:_identify(runs_SAC/rwip2/log) by extension 'python_setup_py'
[0.244s] Level 1:colcon.colcon_core.package_identification:_identify(runs_SAC/rwip20) by extensions ['ignore', 'ignore_ament_install']
[0.244s] Level 1:colcon.colcon_core.package_identification:_identify(runs_SAC/rwip20) by extension 'ignore'
[0.244s] Level 1:colcon.colcon_core.package_identification:_identify(runs_SAC/rwip20) by extension 'ignore_ament_install'
[0.244s] Level 1:colcon.colcon_core.package_identification:_identify(runs_SAC/rwip20) by extensions ['colcon_pkg']
[0.244s] Level 1:colcon.colcon_core.package_identification:_identify(runs_SAC/rwip20) by extension 'colcon_pkg'
[0.244s] Level 1:colcon.colcon_core.package_identification:_identify(runs_SAC/rwip20) by extensions ['colcon_meta']
[0.244s] Level 1:colcon.colcon_core.package_identification:_identify(runs_SAC/rwip20) by extension 'colcon_meta'
[0.244s] Level 1:colcon.colcon_core.package_identification:_identify(runs_SAC/rwip20) by extensions ['ros']
[0.244s] Level 1:colcon.colcon_core.package_identification:_identify(runs_SAC/rwip20) by extension 'ros'
[0.245s] Level 1:colcon.colcon_core.package_identification:_identify(runs_SAC/rwip20) by extensions ['cmake', 'python']
[0.245s] Level 1:colcon.colcon_core.package_identification:_identify(runs_SAC/rwip20) by extension 'cmake'
[0.245s] Level 1:colcon.colcon_core.package_identification:_identify(runs_SAC/rwip20) by extension 'python'
[0.245s] Level 1:colcon.colcon_core.package_identification:_identify(runs_SAC/rwip20) by extensions ['python_setup_py']
[0.245s] Level 1:colcon.colcon_core.package_identification:_identify(runs_SAC/rwip20) by extension 'python_setup_py'
[0.245s] Level 1:colcon.colcon_core.package_identification:_identify(runs_SAC/rwip20/log) by extensions ['ignore', 'ignore_ament_install']
[0.245s] Level 1:colcon.colcon_core.package_identification:_identify(runs_SAC/rwip20/log) by extension 'ignore'
[0.245s] Level 1:colcon.colcon_core.package_identification:_identify(runs_SAC/rwip20/log) by extension 'ignore_ament_install'
[0.245s] Level 1:colcon.colcon_core.package_identification:_identify(runs_SAC/rwip20/log) by extensions ['colcon_pkg']
[0.245s] Level 1:colcon.colcon_core.package_identification:_identify(runs_SAC/rwip20/log) by extension 'colcon_pkg'
[0.245s] Level 1:colcon.colcon_core.package_identification:_identify(runs_SAC/rwip20/log) by extensions ['colcon_meta']
[0.245s] Level 1:colcon.colcon_core.package_identification:_identify(runs_SAC/rwip20/log) by extension 'colcon_meta'
[0.245s] Level 1:colcon.colcon_core.package_identification:_identify(runs_SAC/rwip20/log) by extensions ['ros']
[0.245s] Level 1:colcon.colcon_core.package_identification:_identify(runs_SAC/rwip20/log) by extension 'ros'
[0.245s] Level 1:colcon.colcon_core.package_identification:_identify(runs_SAC/rwip20/log) by extensions ['cmake', 'python']
[0.245s] Level 1:colcon.colcon_core.package_identification:_identify(runs_SAC/rwip20/log) by extension 'cmake'
[0.245s] Level 1:colcon.colcon_core.package_identification:_identify(runs_SAC/rwip20/log) by extension 'python'
[0.245s] Level 1:colcon.colcon_core.package_identification:_identify(runs_SAC/rwip20/log) by extensions ['python_setup_py']
[0.245s] Level 1:colcon.colcon_core.package_identification:_identify(runs_SAC/rwip20/log) by extension 'python_setup_py'
[0.245s] Level 1:colcon.colcon_core.package_identification:_identify(runs_SAC/rwip3) by extensions ['ignore', 'ignore_ament_install']
[0.245s] Level 1:colcon.colcon_core.package_identification:_identify(runs_SAC/rwip3) by extension 'ignore'
[0.245s] Level 1:colcon.colcon_core.package_identification:_identify(runs_SAC/rwip3) by extension 'ignore_ament_install'
[0.245s] Level 1:colcon.colcon_core.package_identification:_identify(runs_SAC/rwip3) by extensions ['colcon_pkg']
[0.246s] Level 1:colcon.colcon_core.package_identification:_identify(runs_SAC/rwip3) by extension 'colcon_pkg'
[0.246s] Level 1:colcon.colcon_core.package_identification:_identify(runs_SAC/rwip3) by extensions ['colcon_meta']
[0.246s] Level 1:colcon.colcon_core.package_identification:_identify(runs_SAC/rwip3) by extension 'colcon_meta'
[0.246s] Level 1:colcon.colcon_core.package_identification:_identify(runs_SAC/rwip3) by extensions ['ros']
[0.246s] Level 1:colcon.colcon_core.package_identification:_identify(runs_SAC/rwip3) by extension 'ros'
[0.246s] Level 1:colcon.colcon_core.package_identification:_identify(runs_SAC/rwip3) by extensions ['cmake', 'python']
[0.246s] Level 1:colcon.colcon_core.package_identification:_identify(runs_SAC/rwip3) by extension 'cmake'
[0.246s] Level 1:colcon.colcon_core.package_identification:_identify(runs_SAC/rwip3) by extension 'python'
[0.246s] Level 1:colcon.colcon_core.package_identification:_identify(runs_SAC/rwip3) by extensions ['python_setup_py']
[0.246s] Level 1:colcon.colcon_core.package_identification:_identify(runs_SAC/rwip3) by extension 'python_setup_py'
[0.246s] Level 1:colcon.colcon_core.package_identification:_identify(runs_SAC/rwip3/log) by extensions ['ignore', 'ignore_ament_install']
[0.246s] Level 1:colcon.colcon_core.package_identification:_identify(runs_SAC/rwip3/log) by extension 'ignore'
[0.246s] Level 1:colcon.colcon_core.package_identification:_identify(runs_SAC/rwip3/log) by extension 'ignore_ament_install'
[0.246s] Level 1:colcon.colcon_core.package_identification:_identify(runs_SAC/rwip3/log) by extensions ['colcon_pkg']
[0.246s] Level 1:colcon.colcon_core.package_identification:_identify(runs_SAC/rwip3/log) by extension 'colcon_pkg'
[0.246s] Level 1:colcon.colcon_core.package_identification:_identify(runs_SAC/rwip3/log) by extensions ['colcon_meta']
[0.246s] Level 1:colcon.colcon_core.package_identification:_identify(runs_SAC/rwip3/log) by extension 'colcon_meta'
[0.246s] Level 1:colcon.colcon_core.package_identification:_identify(runs_SAC/rwip3/log) by extensions ['ros']
[0.246s] Level 1:colcon.colcon_core.package_identification:_identify(runs_SAC/rwip3/log) by extension 'ros'
[0.246s] Level 1:colcon.colcon_core.package_identification:_identify(runs_SAC/rwip3/log) by extensions ['cmake', 'python']
[0.246s] Level 1:colcon.colcon_core.package_identification:_identify(runs_SAC/rwip3/log) by extension 'cmake'
[0.246s] Level 1:colcon.colcon_core.package_identification:_identify(runs_SAC/rwip3/log) by extension 'python'
[0.246s] Level 1:colcon.colcon_core.package_identification:_identify(runs_SAC/rwip3/log) by extensions ['python_setup_py']
[0.246s] Level 1:colcon.colcon_core.package_identification:_identify(runs_SAC/rwip3/log) by extension 'python_setup_py'
[0.246s] Level 1:colcon.colcon_core.package_identification:_identify(runs_SAC/rwip4) by extensions ['ignore', 'ignore_ament_install']
[0.247s] Level 1:colcon.colcon_core.package_identification:_identify(runs_SAC/rwip4) by extension 'ignore'
[0.247s] Level 1:colcon.colcon_core.package_identification:_identify(runs_SAC/rwip4) by extension 'ignore_ament_install'
[0.247s] Level 1:colcon.colcon_core.package_identification:_identify(runs_SAC/rwip4) by extensions ['colcon_pkg']
[0.247s] Level 1:colcon.colcon_core.package_identification:_identify(runs_SAC/rwip4) by extension 'colcon_pkg'
[0.247s] Level 1:colcon.colcon_core.package_identification:_identify(runs_SAC/rwip4) by extensions ['colcon_meta']
[0.247s] Level 1:colcon.colcon_core.package_identification:_identify(runs_SAC/rwip4) by extension 'colcon_meta'
[0.247s] Level 1:colcon.colcon_core.package_identification:_identify(runs_SAC/rwip4) by extensions ['ros']
[0.247s] Level 1:colcon.colcon_core.package_identification:_identify(runs_SAC/rwip4) by extension 'ros'
[0.247s] Level 1:colcon.colcon_core.package_identification:_identify(runs_SAC/rwip4) by extensions ['cmake', 'python']
[0.247s] Level 1:colcon.colcon_core.package_identification:_identify(runs_SAC/rwip4) by extension 'cmake'
[0.247s] Level 1:colcon.colcon_core.package_identification:_identify(runs_SAC/rwip4) by extension 'python'
[0.247s] Level 1:colcon.colcon_core.package_identification:_identify(runs_SAC/rwip4) by extensions ['python_setup_py']
[0.247s] Level 1:colcon.colcon_core.package_identification:_identify(runs_SAC/rwip4) by extension 'python_setup_py'
[0.247s] Level 1:colcon.colcon_core.package_identification:_identify(runs_SAC/rwip4/log) by extensions ['ignore', 'ignore_ament_install']
[0.247s] Level 1:colcon.colcon_core.package_identification:_identify(runs_SAC/rwip4/log) by extension 'ignore'
[0.247s] Level 1:colcon.colcon_core.package_identification:_identify(runs_SAC/rwip4/log) by extension 'ignore_ament_install'
[0.247s] Level 1:colcon.colcon_core.package_identification:_identify(runs_SAC/rwip4/log) by extensions ['colcon_pkg']
[0.247s] Level 1:colcon.colcon_core.package_identification:_identify(runs_SAC/rwip4/log) by extension 'colcon_pkg'
[0.247s] Level 1:colcon.colcon_core.package_identification:_identify(runs_SAC/rwip4/log) by extensions ['colcon_meta']
[0.247s] Level 1:colcon.colcon_core.package_identification:_identify(runs_SAC/rwip4/log) by extension 'colcon_meta'
[0.247s] Level 1:colcon.colcon_core.package_identification:_identify(runs_SAC/rwip4/log) by extensions ['ros']
[0.247s] Level 1:colcon.colcon_core.package_identification:_identify(runs_SAC/rwip4/log) by extension 'ros'
[0.247s] Level 1:colcon.colcon_core.package_identification:_identify(runs_SAC/rwip4/log) by extensions ['cmake', 'python']
[0.247s] Level 1:colcon.colcon_core.package_identification:_identify(runs_SAC/rwip4/log) by extension 'cmake'
[0.248s] Level 1:colcon.colcon_core.package_identification:_identify(runs_SAC/rwip4/log) by extension 'python'
[0.248s] Level 1:colcon.colcon_core.package_identification:_identify(runs_SAC/rwip4/log) by extensions ['python_setup_py']
[0.248s] Level 1:colcon.colcon_core.package_identification:_identify(runs_SAC/rwip4/log) by extension 'python_setup_py'
[0.248s] Level 1:colcon.colcon_core.package_identification:_identify(runs_SAC/rwip5) by extensions ['ignore', 'ignore_ament_install']
[0.248s] Level 1:colcon.colcon_core.package_identification:_identify(runs_SAC/rwip5) by extension 'ignore'
[0.248s] Level 1:colcon.colcon_core.package_identification:_identify(runs_SAC/rwip5) by extension 'ignore_ament_install'
[0.248s] Level 1:colcon.colcon_core.package_identification:_identify(runs_SAC/rwip5) by extensions ['colcon_pkg']
[0.248s] Level 1:colcon.colcon_core.package_identification:_identify(runs_SAC/rwip5) by extension 'colcon_pkg'
[0.248s] Level 1:colcon.colcon_core.package_identification:_identify(runs_SAC/rwip5) by extensions ['colcon_meta']
[0.248s] Level 1:colcon.colcon_core.package_identification:_identify(runs_SAC/rwip5) by extension 'colcon_meta'
[0.248s] Level 1:colcon.colcon_core.package_identification:_identify(runs_SAC/rwip5) by extensions ['ros']
[0.248s] Level 1:colcon.colcon_core.package_identification:_identify(runs_SAC/rwip5) by extension 'ros'
[0.248s] Level 1:colcon.colcon_core.package_identification:_identify(runs_SAC/rwip5) by extensions ['cmake', 'python']
[0.248s] Level 1:colcon.colcon_core.package_identification:_identify(runs_SAC/rwip5) by extension 'cmake'
[0.248s] Level 1:colcon.colcon_core.package_identification:_identify(runs_SAC/rwip5) by extension 'python'
[0.248s] Level 1:colcon.colcon_core.package_identification:_identify(runs_SAC/rwip5) by extensions ['python_setup_py']
[0.248s] Level 1:colcon.colcon_core.package_identification:_identify(runs_SAC/rwip5) by extension 'python_setup_py'
[0.248s] Level 1:colcon.colcon_core.package_identification:_identify(runs_SAC/rwip5/log) by extensions ['ignore', 'ignore_ament_install']
[0.248s] Level 1:colcon.colcon_core.package_identification:_identify(runs_SAC/rwip5/log) by extension 'ignore'
[0.248s] Level 1:colcon.colcon_core.package_identification:_identify(runs_SAC/rwip5/log) by extension 'ignore_ament_install'
[0.248s] Level 1:colcon.colcon_core.package_identification:_identify(runs_SAC/rwip5/log) by extensions ['colcon_pkg']
[0.248s] Level 1:colcon.colcon_core.package_identification:_identify(runs_SAC/rwip5/log) by extension 'colcon_pkg'
[0.248s] Level 1:colcon.colcon_core.package_identification:_identify(runs_SAC/rwip5/log) by extensions ['colcon_meta']
[0.248s] Level 1:colcon.colcon_core.package_identification:_identify(runs_SAC/rwip5/log) by extension 'colcon_meta'
[0.249s] Level 1:colcon.colcon_core.package_identification:_identify(runs_SAC/rwip5/log) by extensions ['ros']
[0.249s] Level 1:colcon.colcon_core.package_identification:_identify(runs_SAC/rwip5/log) by extension 'ros'
[0.249s] Level 1:colcon.colcon_core.package_identification:_identify(runs_SAC/rwip5/log) by extensions ['cmake', 'python']
[0.249s] Level 1:colcon.colcon_core.package_identification:_identify(runs_SAC/rwip5/log) by extension 'cmake'
[0.249s] Level 1:colcon.colcon_core.package_identification:_identify(runs_SAC/rwip5/log) by extension 'python'
[0.249s] Level 1:colcon.colcon_core.package_identification:_identify(runs_SAC/rwip5/log) by extensions ['python_setup_py']
[0.249s] Level 1:colcon.colcon_core.package_identification:_identify(runs_SAC/rwip5/log) by extension 'python_setup_py'
[0.249s] Level 1:colcon.colcon_core.package_identification:_identify(runs_SAC/rwip6) by extensions ['ignore', 'ignore_ament_install']
[0.249s] Level 1:colcon.colcon_core.package_identification:_identify(runs_SAC/rwip6) by extension 'ignore'
[0.249s] Level 1:colcon.colcon_core.package_identification:_identify(runs_SAC/rwip6) by extension 'ignore_ament_install'
[0.249s] Level 1:colcon.colcon_core.package_identification:_identify(runs_SAC/rwip6) by extensions ['colcon_pkg']
[0.249s] Level 1:colcon.colcon_core.package_identification:_identify(runs_SAC/rwip6) by extension 'colcon_pkg'
[0.249s] Level 1:colcon.colcon_core.package_identification:_identify(runs_SAC/rwip6) by extensions ['colcon_meta']
[0.249s] Level 1:colcon.colcon_core.package_identification:_identify(runs_SAC/rwip6) by extension 'colcon_meta'
[0.249s] Level 1:colcon.colcon_core.package_identification:_identify(runs_SAC/rwip6) by extensions ['ros']
[0.249s] Level 1:colcon.colcon_core.package_identification:_identify(runs_SAC/rwip6) by extension 'ros'
[0.249s] Level 1:colcon.colcon_core.package_identification:_identify(runs_SAC/rwip6) by extensions ['cmake', 'python']
[0.249s] Level 1:colcon.colcon_core.package_identification:_identify(runs_SAC/rwip6) by extension 'cmake'
[0.249s] Level 1:colcon.colcon_core.package_identification:_identify(runs_SAC/rwip6) by extension 'python'
[0.249s] Level 1:colcon.colcon_core.package_identification:_identify(runs_SAC/rwip6) by extensions ['python_setup_py']
[0.249s] Level 1:colcon.colcon_core.package_identification:_identify(runs_SAC/rwip6) by extension 'python_setup_py'
[0.249s] Level 1:colcon.colcon_core.package_identification:_identify(runs_SAC/rwip6/log) by extensions ['ignore', 'ignore_ament_install']
[0.250s] Level 1:colcon.colcon_core.package_identification:_identify(runs_SAC/rwip6/log) by extension 'ignore'
[0.250s] Level 1:colcon.colcon_core.package_identification:_identify(runs_SAC/rwip6/log) by extension 'ignore_ament_install'
[0.250s] Level 1:colcon.colcon_core.package_identification:_identify(runs_SAC/rwip6/log) by extensions ['colcon_pkg']
[0.250s] Level 1:colcon.colcon_core.package_identification:_identify(runs_SAC/rwip6/log) by extension 'colcon_pkg'
[0.250s] Level 1:colcon.colcon_core.package_identification:_identify(runs_SAC/rwip6/log) by extensions ['colcon_meta']
[0.250s] Level 1:colcon.colcon_core.package_identification:_identify(runs_SAC/rwip6/log) by extension 'colcon_meta'
[0.250s] Level 1:colcon.colcon_core.package_identification:_identify(runs_SAC/rwip6/log) by extensions ['ros']
[0.250s] Level 1:colcon.colcon_core.package_identification:_identify(runs_SAC/rwip6/log) by extension 'ros'
[0.250s] Level 1:colcon.colcon_core.package_identification:_identify(runs_SAC/rwip6/log) by extensions ['cmake', 'python']
[0.250s] Level 1:colcon.colcon_core.package_identification:_identify(runs_SAC/rwip6/log) by extension 'cmake'
[0.250s] Level 1:colcon.colcon_core.package_identification:_identify(runs_SAC/rwip6/log) by extension 'python'
[0.250s] Level 1:colcon.colcon_core.package_identification:_identify(runs_SAC/rwip6/log) by extensions ['python_setup_py']
[0.250s] Level 1:colcon.colcon_core.package_identification:_identify(runs_SAC/rwip6/log) by extension 'python_setup_py'
[0.250s] Level 1:colcon.colcon_core.package_identification:_identify(runs_SAC/rwip7) by extensions ['ignore', 'ignore_ament_install']
[0.250s] Level 1:colcon.colcon_core.package_identification:_identify(runs_SAC/rwip7) by extension 'ignore'
[0.250s] Level 1:colcon.colcon_core.package_identification:_identify(runs_SAC/rwip7) by extension 'ignore_ament_install'
[0.250s] Level 1:colcon.colcon_core.package_identification:_identify(runs_SAC/rwip7) by extensions ['colcon_pkg']
[0.250s] Level 1:colcon.colcon_core.package_identification:_identify(runs_SAC/rwip7) by extension 'colcon_pkg'
[0.250s] Level 1:colcon.colcon_core.package_identification:_identify(runs_SAC/rwip7) by extensions ['colcon_meta']
[0.250s] Level 1:colcon.colcon_core.package_identification:_identify(runs_SAC/rwip7) by extension 'colcon_meta'
[0.250s] Level 1:colcon.colcon_core.package_identification:_identify(runs_SAC/rwip7) by extensions ['ros']
[0.250s] Level 1:colcon.colcon_core.package_identification:_identify(runs_SAC/rwip7) by extension 'ros'
[0.250s] Level 1:colcon.colcon_core.package_identification:_identify(runs_SAC/rwip7) by extensions ['cmake', 'python']
[0.250s] Level 1:colcon.colcon_core.package_identification:_identify(runs_SAC/rwip7) by extension 'cmake'
[0.250s] Level 1:colcon.colcon_core.package_identification:_identify(runs_SAC/rwip7) by extension 'python'
[0.251s] Level 1:colcon.colcon_core.package_identification:_identify(runs_SAC/rwip7) by extensions ['python_setup_py']
[0.251s] Level 1:colcon.colcon_core.package_identification:_identify(runs_SAC/rwip7) by extension 'python_setup_py'
[0.251s] Level 1:colcon.colcon_core.package_identification:_identify(runs_SAC/rwip7/log) by extensions ['ignore', 'ignore_ament_install']
[0.251s] Level 1:colcon.colcon_core.package_identification:_identify(runs_SAC/rwip7/log) by extension 'ignore'
[0.251s] Level 1:colcon.colcon_core.package_identification:_identify(runs_SAC/rwip7/log) by extension 'ignore_ament_install'
[0.251s] Level 1:colcon.colcon_core.package_identification:_identify(runs_SAC/rwip7/log) by extensions ['colcon_pkg']
[0.251s] Level 1:colcon.colcon_core.package_identification:_identify(runs_SAC/rwip7/log) by extension 'colcon_pkg'
[0.251s] Level 1:colcon.colcon_core.package_identification:_identify(runs_SAC/rwip7/log) by extensions ['colcon_meta']
[0.251s] Level 1:colcon.colcon_core.package_identification:_identify(runs_SAC/rwip7/log) by extension 'colcon_meta'
[0.251s] Level 1:colcon.colcon_core.package_identification:_identify(runs_SAC/rwip7/log) by extensions ['ros']
[0.251s] Level 1:colcon.colcon_core.package_identification:_identify(runs_SAC/rwip7/log) by extension 'ros'
[0.251s] Level 1:colcon.colcon_core.package_identification:_identify(runs_SAC/rwip7/log) by extensions ['cmake', 'python']
[0.251s] Level 1:colcon.colcon_core.package_identification:_identify(runs_SAC/rwip7/log) by extension 'cmake'
[0.251s] Level 1:colcon.colcon_core.package_identification:_identify(runs_SAC/rwip7/log) by extension 'python'
[0.251s] Level 1:colcon.colcon_core.package_identification:_identify(runs_SAC/rwip7/log) by extensions ['python_setup_py']
[0.251s] Level 1:colcon.colcon_core.package_identification:_identify(runs_SAC/rwip7/log) by extension 'python_setup_py'
[0.251s] Level 1:colcon.colcon_core.package_identification:_identify(runs_SAC/rwip8) by extensions ['ignore', 'ignore_ament_install']
[0.251s] Level 1:colcon.colcon_core.package_identification:_identify(runs_SAC/rwip8) by extension 'ignore'
[0.251s] Level 1:colcon.colcon_core.package_identification:_identify(runs_SAC/rwip8) by extension 'ignore_ament_install'
[0.251s] Level 1:colcon.colcon_core.package_identification:_identify(runs_SAC/rwip8) by extensions ['colcon_pkg']
[0.251s] Level 1:colcon.colcon_core.package_identification:_identify(runs_SAC/rwip8) by extension 'colcon_pkg'
[0.251s] Level 1:colcon.colcon_core.package_identification:_identify(runs_SAC/rwip8) by extensions ['colcon_meta']
[0.251s] Level 1:colcon.colcon_core.package_identification:_identify(runs_SAC/rwip8) by extension 'colcon_meta'
[0.252s] Level 1:colcon.colcon_core.package_identification:_identify(runs_SAC/rwip8) by extensions ['ros']
[0.252s] Level 1:colcon.colcon_core.package_identification:_identify(runs_SAC/rwip8) by extension 'ros'
[0.252s] Level 1:colcon.colcon_core.package_identification:_identify(runs_SAC/rwip8) by extensions ['cmake', 'python']
[0.252s] Level 1:colcon.colcon_core.package_identification:_identify(runs_SAC/rwip8) by extension 'cmake'
[0.252s] Level 1:colcon.colcon_core.package_identification:_identify(runs_SAC/rwip8) by extension 'python'
[0.252s] Level 1:colcon.colcon_core.package_identification:_identify(runs_SAC/rwip8) by extensions ['python_setup_py']
[0.252s] Level 1:colcon.colcon_core.package_identification:_identify(runs_SAC/rwip8) by extension 'python_setup_py'
[0.252s] Level 1:colcon.colcon_core.package_identification:_identify(runs_SAC/rwip8/log) by extensions ['ignore', 'ignore_ament_install']
[0.252s] Level 1:colcon.colcon_core.package_identification:_identify(runs_SAC/rwip8/log) by extension 'ignore'
[0.252s] Level 1:colcon.colcon_core.package_identification:_identify(runs_SAC/rwip8/log) by extension 'ignore_ament_install'
[0.252s] Level 1:colcon.colcon_core.package_identification:_identify(runs_SAC/rwip8/log) by extensions ['colcon_pkg']
[0.252s] Level 1:colcon.colcon_core.package_identification:_identify(runs_SAC/rwip8/log) by extension 'colcon_pkg'
[0.252s] Level 1:colcon.colcon_core.package_identification:_identify(runs_SAC/rwip8/log) by extensions ['colcon_meta']
[0.252s] Level 1:colcon.colcon_core.package_identification:_identify(runs_SAC/rwip8/log) by extension 'colcon_meta'
[0.252s] Level 1:colcon.colcon_core.package_identification:_identify(runs_SAC/rwip8/log) by extensions ['ros']
[0.252s] Level 1:colcon.colcon_core.package_identification:_identify(runs_SAC/rwip8/log) by extension 'ros'
[0.252s] Level 1:colcon.colcon_core.package_identification:_identify(runs_SAC/rwip8/log) by extensions ['cmake', 'python']
[0.252s] Level 1:colcon.colcon_core.package_identification:_identify(runs_SAC/rwip8/log) by extension 'cmake'
[0.252s] Level 1:colcon.colcon_core.package_identification:_identify(runs_SAC/rwip8/log) by extension 'python'
[0.252s] Level 1:colcon.colcon_core.package_identification:_identify(runs_SAC/rwip8/log) by extensions ['python_setup_py']
[0.252s] Level 1:colcon.colcon_core.package_identification:_identify(runs_SAC/rwip8/log) by extension 'python_setup_py'
[0.252s] Level 1:colcon.colcon_core.package_identification:_identify(runs_SAC/rwip9) by extensions ['ignore', 'ignore_ament_install']
[0.252s] Level 1:colcon.colcon_core.package_identification:_identify(runs_SAC/rwip9) by extension 'ignore'
[0.252s] Level 1:colcon.colcon_core.package_identification:_identify(runs_SAC/rwip9) by extension 'ignore_ament_install'
[0.253s] Level 1:colcon.colcon_core.package_identification:_identify(runs_SAC/rwip9) by extensions ['colcon_pkg']
[0.253s] Level 1:colcon.colcon_core.package_identification:_identify(runs_SAC/rwip9) by extension 'colcon_pkg'
[0.253s] Level 1:colcon.colcon_core.package_identification:_identify(runs_SAC/rwip9) by extensions ['colcon_meta']
[0.253s] Level 1:colcon.colcon_core.package_identification:_identify(runs_SAC/rwip9) by extension 'colcon_meta'
[0.253s] Level 1:colcon.colcon_core.package_identification:_identify(runs_SAC/rwip9) by extensions ['ros']
[0.253s] Level 1:colcon.colcon_core.package_identification:_identify(runs_SAC/rwip9) by extension 'ros'
[0.253s] Level 1:colcon.colcon_core.package_identification:_identify(runs_SAC/rwip9) by extensions ['cmake', 'python']
[0.253s] Level 1:colcon.colcon_core.package_identification:_identify(runs_SAC/rwip9) by extension 'cmake'
[0.253s] Level 1:colcon.colcon_core.package_identification:_identify(runs_SAC/rwip9) by extension 'python'
[0.253s] Level 1:colcon.colcon_core.package_identification:_identify(runs_SAC/rwip9) by extensions ['python_setup_py']
[0.253s] Level 1:colcon.colcon_core.package_identification:_identify(runs_SAC/rwip9) by extension 'python_setup_py'
[0.253s] Level 1:colcon.colcon_core.package_identification:_identify(runs_SAC/rwip9/log) by extensions ['ignore', 'ignore_ament_install']
[0.253s] Level 1:colcon.colcon_core.package_identification:_identify(runs_SAC/rwip9/log) by extension 'ignore'
[0.253s] Level 1:colcon.colcon_core.package_identification:_identify(runs_SAC/rwip9/log) by extension 'ignore_ament_install'
[0.253s] Level 1:colcon.colcon_core.package_identification:_identify(runs_SAC/rwip9/log) by extensions ['colcon_pkg']
[0.253s] Level 1:colcon.colcon_core.package_identification:_identify(runs_SAC/rwip9/log) by extension 'colcon_pkg'
[0.253s] Level 1:colcon.colcon_core.package_identification:_identify(runs_SAC/rwip9/log) by extensions ['colcon_meta']
[0.253s] Level 1:colcon.colcon_core.package_identification:_identify(runs_SAC/rwip9/log) by extension 'colcon_meta'
[0.253s] Level 1:colcon.colcon_core.package_identification:_identify(runs_SAC/rwip9/log) by extensions ['ros']
[0.253s] Level 1:colcon.colcon_core.package_identification:_identify(runs_SAC/rwip9/log) by extension 'ros'
[0.253s] Level 1:colcon.colcon_core.package_identification:_identify(runs_SAC/rwip9/log) by extensions ['cmake', 'python']
[0.253s] Level 1:colcon.colcon_core.package_identification:_identify(runs_SAC/rwip9/log) by extension 'cmake'
[0.253s] Level 1:colcon.colcon_core.package_identification:_identify(runs_SAC/rwip9/log) by extension 'python'
[0.253s] Level 1:colcon.colcon_core.package_identification:_identify(runs_SAC/rwip9/log) by extensions ['python_setup_py']
[0.253s] Level 1:colcon.colcon_core.package_identification:_identify(runs_SAC/rwip9/log) by extension 'python_setup_py'
[0.254s] Level 1:colcon.colcon_core.package_identification:_identify(runs_SAC/rwip99) by extensions ['ignore', 'ignore_ament_install']
[0.254s] Level 1:colcon.colcon_core.package_identification:_identify(runs_SAC/rwip99) by extension 'ignore'
[0.254s] Level 1:colcon.colcon_core.package_identification:_identify(runs_SAC/rwip99) by extension 'ignore_ament_install'
[0.254s] Level 1:colcon.colcon_core.package_identification:_identify(runs_SAC/rwip99) by extensions ['colcon_pkg']
[0.254s] Level 1:colcon.colcon_core.package_identification:_identify(runs_SAC/rwip99) by extension 'colcon_pkg'
[0.254s] Level 1:colcon.colcon_core.package_identification:_identify(runs_SAC/rwip99) by extensions ['colcon_meta']
[0.254s] Level 1:colcon.colcon_core.package_identification:_identify(runs_SAC/rwip99) by extension 'colcon_meta'
[0.254s] Level 1:colcon.colcon_core.package_identification:_identify(runs_SAC/rwip99) by extensions ['ros']
[0.254s] Level 1:colcon.colcon_core.package_identification:_identify(runs_SAC/rwip99) by extension 'ros'
[0.254s] Level 1:colcon.colcon_core.package_identification:_identify(runs_SAC/rwip99) by extensions ['cmake', 'python']
[0.254s] Level 1:colcon.colcon_core.package_identification:_identify(runs_SAC/rwip99) by extension 'cmake'
[0.254s] Level 1:colcon.colcon_core.package_identification:_identify(runs_SAC/rwip99) by extension 'python'
[0.254s] Level 1:colcon.colcon_core.package_identification:_identify(runs_SAC/rwip99) by extensions ['python_setup_py']
[0.254s] Level 1:colcon.colcon_core.package_identification:_identify(runs_SAC/rwip99) by extension 'python_setup_py'
[0.254s] Level 1:colcon.colcon_core.package_identification:_identify(runs_SAC/rwip99/fig) by extensions ['ignore', 'ignore_ament_install']
[0.254s] Level 1:colcon.colcon_core.package_identification:_identify(runs_SAC/rwip99/fig) by extension 'ignore'
[0.254s] Level 1:colcon.colcon_core.package_identification:_identify(runs_SAC/rwip99/fig) by extension 'ignore_ament_install'
[0.254s] Level 1:colcon.colcon_core.package_identification:_identify(runs_SAC/rwip99/fig) by extensions ['colcon_pkg']
[0.254s] Level 1:colcon.colcon_core.package_identification:_identify(runs_SAC/rwip99/fig) by extension 'colcon_pkg'
[0.254s] Level 1:colcon.colcon_core.package_identification:_identify(runs_SAC/rwip99/fig) by extensions ['colcon_meta']
[0.254s] Level 1:colcon.colcon_core.package_identification:_identify(runs_SAC/rwip99/fig) by extension 'colcon_meta'
[0.254s] Level 1:colcon.colcon_core.package_identification:_identify(runs_SAC/rwip99/fig) by extensions ['ros']
[0.254s] Level 1:colcon.colcon_core.package_identification:_identify(runs_SAC/rwip99/fig) by extension 'ros'
[0.255s] Level 1:colcon.colcon_core.package_identification:_identify(runs_SAC/rwip99/fig) by extensions ['cmake', 'python']
[0.255s] Level 1:colcon.colcon_core.package_identification:_identify(runs_SAC/rwip99/fig) by extension 'cmake'
[0.255s] Level 1:colcon.colcon_core.package_identification:_identify(runs_SAC/rwip99/fig) by extension 'python'
[0.255s] Level 1:colcon.colcon_core.package_identification:_identify(runs_SAC/rwip99/fig) by extensions ['python_setup_py']
[0.255s] Level 1:colcon.colcon_core.package_identification:_identify(runs_SAC/rwip99/fig) by extension 'python_setup_py'
[0.255s] Level 1:colcon.colcon_core.package_identification:_identify(src) by extensions ['ignore', 'ignore_ament_install']
[0.255s] Level 1:colcon.colcon_core.package_identification:_identify(src) by extension 'ignore'
[0.255s] Level 1:colcon.colcon_core.package_identification:_identify(src) by extension 'ignore_ament_install'
[0.255s] Level 1:colcon.colcon_core.package_identification:_identify(src) by extensions ['colcon_pkg']
[0.255s] Level 1:colcon.colcon_core.package_identification:_identify(src) by extension 'colcon_pkg'
[0.255s] Level 1:colcon.colcon_core.package_identification:_identify(src) by extensions ['colcon_meta']
[0.255s] Level 1:colcon.colcon_core.package_identification:_identify(src) by extension 'colcon_meta'
[0.255s] Level 1:colcon.colcon_core.package_identification:_identify(src) by extensions ['ros']
[0.255s] Level 1:colcon.colcon_core.package_identification:_identify(src) by extension 'ros'
[0.255s] Level 1:colcon.colcon_core.package_identification:_identify(src) by extensions ['cmake', 'python']
[0.255s] Level 1:colcon.colcon_core.package_identification:_identify(src) by extension 'cmake'
[0.255s] Level 1:colcon.colcon_core.package_identification:_identify(src) by extension 'python'
[0.255s] Level 1:colcon.colcon_core.package_identification:_identify(src) by extensions ['python_setup_py']
[0.255s] Level 1:colcon.colcon_core.package_identification:_identify(src) by extension 'python_setup_py'
[0.255s] Level 1:colcon.colcon_core.package_identification:_identify(src/rlbike) by extensions ['ignore', 'ignore_ament_install']
[0.255s] Level 1:colcon.colcon_core.package_identification:_identify(src/rlbike) by extension 'ignore'
[0.255s] Level 1:colcon.colcon_core.package_identification:_identify(src/rlbike) by extension 'ignore_ament_install'
[0.255s] Level 1:colcon.colcon_core.package_identification:_identify(src/rlbike) by extensions ['colcon_pkg']
[0.255s] Level 1:colcon.colcon_core.package_identification:_identify(src/rlbike) by extension 'colcon_pkg'
[0.256s] Level 1:colcon.colcon_core.package_identification:_identify(src/rlbike) by extensions ['colcon_meta']
[0.256s] Level 1:colcon.colcon_core.package_identification:_identify(src/rlbike) by extension 'colcon_meta'
[0.256s] Level 1:colcon.colcon_core.package_identification:_identify(src/rlbike) by extensions ['ros']
[0.256s] Level 1:colcon.colcon_core.package_identification:_identify(src/rlbike) by extension 'ros'
[0.257s] DEBUG:colcon.colcon_core.package_identification:Package 'src/rlbike' with type 'ros.ament_python' and name 'rlbike'
[0.257s] Level 1:colcon.colcon_core.package_discovery:discover_packages(recursive) using defaults
[0.257s] Level 1:colcon.colcon_core.package_discovery:discover_packages(ignore) discover
[0.257s] Level 1:colcon.colcon_core.package_discovery:discover_packages(ignore) using defaults
[0.257s] Level 1:colcon.colcon_core.package_discovery:discover_packages(path) discover
[0.257s] Level 1:colcon.colcon_core.package_discovery:discover_packages(path) using defaults
[0.271s] Level 1:colcon.colcon_core.package_discovery:discover_packages(prefix_path) check parameters
[0.271s] Level 1:colcon.colcon_core.package_discovery:discover_packages(prefix_path) discover
[0.272s] DEBUG:colcon.colcon_installed_package_information.package_discovery:Found 1 installed packages in /home/ptlab/ros2_rlbike/install
[0.273s] DEBUG:colcon.colcon_installed_package_information.package_discovery:Found 227 installed packages in /opt/ros/eloquent
[0.275s] Level 1:colcon.colcon_core.package_discovery:discover_packages(prefix_path) using defaults
[0.317s] Level 5:colcon.colcon_core.verb:set package 'rlbike' build argument 'cmake_args' from command line to 'None'
[0.317s] Level 5:colcon.colcon_core.verb:set package 'rlbike' build argument 'cmake_target' from command line to 'None'
[0.317s] Level 5:colcon.colcon_core.verb:set package 'rlbike' build argument 'cmake_target_skip_unavailable' from command line to 'False'
[0.317s] Level 5:colcon.colcon_core.verb:set package 'rlbike' build argument 'cmake_clean_cache' from command line to 'False'
[0.317s] Level 5:colcon.colcon_core.verb:set package 'rlbike' build argument 'cmake_clean_first' from command line to 'False'
[0.317s] Level 5:colcon.colcon_core.verb:set package 'rlbike' build argument 'cmake_force_configure' from command line to 'False'
[0.317s] Level 5:colcon.colcon_core.verb:set package 'rlbike' build argument 'ament_cmake_args' from command line to 'None'
[0.317s] Level 5:colcon.colcon_core.verb:set package 'rlbike' build argument 'catkin_cmake_args' from command line to 'None'
[0.317s] Level 5:colcon.colcon_core.verb:set package 'rlbike' build argument 'catkin_skip_building_tests' from command line to 'False'
[0.317s] DEBUG:colcon.colcon_core.verb:Building package 'rlbike' with the following arguments: {'ament_cmake_args': None, 'build_base': '/home/ptlab/ros2_rlbike/build/rlbike', 'catkin_cmake_args': None, 'catkin_skip_building_tests': False, 'cmake_args': None, 'cmake_clean_cache': False, 'cmake_clean_first': False, 'cmake_force_configure': False, 'cmake_target': None, 'cmake_target_skip_unavailable': False, 'install_base': '/home/ptlab/ros2_rlbike/install/rlbike', 'merge_install': False, 'path': '/home/ptlab/ros2_rlbike/src/rlbike', 'symlink_install': False, 'test_result_base': None}
[0.317s] INFO:colcon.colcon_core.executor:Executing jobs using 'parallel' executor
[0.319s] DEBUG:colcon.colcon_parallel_executor.executor.parallel:run_until_complete
[0.319s] INFO:colcon.colcon_ros.task.ament_python.build:Building ROS package in '/home/ptlab/ros2_rlbike/src/rlbike' with build type 'ament_python'
[0.319s] Level 1:colcon.colcon_core.shell:create_environment_hook('rlbike', 'ament_prefix_path')
[0.322s] INFO:colcon.colcon_core.plugin_system:Skipping extension 'colcon_core.shell.bat': Not used on non-Windows systems
[0.322s] INFO:colcon.colcon_core.shell:Creating environment hook '/home/ptlab/ros2_rlbike/install/rlbike/share/rlbike/hook/ament_prefix_path.ps1'
[0.322s] INFO:colcon.colcon_core.shell:Creating environment descriptor '/home/ptlab/ros2_rlbike/install/rlbike/share/rlbike/hook/ament_prefix_path.dsv'
[0.322s] INFO:colcon.colcon_core.shell:Creating environment hook '/home/ptlab/ros2_rlbike/install/rlbike/share/rlbike/hook/ament_prefix_path.sh'
[0.323s] INFO:colcon.colcon_core.shell:Skip shell extension 'powershell' for command environment: Not usable outside of PowerShell
[0.323s] DEBUG:colcon.colcon_core.shell:Skip shell extension 'dsv' for command environment
[0.517s] INFO:colcon.colcon_core.task.python.build:Building Python package in '/home/ptlab/ros2_rlbike/src/rlbike'
[0.518s] INFO:colcon.colcon_core.shell:Skip shell extension 'powershell' for command environment: Not usable outside of PowerShell
[0.518s] DEBUG:colcon.colcon_core.shell:Skip shell extension 'dsv' for command environment
[0.767s] DEBUG:colcon.colcon_core.event_handler.log_command:Invoking command in '/home/ptlab/ros2_rlbike/src/rlbike': PYTHONPATH=/home/ptlab/ros2_rlbike/install/rlbike/lib/python3.6/site-packages:${PYTHONPATH} /usr/bin/python3 setup.py egg_info --egg-base ../../build/rlbike build --build-base /home/ptlab/ros2_rlbike/build/rlbike/build install --prefix /home/ptlab/ros2_rlbike/install/rlbike --record /home/ptlab/ros2_rlbike/build/rlbike/install.log --single-version-externally-managed
[0.984s] DEBUG:colcon.colcon_core.event_handler.log_command:Invoked command in '/home/ptlab/ros2_rlbike/src/rlbike' returned '0': PYTHONPATH=/home/ptlab/ros2_rlbike/install/rlbike/lib/python3.6/site-packages:${PYTHONPATH} /usr/bin/python3 setup.py egg_info --egg-base ../../build/rlbike build --build-base /home/ptlab/ros2_rlbike/build/rlbike/build install --prefix /home/ptlab/ros2_rlbike/install/rlbike --record /home/ptlab/ros2_rlbike/build/rlbike/install.log --single-version-externally-managed
[0.986s] Level 1:colcon.colcon_core.environment:checking '/home/ptlab/ros2_rlbike/install/rlbike' for CMake module files
[0.987s] Level 1:colcon.colcon_core.environment:checking '/home/ptlab/ros2_rlbike/install/rlbike' for CMake config files
[0.988s] Level 1:colcon.colcon_core.environment:checking '/home/ptlab/ros2_rlbike/install/rlbike/lib'
[0.988s] Level 1:colcon.colcon_core.environment:checking '/home/ptlab/ros2_rlbike/install/rlbike/bin'
[0.988s] Level 1:colcon.colcon_core.environment:checking '/home/ptlab/ros2_rlbike/install/rlbike/lib/pkgconfig/rlbike.pc'
[0.988s] Level 1:colcon.colcon_core.environment:checking '/home/ptlab/ros2_rlbike/install/rlbike/lib/python3.6/site-packages'
[0.988s] Level 1:colcon.colcon_core.shell:create_environment_hook('rlbike', 'pythonpath')
[0.988s] INFO:colcon.colcon_core.shell:Creating environment hook '/home/ptlab/ros2_rlbike/install/rlbike/share/rlbike/hook/pythonpath.ps1'
[0.989s] INFO:colcon.colcon_core.shell:Creating environment descriptor '/home/ptlab/ros2_rlbike/install/rlbike/share/rlbike/hook/pythonpath.dsv'
[0.989s] INFO:colcon.colcon_core.shell:Creating environment hook '/home/ptlab/ros2_rlbike/install/rlbike/share/rlbike/hook/pythonpath.sh'
[0.989s] Level 1:colcon.colcon_core.environment:checking '/home/ptlab/ros2_rlbike/install/rlbike/bin'
[0.989s] Level 1:colcon.colcon_core.environment:create_environment_scripts_only(rlbike)
[0.990s] INFO:colcon.colcon_core.shell:Creating package script '/home/ptlab/ros2_rlbike/install/rlbike/share/rlbike/package.ps1'
[0.990s] INFO:colcon.colcon_core.shell:Creating package descriptor '/home/ptlab/ros2_rlbike/install/rlbike/share/rlbike/package.dsv'
[0.991s] INFO:colcon.colcon_core.shell:Creating package script '/home/ptlab/ros2_rlbike/install/rlbike/share/rlbike/package.sh'
[0.991s] INFO:colcon.colcon_core.shell:Creating package script '/home/ptlab/ros2_rlbike/install/rlbike/share/rlbike/package.bash'
[0.992s] INFO:colcon.colcon_core.shell:Creating package script '/home/ptlab/ros2_rlbike/install/rlbike/share/rlbike/package.zsh'
[0.992s] Level 1:colcon.colcon_core.environment:create_file_with_runtime_dependencies(/home/ptlab/ros2_rlbike/install/rlbike/share/colcon-core/packages/rlbike)
[0.993s] DEBUG:colcon.colcon_parallel_executor.executor.parallel:closing loop
[0.993s] DEBUG:colcon.colcon_parallel_executor.executor.parallel:loop closed
[0.993s] DEBUG:colcon.colcon_parallel_executor.executor.parallel:run_until_complete finished with '0'
[0.993s] DEBUG:colcon.colcon_core.event_reactor:joining thread
[0.998s] INFO:colcon.colcon_core.plugin_system:Skipping extension 'colcon_notification.desktop_notification.terminal_notifier': Not used on non-Darwin systems
[0.998s] INFO:colcon.colcon_core.plugin_system:Skipping extension 'colcon_notification.desktop_notification.win32': Not used on non-Windows systems
[0.998s] INFO:colcon.colcon_notification.desktop_notification:Sending desktop notification using 'notify2'
[1.002s] DEBUG:colcon.colcon_core.event_reactor:joined thread
[1.003s] INFO:colcon.colcon_core.shell:Creating prefix script '/home/ptlab/ros2_rlbike/install/local_setup.ps1'
[1.003s] INFO:colcon.colcon_core.shell:Creating prefix util module '/home/ptlab/ros2_rlbike/install/_local_setup_util_ps1.py'
[1.005s] INFO:colcon.colcon_core.shell:Creating prefix chain script '/home/ptlab/ros2_rlbike/install/setup.ps1'
[1.005s] INFO:colcon.colcon_core.shell:Creating prefix script '/home/ptlab/ros2_rlbike/install/local_setup.sh'
[1.006s] INFO:colcon.colcon_core.shell:Creating prefix util module '/home/ptlab/ros2_rlbike/install/_local_setup_util_sh.py'
[1.006s] INFO:colcon.colcon_core.shell:Creating prefix chain script '/home/ptlab/ros2_rlbike/install/setup.sh'
[1.007s] INFO:colcon.colcon_core.shell:Creating prefix script '/home/ptlab/ros2_rlbike/install/local_setup.bash'
[1.007s] INFO:colcon.colcon_core.shell:Creating prefix chain script '/home/ptlab/ros2_rlbike/install/setup.bash'
[1.008s] INFO:colcon.colcon_core.shell:Creating prefix script '/home/ptlab/ros2_rlbike/install/local_setup.zsh'
[1.008s] INFO:colcon.colcon_core.shell:Creating prefix chain script '/home/ptlab/ros2_rlbike/install/setup.zsh'
