[3.498s] Invoking command in '/home/nvidia/ros2_rlbike/src/rlbike': PYTHONPATH=/home/nvidia/ros2_rlbike/install/rlbike/lib/python3.6/site-packages:${PYTHONPATH} /usr/bin/python3 setup.py egg_info --egg-base ../../build/rlbike build --build-base /home/nvidia/ros2_rlbike/build/rlbike/build install --prefix /home/nvidia/ros2_rlbike/install/rlbike --record /home/nvidia/ros2_rlbike/build/rlbike/install.log --single-version-externally-managed
[4.730s] /home/nvidia/.local/lib/python3.6/site-packages/setuptools/dist.py:726: UserWarning: Usage of dash-separated 'script-dir' will not be supported in future versions. Please use the underscore name 'script_dir' instead
[4.731s]   % (opt, underscore_opt)
[4.732s] /home/nvidia/.local/lib/python3.6/site-packages/setuptools/dist.py:726: UserWarning: Usage of dash-separated 'install-scripts' will not be supported in future versions. Please use the underscore name 'install_scripts' instead
[4.732s]   % (opt, underscore_opt)
[4.886s] running egg_info
[4.889s] writing ../../build/rlbike/rlbike.egg-info/PKG-INFO
[4.890s] writing dependency_links to ../../build/rlbike/rlbike.egg-info/dependency_links.txt
[4.892s] writing entry points to ../../build/rlbike/rlbike.egg-info/entry_points.txt
[4.893s] writing requirements to ../../build/rlbike/rlbike.egg-info/requires.txt
[4.894s] writing top-level names to ../../build/rlbike/rlbike.egg-info/top_level.txt
[4.907s] reading manifest file '../../build/rlbike/rlbike.egg-info/SOURCES.txt'
[4.912s] writing manifest file '../../build/rlbike/rlbike.egg-info/SOURCES.txt'
[4.913s] running build
[4.913s] running build_py
[4.915s] running install
[4.916s] /home/nvidia/.local/lib/python3.6/site-packages/setuptools/command/install.py:37: SetuptoolsDeprecationWarning: setup.py install is deprecated. Use build and pip and other standards-based tools.
[4.917s]   setuptools.SetuptoolsDeprecationWarning,
[4.917s] running install_lib
[4.921s] running install_data
[4.928s] running install_egg_info
[4.930s] removing '/home/nvidia/ros2_rlbike/install/rlbike/lib/python3.6/site-packages/rlbike-0.0.0-py3.6.egg-info' (and everything under it)
[4.931s] Copying ../../build/rlbike/rlbike.egg-info to /home/nvidia/ros2_rlbike/install/rlbike/lib/python3.6/site-packages/rlbike-0.0.0-py3.6.egg-info
[4.935s] running install_scripts
[5.005s] Installing listener script to /home/nvidia/ros2_rlbike/install/rlbike/lib/rlbike
[5.006s] Installing run script to /home/nvidia/ros2_rlbike/install/rlbike/lib/rlbike
[5.008s] writing list of installed files to '/home/nvidia/ros2_rlbike/build/rlbike/install.log'
[5.123s] Invoked command in '/home/nvidia/ros2_rlbike/src/rlbike' returned '0': PYTHONPATH=/home/nvidia/ros2_rlbike/install/rlbike/lib/python3.6/site-packages:${PYTHONPATH} /usr/bin/python3 setup.py egg_info --egg-base ../../build/rlbike build --build-base /home/nvidia/ros2_rlbike/build/rlbike/build install --prefix /home/nvidia/ros2_rlbike/install/rlbike --record /home/nvidia/ros2_rlbike/build/rlbike/install.log --single-version-externally-managed
