[3.536s] Invoking command in '/home/nvidia/ros2_rlbike/src/rlbike': PYTHONPATH=/home/nvidia/ros2_rlbike/install/rlbike/lib/python3.6/site-packages:${PYTHONPATH} /usr/bin/python3 setup.py egg_info --egg-base ../../build/rlbike build --build-base /home/nvidia/ros2_rlbike/build/rlbike/build install --prefix /home/nvidia/ros2_rlbike/install/rlbike --record /home/nvidia/ros2_rlbike/build/rlbike/install.log --single-version-externally-managed
[4.790s] /home/nvidia/.local/lib/python3.6/site-packages/setuptools/dist.py:726: UserWarning: Usage of dash-separated 'script-dir' will not be supported in future versions. Please use the underscore name 'script_dir' instead
[4.791s]   % (opt, underscore_opt)
[4.792s] /home/nvidia/.local/lib/python3.6/site-packages/setuptools/dist.py:726: UserWarning: Usage of dash-separated 'install-scripts' will not be supported in future versions. Please use the underscore name 'install_scripts' instead
[4.793s]   % (opt, underscore_opt)
[4.935s] running egg_info
[4.937s] writing ../../build/rlbike/rlbike.egg-info/PKG-INFO
[4.938s] writing dependency_links to ../../build/rlbike/rlbike.egg-info/dependency_links.txt
[4.939s] writing entry points to ../../build/rlbike/rlbike.egg-info/entry_points.txt
[4.940s] writing requirements to ../../build/rlbike/rlbike.egg-info/requires.txt
[4.941s] writing top-level names to ../../build/rlbike/rlbike.egg-info/top_level.txt
[4.951s] reading manifest file '../../build/rlbike/rlbike.egg-info/SOURCES.txt'
[4.956s] writing manifest file '../../build/rlbike/rlbike.egg-info/SOURCES.txt'
[4.957s] running build
[4.957s] running build_py
[4.958s] copying rlbike/run.py -> /home/nvidia/ros2_rlbike/build/rlbike/build/lib/rlbike
[4.960s] running install
[4.960s] /home/nvidia/.local/lib/python3.6/site-packages/setuptools/command/install.py:37: SetuptoolsDeprecationWarning: setup.py install is deprecated. Use build and pip and other standards-based tools.
[4.961s]   setuptools.SetuptoolsDeprecationWarning,
[4.961s] running install_lib
[4.964s] copying /home/nvidia/ros2_rlbike/build/rlbike/build/lib/rlbike/run.py -> /home/nvidia/ros2_rlbike/install/rlbike/lib/python3.6/site-packages/rlbike
[4.966s] byte-compiling /home/nvidia/ros2_rlbike/install/rlbike/lib/python3.6/site-packages/rlbike/run.py to run.cpython-36.pyc
[4.975s] running install_data
[4.977s] running install_egg_info
[4.982s] removing '/home/nvidia/ros2_rlbike/install/rlbike/lib/python3.6/site-packages/rlbike-0.0.0-py3.6.egg-info' (and everything under it)
[4.983s] Copying ../../build/rlbike/rlbike.egg-info to /home/nvidia/ros2_rlbike/install/rlbike/lib/python3.6/site-packages/rlbike-0.0.0-py3.6.egg-info
[4.987s] running install_scripts
[5.055s] Installing listener script to /home/nvidia/ros2_rlbike/install/rlbike/lib/rlbike
[5.056s] Installing run script to /home/nvidia/ros2_rlbike/install/rlbike/lib/rlbike
[5.057s] writing list of installed files to '/home/nvidia/ros2_rlbike/build/rlbike/install.log'
[5.194s] Invoked command in '/home/nvidia/ros2_rlbike/src/rlbike' returned '0': PYTHONPATH=/home/nvidia/ros2_rlbike/install/rlbike/lib/python3.6/site-packages:${PYTHONPATH} /usr/bin/python3 setup.py egg_info --egg-base ../../build/rlbike build --build-base /home/nvidia/ros2_rlbike/build/rlbike/build install --prefix /home/nvidia/ros2_rlbike/install/rlbike --record /home/nvidia/ros2_rlbike/build/rlbike/install.log --single-version-externally-managed
